{"/Users/criss/Desktop/kata/identity-ocr-liveness-kata-node/src/app.ts": {"path":"/Users/criss/Desktop/kata/identity-ocr-liveness-kata-node/src/app.ts","statementMap":{"0":{"start":{"line":1,"column":0},"end":{"line":1,"column":30}},"1":{"start":{"line":2,"column":0},"end":{"line":2,"column":24}},"2":{"start":{"line":3,"column":0},"end":{"line":3,"column":28}},"3":{"start":{"line":4,"column":0},"end":{"line":4,"column":43}},"4":{"start":{"line":5,"column":0},"end":{"line":5,"column":28}},"5":{"start":{"line":6,"column":0},"end":{"line":6,"column":38}},"6":{"start":{"line":7,"column":0},"end":{"line":7,"column":38}},"7":{"start":{"line":8,"column":0},"end":{"line":8,"column":36}},"8":{"start":{"line":9,"column":0},"end":{"line":9,"column":46}},"9":{"start":{"line":10,"column":0},"end":{"line":10,"column":44}},"10":{"start":{"line":11,"column":0},"end":{"line":11,"column":54}},"11":{"start":{"line":12,"column":0},"end":{"line":12,"column":42}},"12":{"start":{"line":13,"column":0},"end":{"line":13,"column":58}},"13":{"start":{"line":14,"column":0},"end":{"line":14,"column":44}},"14":{"start":{"line":15,"column":0},"end":{"line":15,"column":48}},"15":{"start":{"line":16,"column":0},"end":{"line":16,"column":101}},"16":{"start":{"line":18,"column":12},"end":{"line":18,"column":21}},"17":{"start":{"line":21,"column":0},"end":{"line":31,"column":3}},"18":{"start":{"line":22,"column":16},"end":{"line":22,"column":26}},"19":{"start":{"line":23,"column":2},"end":{"line":29,"column":5}},"20":{"start":{"line":24,"column":21},"end":{"line":24,"column":39}},"21":{"start":{"line":25,"column":18},"end":{"line":25,"column":55}},"22":{"start":{"line":26,"column":4},"end":{"line":28,"column":25}},"23":{"start":{"line":30,"column":2},"end":{"line":30,"column":9}},"24":{"start":{"line":34,"column":0},"end":{"line":34,"column":18}},"25":{"start":{"line":35,"column":0},"end":{"line":35,"column":45}},"26":{"start":{"line":36,"column":0},"end":{"line":36,"column":24}},"27":{"start":{"line":37,"column":0},"end":{"line":37,"column":48}},"28":{"start":{"line":40,"column":0},"end":{"line":51,"column":2}},"29":{"start":{"line":54,"column":16},"end":{"line":59,"column":2}},"30":{"start":{"line":60,"column":0},"end":{"line":60,"column":17}},"31":{"start":{"line":63,"column":0},"end":{"line":69,"column":2}},"32":{"start":{"line":66,"column":34},"end":{"line":66,"column":61}},"33":{"start":{"line":72,"column":0},"end":{"line":72,"column":33}},"34":{"start":{"line":73,"column":0},"end":{"line":73,"column":31}},"35":{"start":{"line":74,"column":0},"end":{"line":74,"column":41}},"36":{"start":{"line":75,"column":0},"end":{"line":75,"column":29}},"37":{"start":{"line":76,"column":0},"end":{"line":76,"column":45}},"38":{"start":{"line":77,"column":0},"end":{"line":77,"column":31}},"39":{"start":{"line":78,"column":0},"end":{"line":78,"column":35}},"40":{"start":{"line":81,"column":0},"end":{"line":84,"column":3}},"41":{"start":{"line":82,"column":2},"end":{"line":82,"column":59}},"42":{"start":{"line":83,"column":2},"end":{"line":83,"column":45}},"43":{"start":{"line":87,"column":0},"end":{"line":92,"column":3}},"44":{"start":{"line":88,"column":2},"end":{"line":91,"column":5}},"45":{"start":{"line":95,"column":0},"end":{"line":97,"column":3}},"46":{"start":{"line":96,"column":2},"end":{"line":96,"column":29}},"47":{"start":{"line":99,"column":0},"end":{"line":99,"column":19}}},"fnMap":{"0":{"name":"(anonymous_1)","decl":{"start":{"line":21,"column":8},"end":{"line":21,"column":9}},"loc":{"start":{"line":21,"column":27},"end":{"line":31,"column":1}}},"1":{"name":"(anonymous_2)","decl":{"start":{"line":23,"column":19},"end":{"line":23,"column":22}},"loc":{"start":{"line":23,"column":24},"end":{"line":29,"column":3}}},"2":{"name":"(anonymous_3)","decl":{"start":{"line":66,"column":13},"end":{"line":66,"column":14}},"loc":{"start":{"line":66,"column":34},"end":{"line":66,"column":61}}},"3":{"name":"(anonymous_4)","decl":{"start":{"line":81,"column":20},"end":{"line":81,"column":25}},"loc":{"start":{"line":81,"column":39},"end":{"line":84,"column":1}}},"4":{"name":"(anonymous_5)","decl":{"start":{"line":87,"column":13},"end":{"line":87,"column":14}},"loc":{"start":{"line":87,"column":26},"end":{"line":92,"column":1}}},"5":{"name":"(anonymous_6)","decl":{"start":{"line":95,"column":19},"end":{"line":95,"column":20}},"loc":{"start":{"line":95,"column":32},"end":{"line":97,"column":1}}}},"branchMap":{"0":{"loc":{"start":{"line":25,"column":18},"end":{"line":25,"column":55}},"type":"cond-expr","locations":[{"start":{"line":25,"column":30},"end":{"line":25,"column":44}},{"start":{"line":25,"column":47},"end":{"line":25,"column":55}}]}},"s":{"0":3,"1":3,"2":3,"3":3,"4":3,"5":3,"6":3,"7":3,"8":3,"9":3,"10":3,"11":3,"12":3,"13":3,"14":3,"15":3,"16":3,"17":3,"18":7,"19":7,"20":7,"21":7,"22":7,"23":7,"24":3,"25":3,"26":3,"27":3,"28":3,"29":3,"30":3,"31":3,"32":7,"33":3,"34":3,"35":3,"36":3,"37":3,"38":3,"39":3,"40":3,"41":0,"42":0,"43":3,"44":1,"45":3,"46":4,"47":3},"f":{"0":7,"1":7,"2":7,"3":0,"4":1,"5":4},"b":{"0":[7,0]}}
,"/Users/criss/Desktop/kata/identity-ocr-liveness-kata-node/src/config/database.ts": {"path":"/Users/criss/Desktop/kata/identity-ocr-liveness-kata-node/src/config/database.ts","statementMap":{"0":{"start":{"line":1,"column":0},"end":{"line":1,"column":38}},"1":{"start":{"line":2,"column":0},"end":{"line":2,"column":24}},"2":{"start":{"line":3,"column":0},"end":{"line":3,"column":37}},"3":{"start":{"line":5,"column":15},"end":{"line":5,"column":60}},"4":{"start":{"line":7,"column":13},"end":{"line":11,"column":3}},"5":{"start":{"line":10,"column":20},"end":{"line":10,"column":37}},"6":{"start":{"line":13,"column":28},"end":{"line":23,"column":1}},"7":{"start":{"line":14,"column":2},"end":{"line":22,"column":3}},"8":{"start":{"line":15,"column":4},"end":{"line":15,"column":35}},"9":{"start":{"line":16,"column":4},"end":{"line":16,"column":65}},"10":{"start":{"line":18,"column":4},"end":{"line":18,"column":27}},"11":{"start":{"line":19,"column":4},"end":{"line":19,"column":43}},"12":{"start":{"line":21,"column":4},"end":{"line":21,"column":62}},"13":{"start":{"line":13,"column":13},"end":{"line":13,"column":28}}},"fnMap":{"0":{"name":"(anonymous_1)","decl":{"start":{"line":10,"column":11},"end":{"line":10,"column":12}},"loc":{"start":{"line":10,"column":20},"end":{"line":10,"column":37}}},"1":{"name":"(anonymous_2)","decl":{"start":{"line":13,"column":28},"end":{"line":13,"column":33}},"loc":{"start":{"line":13,"column":39},"end":{"line":23,"column":1}}}},"branchMap":{},"s":{"0":3,"1":3,"2":3,"3":3,"4":3,"5":0,"6":3,"7":0,"8":0,"9":0,"10":0,"11":0,"12":0,"13":3},"f":{"0":0,"1":0},"b":{}}
,"/Users/criss/Desktop/kata/identity-ocr-liveness-kata-node/src/config/env.ts": {"path":"/Users/criss/Desktop/kata/identity-ocr-liveness-kata-node/src/config/env.ts","statementMap":{"0":{"start":{"line":1,"column":0},"end":{"line":1,"column":28}},"1":{"start":{"line":3,"column":0},"end":{"line":3,"column":16}},"2":{"start":{"line":5,"column":13},"end":{"line":28,"column":2}}},"fnMap":{},"branchMap":{"0":{"loc":{"start":{"line":6,"column":8},"end":{"line":6,"column":32}},"type":"binary-expr","locations":[{"start":{"line":6,"column":8},"end":{"line":6,"column":24}},{"start":{"line":6,"column":28},"end":{"line":6,"column":32}}]},"1":{"loc":{"start":{"line":7,"column":11},"end":{"line":7,"column":48}},"type":"binary-expr","locations":[{"start":{"line":7,"column":11},"end":{"line":7,"column":31}},{"start":{"line":7,"column":35},"end":{"line":7,"column":48}}]},"2":{"loc":{"start":{"line":8,"column":12},"end":{"line":8,"column":43}},"type":"binary-expr","locations":[{"start":{"line":8,"column":12},"end":{"line":8,"column":33}},{"start":{"line":8,"column":37},"end":{"line":8,"column":43}}]},"3":{"loc":{"start":{"line":9,"column":14},"end":{"line":9,"column":44}},"type":"binary-expr","locations":[{"start":{"line":9,"column":14},"end":{"line":9,"column":37}},{"start":{"line":9,"column":41},"end":{"line":9,"column":44}}]},"4":{"loc":{"start":{"line":11,"column":12},"end":{"line":11,"column":54}},"type":"binary-expr","locations":[{"start":{"line":11,"column":12},"end":{"line":11,"column":34}},{"start":{"line":11,"column":38},"end":{"line":11,"column":54}}]},"5":{"loc":{"start":{"line":12,"column":15},"end":{"line":12,"column":49}},"type":"binary-expr","locations":[{"start":{"line":12,"column":15},"end":{"line":12,"column":41}},{"start":{"line":12,"column":45},"end":{"line":12,"column":49}}]},"6":{"loc":{"start":{"line":13,"column":19},"end":{"line":13,"column":79}},"type":"binary-expr","locations":[{"start":{"line":13,"column":19},"end":{"line":13,"column":51}},{"start":{"line":13,"column":55},"end":{"line":13,"column":79}}]},"7":{"loc":{"start":{"line":14,"column":22},"end":{"line":14,"column":66}},"type":"binary-expr","locations":[{"start":{"line":14,"column":22},"end":{"line":14,"column":58}},{"start":{"line":14,"column":62},"end":{"line":14,"column":66}}]},"8":{"loc":{"start":{"line":17,"column":12},"end":{"line":17,"column":80}},"type":"binary-expr","locations":[{"start":{"line":17,"column":12},"end":{"line":17,"column":42}},{"start":{"line":17,"column":46},"end":{"line":17,"column":80}}]},"9":{"loc":{"start":{"line":18,"column":19},"end":{"line":18,"column":73}},"type":"binary-expr","locations":[{"start":{"line":18,"column":19},"end":{"line":18,"column":45}},{"start":{"line":18,"column":49},"end":{"line":18,"column":73}}]},"10":{"loc":{"start":{"line":21,"column":14},"end":{"line":21,"column":50}},"type":"binary-expr","locations":[{"start":{"line":21,"column":14},"end":{"line":21,"column":38}},{"start":{"line":21,"column":42},"end":{"line":21,"column":50}}]},"11":{"loc":{"start":{"line":22,"column":18},"end":{"line":22,"column":50}},"type":"binary-expr","locations":[{"start":{"line":22,"column":18},"end":{"line":22,"column":44}},{"start":{"line":22,"column":48},"end":{"line":22,"column":50}}]},"12":{"loc":{"start":{"line":23,"column":21},"end":{"line":23,"column":56}},"type":"binary-expr","locations":[{"start":{"line":23,"column":21},"end":{"line":23,"column":50}},{"start":{"line":23,"column":54},"end":{"line":23,"column":56}}]},"13":{"loc":{"start":{"line":24,"column":11},"end":{"line":24,"column":51}},"type":"binary-expr","locations":[{"start":{"line":24,"column":11},"end":{"line":24,"column":32}},{"start":{"line":24,"column":36},"end":{"line":24,"column":51}}]},"14":{"loc":{"start":{"line":25,"column":28},"end":{"line":25,"column":64}},"type":"binary-expr","locations":[{"start":{"line":25,"column":28},"end":{"line":25,"column":55}},{"start":{"line":25,"column":59},"end":{"line":25,"column":64}}]},"15":{"loc":{"start":{"line":26,"column":24},"end":{"line":26,"column":60}},"type":"binary-expr","locations":[{"start":{"line":26,"column":24},"end":{"line":26,"column":50}},{"start":{"line":26,"column":54},"end":{"line":26,"column":60}}]}},"s":{"0":5,"1":5,"2":5},"f":{},"b":{"0":[5,0],"1":[5,0],"2":[5,0],"3":[5,0],"4":[5,0],"5":[5,0],"6":[5,0],"7":[5,0],"8":[5,0],"9":[5,0],"10":[5,5],"11":[5,5],"12":[5,5],"13":[5,5],"14":[5,5],"15":[5,5]}}
,"/Users/criss/Desktop/kata/identity-ocr-liveness-kata-node/src/config/ocr.config.ts": {"path":"/Users/criss/Desktop/kata/identity-ocr-liveness-kata-node/src/config/ocr.config.ts","statementMap":{"0":{"start":{"line":3,"column":13},"end":{"line":12,"column":2}}},"fnMap":{},"branchMap":{"0":{"loc":{"start":{"line":9,"column":10},"end":{"line":9,"column":47}},"type":"binary-expr","locations":[{"start":{"line":9,"column":10},"end":{"line":9,"column":32}},{"start":{"line":9,"column":36},"end":{"line":9,"column":47}}]},"1":{"loc":{"start":{"line":10,"column":19},"end":{"line":10,"column":51}},"type":"binary-expr","locations":[{"start":{"line":10,"column":19},"end":{"line":10,"column":41}},{"start":{"line":10,"column":45},"end":{"line":10,"column":51}}]}},"s":{"0":3},"f":{},"b":{"0":[3,3],"1":[3,3]}}
,"/Users/criss/Desktop/kata/identity-ocr-liveness-kata-node/src/controllers/auth.controller.ts": {"path":"/Users/criss/Desktop/kata/identity-ocr-liveness-kata-node/src/controllers/auth.controller.ts","statementMap":{"0":{"start":{"line":2,"column":0},"end":{"line":2,"column":55}},"1":{"start":{"line":3,"column":0},"end":{"line":3,"column":37}},"2":{"start":{"line":7,"column":4},"end":{"line":20,"column":5}},"3":{"start":{"line":8,"column":19},"end":{"line":8,"column":55}},"4":{"start":{"line":9,"column":6},"end":{"line":16,"column":9}},"5":{"start":{"line":18,"column":6},"end":{"line":18,"column":59}},"6":{"start":{"line":19,"column":6},"end":{"line":19,"column":53}},"7":{"start":{"line":24,"column":4},"end":{"line":30,"column":5}},"8":{"start":{"line":25,"column":21},"end":{"line":25,"column":54}},"9":{"start":{"line":26,"column":6},"end":{"line":26,"column":23}},"10":{"start":{"line":28,"column":6},"end":{"line":28,"column":52}},"11":{"start":{"line":29,"column":6},"end":{"line":29,"column":53}},"12":{"start":{"line":34,"column":4},"end":{"line":40,"column":5}},"13":{"start":{"line":35,"column":31},"end":{"line":35,"column":39}},"14":{"start":{"line":36,"column":26},"end":{"line":36,"column":70}},"15":{"start":{"line":37,"column":6},"end":{"line":37,"column":32}},"16":{"start":{"line":39,"column":6},"end":{"line":39,"column":53}},"17":{"start":{"line":44,"column":4},"end":{"line":50,"column":5}},"18":{"start":{"line":45,"column":31},"end":{"line":45,"column":39}},"19":{"start":{"line":46,"column":6},"end":{"line":46,"column":45}},"20":{"start":{"line":47,"column":6},"end":{"line":47,"column":67}},"21":{"start":{"line":49,"column":6},"end":{"line":49,"column":53}},"22":{"start":{"line":5,"column":0},"end":{"line":5,"column":13}}},"fnMap":{"0":{"name":"(anonymous_1)","decl":{"start":{"line":6,"column":2},"end":{"line":6,"column":8}},"loc":{"start":{"line":6,"column":51},"end":{"line":21,"column":3}}},"1":{"name":"(anonymous_2)","decl":{"start":{"line":23,"column":2},"end":{"line":23,"column":8}},"loc":{"start":{"line":23,"column":48},"end":{"line":31,"column":3}}},"2":{"name":"(anonymous_3)","decl":{"start":{"line":33,"column":2},"end":{"line":33,"column":8}},"loc":{"start":{"line":33,"column":55},"end":{"line":41,"column":3}}},"3":{"name":"(anonymous_4)","decl":{"start":{"line":43,"column":2},"end":{"line":43,"column":8}},"loc":{"start":{"line":43,"column":49},"end":{"line":51,"column":3}}}},"branchMap":{},"s":{"0":3,"1":3,"2":0,"3":0,"4":0,"5":0,"6":0,"7":0,"8":0,"9":0,"10":0,"11":0,"12":0,"13":0,"14":0,"15":0,"16":0,"17":0,"18":0,"19":0,"20":0,"21":0,"22":3},"f":{"0":0,"1":0,"2":0,"3":0},"b":{}}
,"/Users/criss/Desktop/kata/identity-ocr-liveness-kata-node/src/controllers/liveness.controller.ts": {"path":"/Users/criss/Desktop/kata/identity-ocr-liveness-kata-node/src/controllers/liveness.controller.ts","statementMap":{"0":{"start":{"line":2,"column":0},"end":{"line":2,"column":63}},"1":{"start":{"line":3,"column":0},"end":{"line":3,"column":37}},"2":{"start":{"line":7,"column":4},"end":{"line":23,"column":5}},"3":{"start":{"line":8,"column":21},"end":{"line":8,"column":46}},"4":{"start":{"line":9,"column":6},"end":{"line":12,"column":7}},"5":{"start":{"line":10,"column":8},"end":{"line":10,"column":58}},"6":{"start":{"line":11,"column":8},"end":{"line":11,"column":15}},"7":{"start":{"line":14,"column":22},"end":{"line":14,"column":65}},"8":{"start":{"line":15,"column":6},"end":{"line":19,"column":9}},"9":{"start":{"line":21,"column":6},"end":{"line":21,"column":61}},"10":{"start":{"line":22,"column":6},"end":{"line":22,"column":65}},"11":{"start":{"line":27,"column":4},"end":{"line":51,"column":5}},"12":{"start":{"line":28,"column":28},"end":{"line":28,"column":36}},"13":{"start":{"line":29,"column":19},"end":{"line":29,"column":27}},"14":{"start":{"line":31,"column":6},"end":{"line":34,"column":7}},"15":{"start":{"line":32,"column":8},"end":{"line":32,"column":68}},"16":{"start":{"line":33,"column":8},"end":{"line":33,"column":15}},"17":{"start":{"line":36,"column":6},"end":{"line":39,"column":7}},"18":{"start":{"line":37,"column":8},"end":{"line":37,"column":69}},"19":{"start":{"line":38,"column":8},"end":{"line":38,"column":15}},"20":{"start":{"line":41,"column":21},"end":{"line":41,"column":79}},"21":{"start":{"line":43,"column":6},"end":{"line":46,"column":9}},"22":{"start":{"line":49,"column":6},"end":{"line":49,"column":52}},"23":{"start":{"line":50,"column":6},"end":{"line":50,"column":87}},"24":{"start":{"line":55,"column":4},"end":{"line":68,"column":5}},"25":{"start":{"line":56,"column":21},"end":{"line":56,"column":31}},"26":{"start":{"line":57,"column":22},"end":{"line":57,"column":58}},"27":{"start":{"line":59,"column":6},"end":{"line":62,"column":7}},"28":{"start":{"line":60,"column":8},"end":{"line":60,"column":63}},"29":{"start":{"line":61,"column":8},"end":{"line":61,"column":15}},"30":{"start":{"line":64,"column":6},"end":{"line":64,"column":24}},"31":{"start":{"line":66,"column":6},"end":{"line":66,"column":51}},"32":{"start":{"line":67,"column":6},"end":{"line":67,"column":65}},"33":{"start":{"line":5,"column":0},"end":{"line":5,"column":13}}},"fnMap":{"0":{"name":"(anonymous_1)","decl":{"start":{"line":6,"column":2},"end":{"line":6,"column":8}},"loc":{"start":{"line":6,"column":55},"end":{"line":24,"column":3}}},"1":{"name":"(anonymous_2)","decl":{"start":{"line":26,"column":2},"end":{"line":26,"column":8}},"loc":{"start":{"line":26,"column":56},"end":{"line":52,"column":3}}},"2":{"name":"(anonymous_3)","decl":{"start":{"line":54,"column":2},"end":{"line":54,"column":8}},"loc":{"start":{"line":54,"column":53},"end":{"line":69,"column":3}}}},"branchMap":{"0":{"loc":{"start":{"line":8,"column":21},"end":{"line":8,"column":46}},"type":"cond-expr","locations":[{"start":{"line":8,"column":38},"end":{"line":8,"column":40}},{"start":{"line":8,"column":38},"end":{"line":8,"column":46}}]},"1":{"loc":{"start":{"line":8,"column":21},"end":{"line":8,"column":40}},"type":"binary-expr","locations":[{"start":{"line":8,"column":21},"end":{"line":8,"column":40}},{"start":{"line":8,"column":38},"end":{"line":8,"column":40}}]},"2":{"loc":{"start":{"line":9,"column":6},"end":{"line":12,"column":7}},"type":"if","locations":[{"start":{"line":9,"column":6},"end":{"line":12,"column":7}},{"start":{},"end":{}}]},"3":{"loc":{"start":{"line":31,"column":6},"end":{"line":34,"column":7}},"type":"if","locations":[{"start":{"line":31,"column":6},"end":{"line":34,"column":7}},{"start":{},"end":{}}]},"4":{"loc":{"start":{"line":36,"column":6},"end":{"line":39,"column":7}},"type":"if","locations":[{"start":{"line":36,"column":6},"end":{"line":39,"column":7}},{"start":{},"end":{}}]},"5":{"loc":{"start":{"line":59,"column":6},"end":{"line":62,"column":7}},"type":"if","locations":[{"start":{"line":59,"column":6},"end":{"line":62,"column":7}},{"start":{},"end":{}}]}},"s":{"0":3,"1":3,"2":0,"3":0,"4":0,"5":0,"6":0,"7":0,"8":0,"9":0,"10":0,"11":0,"12":0,"13":0,"14":0,"15":0,"16":0,"17":0,"18":0,"19":0,"20":0,"21":0,"22":0,"23":0,"24":0,"25":0,"26":0,"27":0,"28":0,"29":0,"30":0,"31":0,"32":0,"33":3},"f":{"0":0,"1":0,"2":0},"b":{"0":[0,0],"1":[0,0],"2":[0,0],"3":[0,0],"4":[0,0],"5":[0,0]}}
,"/Users/criss/Desktop/kata/identity-ocr-liveness-kata-node/src/controllers/llm.controller.ts": {"path":"/Users/criss/Desktop/kata/identity-ocr-liveness-kata-node/src/controllers/llm.controller.ts","statementMap":{"0":{"start":{"line":2,"column":0},"end":{"line":2,"column":83}},"1":{"start":{"line":3,"column":0},"end":{"line":3,"column":77}},"2":{"start":{"line":4,"column":0},"end":{"line":4,"column":37}},"3":{"start":{"line":6,"column":24},"end":{"line":6,"column":53}},"4":{"start":{"line":10,"column":4},"end":{"line":21,"column":5}},"5":{"start":{"line":11,"column":26},"end":{"line":11,"column":34}},"6":{"start":{"line":12,"column":6},"end":{"line":14,"column":7}},"7":{"start":{"line":13,"column":8},"end":{"line":13,"column":70}},"8":{"start":{"line":16,"column":23},"end":{"line":16,"column":76}},"9":{"start":{"line":17,"column":6},"end":{"line":17,"column":25}},"10":{"start":{"line":19,"column":6},"end":{"line":19,"column":69}},"11":{"start":{"line":20,"column":6},"end":{"line":20,"column":63}},"12":{"start":{"line":25,"column":4},"end":{"line":36,"column":5}},"13":{"start":{"line":26,"column":42},"end":{"line":26,"column":50}},"14":{"start":{"line":27,"column":6},"end":{"line":29,"column":7}},"15":{"start":{"line":28,"column":8},"end":{"line":28,"column":90}},"16":{"start":{"line":31,"column":25},"end":{"line":31,"column":91}},"17":{"start":{"line":32,"column":6},"end":{"line":32,"column":27}},"18":{"start":{"line":34,"column":6},"end":{"line":34,"column":73}},"19":{"start":{"line":35,"column":6},"end":{"line":35,"column":63}},"20":{"start":{"line":40,"column":4},"end":{"line":55,"column":5}},"21":{"start":{"line":41,"column":23},"end":{"line":41,"column":31}},"22":{"start":{"line":43,"column":31},"end":{"line":43,"column":131}},"23":{"start":{"line":44,"column":30},"end":{"line":44,"column":89}},"24":{"start":{"line":44,"column":61},"end":{"line":44,"column":88}},"25":{"start":{"line":46,"column":8},"end":{"line":48,"column":9}},"26":{"start":{"line":47,"column":13},"end":{"line":47,"column":111}},"27":{"start":{"line":50,"column":27},"end":{"line":50,"column":75}},"28":{"start":{"line":51,"column":8},"end":{"line":51,"column":29}},"29":{"start":{"line":53,"column":8},"end":{"line":53,"column":74}},"30":{"start":{"line":54,"column":8},"end":{"line":54,"column":65}},"31":{"start":{"line":8,"column":0},"end":{"line":8,"column":13}}},"fnMap":{"0":{"name":"(anonymous_1)","decl":{"start":{"line":9,"column":2},"end":{"line":9,"column":8}},"loc":{"start":{"line":9,"column":58},"end":{"line":22,"column":3}}},"1":{"name":"(anonymous_2)","decl":{"start":{"line":24,"column":2},"end":{"line":24,"column":8}},"loc":{"start":{"line":24,"column":62},"end":{"line":37,"column":3}}},"2":{"name":"(anonymous_3)","decl":{"start":{"line":39,"column":2},"end":{"line":39,"column":8}},"loc":{"start":{"line":39,"column":61},"end":{"line":56,"column":3}}},"3":{"name":"(anonymous_4)","decl":{"start":{"line":44,"column":52},"end":{"line":44,"column":57}},"loc":{"start":{"line":44,"column":61},"end":{"line":44,"column":88}}}},"branchMap":{"0":{"loc":{"start":{"line":12,"column":6},"end":{"line":14,"column":7}},"type":"if","locations":[{"start":{"line":12,"column":6},"end":{"line":14,"column":7}},{"start":{},"end":{}}]},"1":{"loc":{"start":{"line":27,"column":6},"end":{"line":29,"column":7}},"type":"if","locations":[{"start":{"line":27,"column":6},"end":{"line":29,"column":7}},{"start":{},"end":{}}]},"2":{"loc":{"start":{"line":27,"column":10},"end":{"line":27,"column":37}},"type":"binary-expr","locations":[{"start":{"line":27,"column":10},"end":{"line":27,"column":18}},{"start":{"line":27,"column":22},"end":{"line":27,"column":37}}]},"3":{"loc":{"start":{"line":46,"column":8},"end":{"line":48,"column":9}},"type":"if","locations":[{"start":{"line":46,"column":8},"end":{"line":48,"column":9}},{"start":{},"end":{}}]}},"s":{"0":3,"1":3,"2":3,"3":3,"4":0,"5":0,"6":0,"7":0,"8":0,"9":0,"10":0,"11":0,"12":0,"13":0,"14":0,"15":0,"16":0,"17":0,"18":0,"19":0,"20":0,"21":0,"22":0,"23":0,"24":0,"25":0,"26":0,"27":0,"28":0,"29":0,"30":0,"31":3},"f":{"0":0,"1":0,"2":0,"3":0},"b":{"0":[0,0],"1":[0,0],"2":[0,0],"3":[0,0]}}
,"/Users/criss/Desktop/kata/identity-ocr-liveness-kata-node/src/controllers/ml.controller.ts": {"path":"/Users/criss/Desktop/kata/identity-ocr-liveness-kata-node/src/controllers/ml.controller.ts","statementMap":{"0":{"start":{"line":2,"column":0},"end":{"line":2,"column":84}},"1":{"start":{"line":3,"column":0},"end":{"line":3,"column":20}},"2":{"start":{"line":4,"column":0},"end":{"line":4,"column":37}},"3":{"start":{"line":8,"column":4},"end":{"line":32,"column":5}},"4":{"start":{"line":9,"column":6},"end":{"line":11,"column":7}},"5":{"start":{"line":10,"column":8},"end":{"line":10,"column":73}},"6":{"start":{"line":13,"column":6},"end":{"line":13,"column":80}},"7":{"start":{"line":14,"column":21},"end":{"line":14,"column":51}},"8":{"start":{"line":16,"column":21},"end":{"line":16,"column":72}},"9":{"start":{"line":19,"column":6},"end":{"line":23,"column":7}},"10":{"start":{"line":20,"column":8},"end":{"line":20,"column":37}},"11":{"start":{"line":22,"column":8},"end":{"line":22,"column":58}},"12":{"start":{"line":25,"column":6},"end":{"line":25,"column":23}},"13":{"start":{"line":27,"column":6},"end":{"line":27,"column":65}},"14":{"start":{"line":28,"column":6},"end":{"line":30,"column":7}},"15":{"start":{"line":29,"column":9},"end":{"line":29,"column":59}},"16":{"start":{"line":29,"column":15},"end":{"line":29,"column":44}},"17":{"start":{"line":31,"column":6},"end":{"line":31,"column":53}},"18":{"start":{"line":37,"column":4},"end":{"line":40,"column":7}},"19":{"start":{"line":6,"column":0},"end":{"line":6,"column":13}}},"fnMap":{"0":{"name":"(anonymous_1)","decl":{"start":{"line":7,"column":2},"end":{"line":7,"column":8}},"loc":{"start":{"line":7,"column":57},"end":{"line":33,"column":3}}},"1":{"name":"(anonymous_2)","decl":{"start":{"line":35,"column":2},"end":{"line":35,"column":8}},"loc":{"start":{"line":35,"column":59},"end":{"line":41,"column":3}}}},"branchMap":{"0":{"loc":{"start":{"line":9,"column":6},"end":{"line":11,"column":7}},"type":"if","locations":[{"start":{"line":9,"column":6},"end":{"line":11,"column":7}},{"start":{},"end":{}}]},"1":{"loc":{"start":{"line":28,"column":6},"end":{"line":30,"column":7}},"type":"if","locations":[{"start":{"line":28,"column":6},"end":{"line":30,"column":7}},{"start":{},"end":{}}]},"2":{"loc":{"start":{"line":28,"column":10},"end":{"line":28,"column":50}},"type":"binary-expr","locations":[{"start":{"line":28,"column":10},"end":{"line":28,"column":18}},{"start":{"line":28,"column":22},"end":{"line":28,"column":50}}]}},"s":{"0":3,"1":3,"2":3,"3":0,"4":0,"5":0,"6":0,"7":0,"8":0,"9":0,"10":0,"11":0,"12":0,"13":0,"14":0,"15":0,"16":0,"17":0,"18":0,"19":3},"f":{"0":0,"1":0},"b":{"0":[0,0],"1":[0,0],"2":[0,0]}}
,"/Users/criss/Desktop/kata/identity-ocr-liveness-kata-node/src/controllers/ocr.controller.ts": {"path":"/Users/criss/Desktop/kata/identity-ocr-liveness-kata-node/src/controllers/ocr.controller.ts","statementMap":{"0":{"start":{"line":2,"column":0},"end":{"line":2,"column":56}},"1":{"start":{"line":3,"column":0},"end":{"line":3,"column":83}},"2":{"start":{"line":4,"column":0},"end":{"line":4,"column":53}},"3":{"start":{"line":5,"column":0},"end":{"line":5,"column":37}},"4":{"start":{"line":11,"column":4},"end":{"line":29,"column":5}},"5":{"start":{"line":12,"column":6},"end":{"line":14,"column":7}},"6":{"start":{"line":13,"column":8},"end":{"line":13,"column":73}},"7":{"start":{"line":17,"column":25},"end":{"line":17,"column":87}},"8":{"start":{"line":18,"column":6},"end":{"line":20,"column":7}},"9":{"start":{"line":19,"column":8},"end":{"line":19,"column":66}},"10":{"start":{"line":23,"column":21},"end":{"line":23,"column":65}},"11":{"start":{"line":25,"column":6},"end":{"line":25,"column":23}},"12":{"start":{"line":27,"column":6},"end":{"line":27,"column":59}},"13":{"start":{"line":28,"column":6},"end":{"line":28,"column":53}},"14":{"start":{"line":34,"column":4},"end":{"line":56,"column":5}},"15":{"start":{"line":35,"column":6},"end":{"line":37,"column":7}},"16":{"start":{"line":36,"column":8},"end":{"line":36,"column":73}},"17":{"start":{"line":39,"column":21},"end":{"line":39,"column":61}},"18":{"start":{"line":42,"column":18},"end":{"line":45,"column":8}},"19":{"start":{"line":47,"column":6},"end":{"line":51,"column":9}},"20":{"start":{"line":54,"column":6},"end":{"line":54,"column":52}},"21":{"start":{"line":55,"column":6},"end":{"line":55,"column":53}},"22":{"start":{"line":60,"column":4},"end":{"line":81,"column":5}},"23":{"start":{"line":61,"column":21},"end":{"line":61,"column":31}},"24":{"start":{"line":62,"column":18},"end":{"line":62,"column":43}},"25":{"start":{"line":64,"column":6},"end":{"line":66,"column":7}},"26":{"start":{"line":65,"column":8},"end":{"line":65,"column":64}},"27":{"start":{"line":68,"column":20},"end":{"line":68,"column":40}},"28":{"start":{"line":69,"column":21},"end":{"line":69,"column":36}},"29":{"start":{"line":70,"column":21},"end":{"line":70,"column":37}},"30":{"start":{"line":72,"column":6},"end":{"line":77,"column":9}},"31":{"start":{"line":80,"column":6},"end":{"line":80,"column":53}},"32":{"start":{"line":7,"column":0},"end":{"line":7,"column":13}}},"fnMap":{"0":{"name":"(anonymous_1)","decl":{"start":{"line":10,"column":2},"end":{"line":10,"column":8}},"loc":{"start":{"line":10,"column":58},"end":{"line":30,"column":3}}},"1":{"name":"(anonymous_2)","decl":{"start":{"line":33,"column":2},"end":{"line":33,"column":8}},"loc":{"start":{"line":33,"column":56},"end":{"line":57,"column":3}}},"2":{"name":"(anonymous_3)","decl":{"start":{"line":59,"column":2},"end":{"line":59,"column":8}},"loc":{"start":{"line":59,"column":55},"end":{"line":82,"column":3}}}},"branchMap":{"0":{"loc":{"start":{"line":12,"column":6},"end":{"line":14,"column":7}},"type":"if","locations":[{"start":{"line":12,"column":6},"end":{"line":14,"column":7}},{"start":{},"end":{}}]},"1":{"loc":{"start":{"line":18,"column":6},"end":{"line":20,"column":7}},"type":"if","locations":[{"start":{"line":18,"column":6},"end":{"line":20,"column":7}},{"start":{},"end":{}}]},"2":{"loc":{"start":{"line":35,"column":6},"end":{"line":37,"column":7}},"type":"if","locations":[{"start":{"line":35,"column":6},"end":{"line":37,"column":7}},{"start":{},"end":{}}]},"3":{"loc":{"start":{"line":39,"column":21},"end":{"line":39,"column":61}},"type":"binary-expr","locations":[{"start":{"line":39,"column":21},"end":{"line":39,"column":46}},{"start":{"line":39,"column":50},"end":{"line":39,"column":61}}]},"4":{"loc":{"start":{"line":39,"column":21},"end":{"line":39,"column":46}},"type":"cond-expr","locations":[{"start":{"line":39,"column":38},"end":{"line":39,"column":40}},{"start":{"line":39,"column":38},"end":{"line":39,"column":46}}]},"5":{"loc":{"start":{"line":39,"column":21},"end":{"line":39,"column":40}},"type":"binary-expr","locations":[{"start":{"line":39,"column":21},"end":{"line":39,"column":40}},{"start":{"line":39,"column":38},"end":{"line":39,"column":40}}]},"6":{"loc":{"start":{"line":64,"column":6},"end":{"line":66,"column":7}},"type":"if","locations":[{"start":{"line":64,"column":6},"end":{"line":66,"column":7}},{"start":{},"end":{}}]}},"s":{"0":3,"1":3,"2":3,"3":3,"4":1,"5":1,"6":0,"7":1,"8":1,"9":0,"10":1,"11":1,"12":0,"13":0,"14":0,"15":0,"16":0,"17":0,"18":0,"19":0,"20":0,"21":0,"22":0,"23":0,"24":0,"25":0,"26":0,"27":0,"28":0,"29":0,"30":0,"31":0,"32":3},"f":{"0":1,"1":0,"2":0},"b":{"0":[0,1],"1":[0,1],"2":[0,0],"3":[0,0],"4":[0,0],"5":[0,0],"6":[0,0]}}
,"/Users/criss/Desktop/kata/identity-ocr-liveness-kata-node/src/controllers/validation.controller.ts": {"path":"/Users/criss/Desktop/kata/identity-ocr-liveness-kata-node/src/controllers/validation.controller.ts","statementMap":{"0":{"start":{"line":2,"column":0},"end":{"line":2,"column":94}},"1":{"start":{"line":3,"column":0},"end":{"line":3,"column":82}},"2":{"start":{"line":8,"column":31},"end":{"line":8,"column":39}},"3":{"start":{"line":9,"column":4},"end":{"line":9,"column":92}},"4":{"start":{"line":9,"column":25},"end":{"line":9,"column":92}},"5":{"start":{"line":11,"column":19},"end":{"line":11,"column":93}},"6":{"start":{"line":12,"column":4},"end":{"line":12,"column":21}},"7":{"start":{"line":16,"column":36},"end":{"line":16,"column":44}},"8":{"start":{"line":19,"column":4},"end":{"line":21,"column":5}},"9":{"start":{"line":20,"column":8},"end":{"line":20,"column":69}},"10":{"start":{"line":23,"column":19},"end":{"line":23,"column":95}},"11":{"start":{"line":24,"column":4},"end":{"line":24,"column":21}},"12":{"start":{"line":28,"column":31},"end":{"line":28,"column":39}},"13":{"start":{"line":29,"column":19},"end":{"line":29,"column":94}},"14":{"start":{"line":30,"column":4},"end":{"line":30,"column":21}},"15":{"start":{"line":35,"column":33},"end":{"line":35,"column":41}},"16":{"start":{"line":37,"column":21},"end":{"line":37,"column":95}},"17":{"start":{"line":40,"column":6},"end":{"line":42,"column":7}},"18":{"start":{"line":41,"column":10},"end":{"line":41,"column":74}},"19":{"start":{"line":43,"column":6},"end":{"line":43,"column":39}},"20":{"start":{"line":47,"column":23},"end":{"line":47,"column":33}},"21":{"start":{"line":48,"column":19},"end":{"line":48,"column":76}},"22":{"start":{"line":49,"column":4},"end":{"line":49,"column":21}},"23":{"start":{"line":53,"column":56},"end":{"line":53,"column":64}},"24":{"start":{"line":55,"column":6},"end":{"line":57,"column":7}},"25":{"start":{"line":56,"column":10},"end":{"line":56,"column":76}},"26":{"start":{"line":59,"column":21},"end":{"line":64,"column":8}},"27":{"start":{"line":65,"column":6},"end":{"line":65,"column":23}},"28":{"start":{"line":5,"column":0},"end":{"line":5,"column":13}}},"fnMap":{"0":{"name":"(anonymous_0)","decl":{"start":{"line":7,"column":2},"end":{"line":7,"column":8}},"loc":{"start":{"line":7,"column":57},"end":{"line":13,"column":3}}},"1":{"name":"(anonymous_1)","decl":{"start":{"line":15,"column":2},"end":{"line":15,"column":8}},"loc":{"start":{"line":15,"column":59},"end":{"line":25,"column":3}}},"2":{"name":"(anonymous_2)","decl":{"start":{"line":27,"column":2},"end":{"line":27,"column":8}},"loc":{"start":{"line":27,"column":58},"end":{"line":31,"column":3}}},"3":{"name":"(anonymous_3)","decl":{"start":{"line":33,"column":2},"end":{"line":33,"column":8}},"loc":{"start":{"line":33,"column":57},"end":{"line":44,"column":3}}},"4":{"name":"(anonymous_4)","decl":{"start":{"line":46,"column":2},"end":{"line":46,"column":8}},"loc":{"start":{"line":46,"column":60},"end":{"line":50,"column":3}}},"5":{"name":"(anonymous_5)","decl":{"start":{"line":52,"column":2},"end":{"line":52,"column":8}},"loc":{"start":{"line":52,"column":53},"end":{"line":66,"column":3}}}},"branchMap":{"0":{"loc":{"start":{"line":9,"column":4},"end":{"line":9,"column":92}},"type":"if","locations":[{"start":{"line":9,"column":4},"end":{"line":9,"column":92}},{"start":{},"end":{}}]},"1":{"loc":{"start":{"line":19,"column":4},"end":{"line":21,"column":5}},"type":"if","locations":[{"start":{"line":19,"column":4},"end":{"line":21,"column":5}},{"start":{},"end":{}}]},"2":{"loc":{"start":{"line":19,"column":8},"end":{"line":19,"column":51}},"type":"binary-expr","locations":[{"start":{"line":19,"column":8},"end":{"line":19,"column":11}},{"start":{"line":19,"column":15},"end":{"line":19,"column":51}}]},"3":{"loc":{"start":{"line":40,"column":6},"end":{"line":42,"column":7}},"type":"if","locations":[{"start":{"line":40,"column":6},"end":{"line":42,"column":7}},{"start":{},"end":{}}]},"4":{"loc":{"start":{"line":55,"column":6},"end":{"line":57,"column":7}},"type":"if","locations":[{"start":{"line":55,"column":6},"end":{"line":57,"column":7}},{"start":{},"end":{}}]},"5":{"loc":{"start":{"line":55,"column":10},"end":{"line":55,"column":34}},"type":"binary-expr","locations":[{"start":{"line":55,"column":10},"end":{"line":55,"column":25}},{"start":{"line":55,"column":29},"end":{"line":55,"column":34}}]}},"s":{"0":3,"1":3,"2":0,"3":0,"4":0,"5":0,"6":0,"7":0,"8":0,"9":0,"10":0,"11":0,"12":0,"13":0,"14":0,"15":0,"16":0,"17":0,"18":0,"19":0,"20":0,"21":0,"22":0,"23":0,"24":0,"25":0,"26":0,"27":0,"28":3},"f":{"0":0,"1":0,"2":0,"3":0,"4":0,"5":0},"b":{"0":[0,0],"1":[0,0],"2":[0,0],"3":[0,0],"4":[0,0],"5":[0,0]}}
,"/Users/criss/Desktop/kata/identity-ocr-liveness-kata-node/src/database/models/blacklist.model.ts": {"path":"/Users/criss/Desktop/kata/identity-ocr-liveness-kata-node/src/database/models/blacklist.model.ts","statementMap":{"0":{"start":{"line":1,"column":0},"end":{"line":1,"column":45}},"1":{"start":{"line":2,"column":0},"end":{"line":2,"column":50}},"2":{"start":{"line":4,"column":0},"end":{"line":4,"column":13}},"3":{"start":{"line":14,"column":0},"end":{"line":48,"column":2}}},"fnMap":{},"branchMap":{},"s":{"0":3,"1":3,"2":3,"3":3},"f":{},"b":{}}
,"/Users/criss/Desktop/kata/identity-ocr-liveness-kata-node/src/database/models/document.model.ts": {"path":"/Users/criss/Desktop/kata/identity-ocr-liveness-kata-node/src/database/models/document.model.ts","statementMap":{"0":{"start":{"line":1,"column":0},"end":{"line":1,"column":45}},"1":{"start":{"line":2,"column":0},"end":{"line":2,"column":50}},"2":{"start":{"line":4,"column":0},"end":{"line":4,"column":13}},"3":{"start":{"line":17,"column":0},"end":{"line":58,"column":2}}},"fnMap":{},"branchMap":{},"s":{"0":3,"1":3,"2":3,"3":3},"f":{},"b":{}}
,"/Users/criss/Desktop/kata/identity-ocr-liveness-kata-node/src/middleware/auth.middleware.ts": {"path":"/Users/criss/Desktop/kata/identity-ocr-liveness-kata-node/src/middleware/auth.middleware.ts","statementMap":{"0":{"start":{"line":2,"column":0},"end":{"line":2,"column":31}},"1":{"start":{"line":3,"column":0},"end":{"line":3,"column":39}},"2":{"start":{"line":6,"column":33},"end":{"line":25,"column":1}},"3":{"start":{"line":11,"column":21},"end":{"line":11,"column":49}},"4":{"start":{"line":12,"column":16},"end":{"line":12,"column":54}},"5":{"start":{"line":14,"column":2},"end":{"line":16,"column":3}},"6":{"start":{"line":15,"column":4},"end":{"line":15,"column":68}},"7":{"start":{"line":18,"column":2},"end":{"line":24,"column":3}},"8":{"start":{"line":19,"column":17},"end":{"line":19,"column":70}},"9":{"start":{"line":20,"column":4},"end":{"line":20,"column":20}},"10":{"start":{"line":21,"column":4},"end":{"line":21,"column":11}},"11":{"start":{"line":23,"column":4},"end":{"line":23,"column":71}},"12":{"start":{"line":6,"column":13},"end":{"line":6,"column":33}}},"fnMap":{"0":{"name":"(anonymous_1)","decl":{"start":{"line":6,"column":33},"end":{"line":6,"column":null}},"loc":{"start":{"line":10,"column":4},"end":{"line":25,"column":1}}}},"branchMap":{"0":{"loc":{"start":{"line":12,"column":16},"end":{"line":12,"column":54}},"type":"binary-expr","locations":[{"start":{"line":12,"column":16},"end":{"line":12,"column":26}},{"start":{"line":12,"column":30},"end":{"line":12,"column":54}}]},"1":{"loc":{"start":{"line":14,"column":2},"end":{"line":16,"column":3}},"type":"if","locations":[{"start":{"line":14,"column":2},"end":{"line":16,"column":3}},{"start":{},"end":{}}]}},"s":{"0":3,"1":3,"2":3,"3":2,"4":2,"5":2,"6":1,"7":1,"8":1,"9":1,"10":1,"11":0,"12":3},"f":{"0":2},"b":{"0":[2,1],"1":[1,1]}}
,"/Users/criss/Desktop/kata/identity-ocr-liveness-kata-node/src/middleware/validation.middleware.ts": {"path":"/Users/criss/Desktop/kata/identity-ocr-liveness-kata-node/src/middleware/validation.middleware.ts","statementMap":{"0":{"start":{"line":2,"column":0},"end":{"line":2,"column":53}},"1":{"start":{"line":4,"column":31},"end":{"line":14,"column":1}},"2":{"start":{"line":9,"column":17},"end":{"line":9,"column":38}},"3":{"start":{"line":10,"column":2},"end":{"line":12,"column":3}},"4":{"start":{"line":11,"column":4},"end":{"line":11,"column":60}},"5":{"start":{"line":13,"column":2},"end":{"line":13,"column":9}},"6":{"start":{"line":4,"column":13},"end":{"line":4,"column":31}}},"fnMap":{"0":{"name":"(anonymous_0)","decl":{"start":{"line":4,"column":31},"end":{"line":4,"column":null}},"loc":{"start":{"line":8,"column":4},"end":{"line":14,"column":1}}}},"branchMap":{"0":{"loc":{"start":{"line":10,"column":2},"end":{"line":12,"column":3}},"type":"if","locations":[{"start":{"line":10,"column":2},"end":{"line":12,"column":3}},{"start":{},"end":{}}]}},"s":{"0":3,"1":3,"2":0,"3":0,"4":0,"5":0,"6":3},"f":{"0":0},"b":{"0":[0,0]}}
,"/Users/criss/Desktop/kata/identity-ocr-liveness-kata-node/src/ml/services/deepfakeDetection.service.ts": {"path":"/Users/criss/Desktop/kata/identity-ocr-liveness-kata-node/src/ml/services/deepfakeDetection.service.ts","statementMap":{"0":{"start":{"line":1,"column":0},"end":{"line":1,"column":44}},"1":{"start":{"line":2,"column":0},"end":{"line":2,"column":25}},"2":{"start":{"line":3,"column":0},"end":{"line":3,"column":24}},"3":{"start":{"line":4,"column":0},"end":{"line":4,"column":26}},"4":{"start":{"line":6,"column":0},"end":{"line":6,"column":40}},"5":{"start":{"line":13,"column":4},"end":{"line":13,"column":35}},"6":{"start":{"line":13,"column":28},"end":{"line":13,"column":35}},"7":{"start":{"line":15,"column":4},"end":{"line":28,"column":5}},"8":{"start":{"line":16,"column":24},"end":{"line":16,"column":83}},"9":{"start":{"line":18,"column":6},"end":{"line":23,"column":7}},"10":{"start":{"line":19,"column":8},"end":{"line":19,"column":69}},"11":{"start":{"line":20,"column":8},"end":{"line":20,"column":66}},"12":{"start":{"line":22,"column":8},"end":{"line":22,"column":95}},"13":{"start":{"line":25,"column":6},"end":{"line":25,"column":32}},"14":{"start":{"line":27,"column":6},"end":{"line":27,"column":59}},"15":{"start":{"line":32,"column":22},"end":{"line":32,"column":32}},"16":{"start":{"line":34,"column":4},"end":{"line":84,"column":5}},"17":{"start":{"line":35,"column":6},"end":{"line":35,"column":55}},"18":{"start":{"line":35,"column":31},"end":{"line":35,"column":55}},"19":{"start":{"line":38,"column":29},"end":{"line":42,"column":46}},"20":{"start":{"line":44,"column":18},"end":{"line":44,"column":19}},"21":{"start":{"line":45,"column":19},"end":{"line":45,"column":23}},"22":{"start":{"line":46,"column":34},"end":{"line":46,"column":36}},"23":{"start":{"line":50,"column":16},"end":{"line":50,"column":17}},"24":{"start":{"line":51,"column":18},"end":{"line":51,"column":19}},"25":{"start":{"line":52,"column":18},"end":{"line":52,"column":29}},"26":{"start":{"line":53,"column":6},"end":{"line":57,"column":7}},"27":{"start":{"line":53,"column":19},"end":{"line":53,"column":20}},"28":{"start":{"line":54,"column":20},"end":{"line":54,"column":27}},"29":{"start":{"line":55,"column":8},"end":{"line":55,"column":19}},"30":{"start":{"line":56,"column":8},"end":{"line":56,"column":27}},"31":{"start":{"line":58,"column":19},"end":{"line":58,"column":28}},"32":{"start":{"line":59,"column":23},"end":{"line":59,"column":52}},"33":{"start":{"line":60,"column":18},"end":{"line":60,"column":37}},"34":{"start":{"line":64,"column":6},"end":{"line":71,"column":7}},"35":{"start":{"line":65,"column":10},"end":{"line":65,"column":22}},"36":{"start":{"line":66,"column":10},"end":{"line":66,"column":25}},"37":{"start":{"line":67,"column":10},"end":{"line":67,"column":65}},"38":{"start":{"line":69,"column":10},"end":{"line":69,"column":48}},"39":{"start":{"line":70,"column":10},"end":{"line":70,"column":24}},"40":{"start":{"line":73,"column":6},"end":{"line":79,"column":8}},"41":{"start":{"line":82,"column":6},"end":{"line":82,"column":65}},"42":{"start":{"line":83,"column":6},"end":{"line":83,"column":68}},"43":{"start":{"line":8,"column":0},"end":{"line":8,"column":13}},"44":{"start":{"line":9,"column":17},"end":{"line":9,"column":69}},"45":{"start":{"line":10,"column":17},"end":{"line":10,"column":39}}},"fnMap":{"0":{"name":"(anonymous_10)","decl":{"start":{"line":12,"column":2},"end":{"line":12,"column":8}},"loc":{"start":{"line":12,"column":25},"end":{"line":29,"column":3}}},"1":{"name":"(anonymous_11)","decl":{"start":{"line":31,"column":2},"end":{"line":31,"column":8}},"loc":{"start":{"line":31,"column":47},"end":{"line":85,"column":3}}}},"branchMap":{"0":{"loc":{"start":{"line":13,"column":4},"end":{"line":13,"column":35}},"type":"if","locations":[{"start":{"line":13,"column":4},"end":{"line":13,"column":35}},{"start":{},"end":{}}]},"1":{"loc":{"start":{"line":18,"column":6},"end":{"line":23,"column":7}},"type":"if","locations":[{"start":{"line":18,"column":6},"end":{"line":23,"column":7}},{"start":{"line":21,"column":13},"end":{"line":23,"column":7}}]},"2":{"loc":{"start":{"line":35,"column":6},"end":{"line":35,"column":55}},"type":"if","locations":[{"start":{"line":35,"column":6},"end":{"line":35,"column":55}},{"start":{},"end":{}}]},"3":{"loc":{"start":{"line":64,"column":6},"end":{"line":71,"column":7}},"type":"if","locations":[{"start":{"line":64,"column":6},"end":{"line":71,"column":7}},{"start":{"line":68,"column":13},"end":{"line":71,"column":7}}]}},"s":{"0":3,"1":3,"2":3,"3":3,"4":3,"5":0,"6":0,"7":0,"8":0,"9":0,"10":0,"11":0,"12":0,"13":0,"14":0,"15":0,"16":0,"17":0,"18":0,"19":0,"20":0,"21":0,"22":0,"23":0,"24":0,"25":0,"26":0,"27":0,"28":0,"29":0,"30":0,"31":0,"32":0,"33":0,"34":0,"35":0,"36":0,"37":0,"38":0,"39":0,"40":0,"41":0,"42":0,"43":3,"44":3,"45":3},"f":{"0":0,"1":0},"b":{"0":[0,0],"1":[0,0],"2":[0,0],"3":[0,0]}}
,"/Users/criss/Desktop/kata/identity-ocr-liveness-kata-node/src/routes/audit.routes.ts": {"path":"/Users/criss/Desktop/kata/identity-ocr-liveness-kata-node/src/routes/audit.routes.ts","statementMap":{"0":{"start":{"line":1,"column":0},"end":{"line":1,"column":30}},"1":{"start":{"line":2,"column":0},"end":{"line":2,"column":66}},"2":{"start":{"line":3,"column":0},"end":{"line":3,"column":20}},"3":{"start":{"line":4,"column":0},"end":{"line":4,"column":24}},"4":{"start":{"line":5,"column":0},"end":{"line":5,"column":59}},"5":{"start":{"line":7,"column":15},"end":{"line":7,"column":31}},"6":{"start":{"line":10,"column":26},"end":{"line":33,"column":1}},"7":{"start":{"line":11,"column":4},"end":{"line":32,"column":7}},"8":{"start":{"line":12,"column":8},"end":{"line":12,"column":38}},"9":{"start":{"line":12,"column":26},"end":{"line":12,"column":38}},"10":{"start":{"line":13,"column":8},"end":{"line":31,"column":9}},"11":{"start":{"line":14,"column":29},"end":{"line":14,"column":45}},"12":{"start":{"line":17,"column":12},"end":{"line":20,"column":13}},"13":{"start":{"line":18,"column":38},"end":{"line":18,"column":82}},"14":{"start":{"line":19,"column":16},"end":{"line":19,"column":72}},"15":{"start":{"line":23,"column":12},"end":{"line":26,"column":13}},"16":{"start":{"line":24,"column":41},"end":{"line":24,"column":85}},"17":{"start":{"line":25,"column":16},"end":{"line":25,"column":87}},"18":{"start":{"line":28,"column":12},"end":{"line":28,"column":28}},"19":{"start":{"line":30,"column":12},"end":{"line":30,"column":24}},"20":{"start":{"line":35,"column":0},"end":{"line":56,"column":3}},"21":{"start":{"line":39,"column":19},"end":{"line":39,"column":51}},"22":{"start":{"line":40,"column":4},"end":{"line":42,"column":5}},"23":{"start":{"line":41,"column":8},"end":{"line":41,"column":38}},"24":{"start":{"line":45,"column":18},"end":{"line":47,"column":25}},"25":{"start":{"line":46,"column":21},"end":{"line":46,"column":49}},"26":{"start":{"line":49,"column":4},"end":{"line":49,"column":58}},"27":{"start":{"line":49,"column":28},"end":{"line":49,"column":58}},"28":{"start":{"line":51,"column":22},"end":{"line":51,"column":30}},"29":{"start":{"line":52,"column":20},"end":{"line":52,"column":74}},"30":{"start":{"line":54,"column":26},"end":{"line":54,"column":52}},"31":{"start":{"line":55,"column":4},"end":{"line":55,"column":55}},"32":{"start":{"line":58,"column":0},"end":{"line":73,"column":3}},"33":{"start":{"line":59,"column":19},"end":{"line":59,"column":51}},"34":{"start":{"line":60,"column":4},"end":{"line":60,"column":62}},"35":{"start":{"line":60,"column":32},"end":{"line":60,"column":62}},"36":{"start":{"line":62,"column":18},"end":{"line":64,"column":25}},"37":{"start":{"line":63,"column":21},"end":{"line":63,"column":46}},"38":{"start":{"line":66,"column":4},"end":{"line":66,"column":58}},"39":{"start":{"line":66,"column":28},"end":{"line":66,"column":58}},"40":{"start":{"line":68,"column":22},"end":{"line":68,"column":30}},"41":{"start":{"line":69,"column":20},"end":{"line":69,"column":74}},"42":{"start":{"line":71,"column":26},"end":{"line":71,"column":52}},"43":{"start":{"line":72,"column":4},"end":{"line":72,"column":55}},"44":{"start":{"line":75,"column":0},"end":{"line":75,"column":22}}},"fnMap":{"0":{"name":"(anonymous_1)","decl":{"start":{"line":10,"column":26},"end":{"line":10,"column":27}},"loc":{"start":{"line":10,"column":46},"end":{"line":33,"column":1}}},"1":{"name":"(anonymous_2)","decl":{"start":{"line":11,"column":35},"end":{"line":11,"column":39}},"loc":{"start":{"line":11,"column":42},"end":{"line":32,"column":5}}},"2":{"name":"(anonymous_3)","decl":{"start":{"line":35,"column":39},"end":{"line":35,"column":40}},"loc":{"start":{"line":35,"column":52},"end":{"line":56,"column":1}}},"3":{"name":"(anonymous_4)","decl":{"start":{"line":46,"column":16},"end":{"line":46,"column":17}},"loc":{"start":{"line":46,"column":21},"end":{"line":46,"column":49}}},"4":{"name":"(anonymous_5)","decl":{"start":{"line":58,"column":48},"end":{"line":58,"column":49}},"loc":{"start":{"line":58,"column":61},"end":{"line":73,"column":1}}},"5":{"name":"(anonymous_6)","decl":{"start":{"line":63,"column":16},"end":{"line":63,"column":17}},"loc":{"start":{"line":63,"column":21},"end":{"line":63,"column":46}}}},"branchMap":{"0":{"loc":{"start":{"line":12,"column":8},"end":{"line":12,"column":38}},"type":"if","locations":[{"start":{"line":12,"column":8},"end":{"line":12,"column":38}},{"start":{},"end":{}}]},"1":{"loc":{"start":{"line":17,"column":12},"end":{"line":20,"column":13}},"type":"if","locations":[{"start":{"line":17,"column":12},"end":{"line":20,"column":13}},{"start":{},"end":{}}]},"2":{"loc":{"start":{"line":17,"column":16},"end":{"line":17,"column":79}},"type":"binary-expr","locations":[{"start":{"line":17,"column":16},"end":{"line":17,"column":32}},{"start":{"line":17,"column":36},"end":{"line":17,"column":79}}]},"3":{"loc":{"start":{"line":23,"column":12},"end":{"line":26,"column":13}},"type":"if","locations":[{"start":{"line":23,"column":12},"end":{"line":26,"column":13}},{"start":{},"end":{}}]},"4":{"loc":{"start":{"line":23,"column":16},"end":{"line":23,"column":119}},"type":"binary-expr","locations":[{"start":{"line":23,"column":16},"end":{"line":23,"column":32}},{"start":{"line":23,"column":36},"end":{"line":23,"column":72}},{"start":{"line":23,"column":76},"end":{"line":23,"column":119}}]},"5":{"loc":{"start":{"line":40,"column":4},"end":{"line":42,"column":5}},"type":"if","locations":[{"start":{"line":40,"column":4},"end":{"line":42,"column":5}},{"start":{},"end":{}}]},"6":{"loc":{"start":{"line":49,"column":4},"end":{"line":49,"column":58}},"type":"if","locations":[{"start":{"line":49,"column":4},"end":{"line":49,"column":58}},{"start":{},"end":{}}]},"7":{"loc":{"start":{"line":60,"column":4},"end":{"line":60,"column":62}},"type":"if","locations":[{"start":{"line":60,"column":4},"end":{"line":60,"column":62}},{"start":{},"end":{}}]},"8":{"loc":{"start":{"line":66,"column":4},"end":{"line":66,"column":58}},"type":"if","locations":[{"start":{"line":66,"column":4},"end":{"line":66,"column":58}},{"start":{},"end":{}}]}},"s":{"0":3,"1":3,"2":3,"3":3,"4":3,"5":3,"6":3,"7":0,"8":0,"9":0,"10":0,"11":0,"12":0,"13":0,"14":0,"15":0,"16":0,"17":0,"18":0,"19":0,"20":3,"21":0,"22":0,"23":0,"24":0,"25":0,"26":0,"27":0,"28":0,"29":0,"30":0,"31":0,"32":3,"33":0,"34":0,"35":0,"36":0,"37":0,"38":0,"39":0,"40":0,"41":0,"42":0,"43":0,"44":3},"f":{"0":0,"1":0,"2":0,"3":0,"4":0,"5":0},"b":{"0":[0,0],"1":[0,0],"2":[0,0],"3":[0,0],"4":[0,0,0],"5":[0,0],"6":[0,0],"7":[0,0],"8":[0,0]}}
,"/Users/criss/Desktop/kata/identity-ocr-liveness-kata-node/src/routes/auth.routes.ts": {"path":"/Users/criss/Desktop/kata/identity-ocr-liveness-kata-node/src/routes/auth.routes.ts","statementMap":{"0":{"start":{"line":1,"column":0},"end":{"line":1,"column":33}},"1":{"start":{"line":2,"column":0},"end":{"line":2,"column":41}},"2":{"start":{"line":3,"column":0},"end":{"line":3,"column":64}},"3":{"start":{"line":4,"column":0},"end":{"line":4,"column":70}},"4":{"start":{"line":5,"column":0},"end":{"line":5,"column":66}},"5":{"start":{"line":7,"column":15},"end":{"line":7,"column":23}},"6":{"start":{"line":10,"column":27},"end":{"line":16,"column":2}},"7":{"start":{"line":18,"column":24},"end":{"line":21,"column":2}},"8":{"start":{"line":23,"column":31},"end":{"line":25,"column":2}},"9":{"start":{"line":28,"column":0},"end":{"line":33,"column":2}},"10":{"start":{"line":35,"column":0},"end":{"line":40,"column":2}},"11":{"start":{"line":42,"column":0},"end":{"line":47,"column":2}},"12":{"start":{"line":49,"column":0},"end":{"line":54,"column":2}},"13":{"start":{"line":57,"column":0},"end":{"line":59,"column":3}},"14":{"start":{"line":58,"column":2},"end":{"line":58,"column":31}},"15":{"start":{"line":61,"column":0},"end":{"line":61,"column":22}}},"fnMap":{"0":{"name":"(anonymous_0)","decl":{"start":{"line":57,"column":37},"end":{"line":57,"column":38}},"loc":{"start":{"line":57,"column":55},"end":{"line":59,"column":1}}}},"branchMap":{},"s":{"0":3,"1":3,"2":3,"3":3,"4":3,"5":3,"6":3,"7":3,"8":3,"9":3,"10":3,"11":3,"12":3,"13":3,"14":0,"15":3},"f":{"0":0},"b":{}}
,"/Users/criss/Desktop/kata/identity-ocr-liveness-kata-node/src/routes/liveness.routes.ts": {"path":"/Users/criss/Desktop/kata/identity-ocr-liveness-kata-node/src/routes/liveness.routes.ts","statementMap":{"0":{"start":{"line":1,"column":0},"end":{"line":1,"column":33}},"1":{"start":{"line":2,"column":0},"end":{"line":2,"column":28}},"2":{"start":{"line":3,"column":0},"end":{"line":3,"column":72}},"3":{"start":{"line":4,"column":0},"end":{"line":4,"column":66}},"4":{"start":{"line":6,"column":15},"end":{"line":6,"column":23}},"5":{"start":{"line":7,"column":15},"end":{"line":7,"column":58}},"6":{"start":{"line":9,"column":0},"end":{"line":13,"column":2}},"7":{"start":{"line":15,"column":0},"end":{"line":20,"column":2}},"8":{"start":{"line":22,"column":0},"end":{"line":26,"column":2}},"9":{"start":{"line":28,"column":0},"end":{"line":28,"column":22}}},"fnMap":{},"branchMap":{},"s":{"0":3,"1":3,"2":3,"3":3,"4":3,"5":3,"6":3,"7":3,"8":3,"9":3},"f":{},"b":{}}
,"/Users/criss/Desktop/kata/identity-ocr-liveness-kata-node/src/routes/llm.routes.ts": {"path":"/Users/criss/Desktop/kata/identity-ocr-liveness-kata-node/src/routes/llm.routes.ts","statementMap":{"0":{"start":{"line":1,"column":0},"end":{"line":1,"column":33}},"1":{"start":{"line":2,"column":0},"end":{"line":2,"column":62}},"2":{"start":{"line":3,"column":0},"end":{"line":3,"column":66}},"3":{"start":{"line":5,"column":15},"end":{"line":5,"column":23}},"4":{"start":{"line":7,"column":0},"end":{"line":7,"column":83}},"5":{"start":{"line":8,"column":0},"end":{"line":8,"column":91}},"6":{"start":{"line":9,"column":0},"end":{"line":9,"column":85}},"7":{"start":{"line":11,"column":0},"end":{"line":11,"column":22}}},"fnMap":{},"branchMap":{},"s":{"0":3,"1":3,"2":3,"3":3,"4":3,"5":3,"6":3,"7":3},"f":{},"b":{}}
,"/Users/criss/Desktop/kata/identity-ocr-liveness-kata-node/src/routes/ml.routes.ts": {"path":"/Users/criss/Desktop/kata/identity-ocr-liveness-kata-node/src/routes/ml.routes.ts","statementMap":{"0":{"start":{"line":1,"column":0},"end":{"line":1,"column":33}},"1":{"start":{"line":2,"column":0},"end":{"line":2,"column":28}},"2":{"start":{"line":3,"column":0},"end":{"line":3,"column":60}},"3":{"start":{"line":4,"column":0},"end":{"line":4,"column":66}},"4":{"start":{"line":5,"column":0},"end":{"line":5,"column":24}},"5":{"start":{"line":7,"column":15},"end":{"line":7,"column":23}},"6":{"start":{"line":10,"column":16},"end":{"line":18,"column":2}},"7":{"start":{"line":12,"column":4},"end":{"line":12,"column":25}},"8":{"start":{"line":15,"column":25},"end":{"line":15,"column":75}},"9":{"start":{"line":16,"column":4},"end":{"line":16,"column":84}},"10":{"start":{"line":20,"column":15},"end":{"line":20,"column":43}},"11":{"start":{"line":22,"column":0},"end":{"line":27,"column":2}},"12":{"start":{"line":29,"column":0},"end":{"line":34,"column":2}},"13":{"start":{"line":36,"column":0},"end":{"line":36,"column":22}}},"fnMap":{"0":{"name":"(anonymous_1)","decl":{"start":{"line":11,"column":15},"end":{"line":11,"column":16}},"loc":{"start":{"line":11,"column":33},"end":{"line":13,"column":3}}},"1":{"name":"(anonymous_2)","decl":{"start":{"line":14,"column":12},"end":{"line":14,"column":13}},"loc":{"start":{"line":14,"column":30},"end":{"line":17,"column":3}}}},"branchMap":{},"s":{"0":3,"1":3,"2":3,"3":3,"4":3,"5":3,"6":3,"7":0,"8":0,"9":0,"10":3,"11":3,"12":3,"13":3},"f":{"0":0,"1":0},"b":{}}
,"/Users/criss/Desktop/kata/identity-ocr-liveness-kata-node/src/routes/ocr.routes.ts": {"path":"/Users/criss/Desktop/kata/identity-ocr-liveness-kata-node/src/routes/ocr.routes.ts","statementMap":{"0":{"start":{"line":1,"column":0},"end":{"line":1,"column":33}},"1":{"start":{"line":2,"column":0},"end":{"line":2,"column":28}},"2":{"start":{"line":3,"column":0},"end":{"line":3,"column":62}},"3":{"start":{"line":4,"column":0},"end":{"line":4,"column":66}},"4":{"start":{"line":5,"column":0},"end":{"line":5,"column":49}},"5":{"start":{"line":6,"column":0},"end":{"line":6,"column":24}},"6":{"start":{"line":7,"column":0},"end":{"line":7,"column":36}},"7":{"start":{"line":9,"column":15},"end":{"line":9,"column":23}},"8":{"start":{"line":12,"column":16},"end":{"line":20,"column":2}},"9":{"start":{"line":14,"column":4},"end":{"line":14,"column":32}},"10":{"start":{"line":17,"column":16},"end":{"line":17,"column":47}},"11":{"start":{"line":18,"column":4},"end":{"line":18,"column":34}},"12":{"start":{"line":22,"column":15},"end":{"line":32,"column":2}},"13":{"start":{"line":26,"column":4},"end":{"line":30,"column":5}},"14":{"start":{"line":27,"column":6},"end":{"line":27,"column":21}},"15":{"start":{"line":29,"column":6},"end":{"line":29,"column":41}},"16":{"start":{"line":37,"column":0},"end":{"line":42,"column":2}},"17":{"start":{"line":45,"column":0},"end":{"line":50,"column":2}},"18":{"start":{"line":53,"column":0},"end":{"line":57,"column":2}},"19":{"start":{"line":59,"column":0},"end":{"line":59,"column":22}}},"fnMap":{"0":{"name":"(anonymous_1)","decl":{"start":{"line":13,"column":15},"end":{"line":13,"column":16}},"loc":{"start":{"line":13,"column":33},"end":{"line":15,"column":3}}},"1":{"name":"(anonymous_2)","decl":{"start":{"line":16,"column":12},"end":{"line":16,"column":13}},"loc":{"start":{"line":16,"column":30},"end":{"line":19,"column":3}}},"2":{"name":"(anonymous_3)","decl":{"start":{"line":25,"column":14},"end":{"line":25,"column":15}},"loc":{"start":{"line":25,"column":32},"end":{"line":31,"column":3}}}},"branchMap":{"0":{"loc":{"start":{"line":26,"column":4},"end":{"line":30,"column":5}},"type":"if","locations":[{"start":{"line":26,"column":4},"end":{"line":30,"column":5}},{"start":{"line":28,"column":11},"end":{"line":30,"column":5}}]}},"s":{"0":3,"1":3,"2":3,"3":3,"4":3,"5":3,"6":3,"7":3,"8":3,"9":1,"10":1,"11":1,"12":3,"13":1,"14":1,"15":0,"16":3,"17":3,"18":3,"19":3},"f":{"0":1,"1":1,"2":1},"b":{"0":[1,0]}}
,"/Users/criss/Desktop/kata/identity-ocr-liveness-kata-node/src/routes/validation.routes.ts": {"path":"/Users/criss/Desktop/kata/identity-ocr-liveness-kata-node/src/routes/validation.routes.ts","statementMap":{"0":{"start":{"line":1,"column":0},"end":{"line":1,"column":33}},"1":{"start":{"line":2,"column":0},"end":{"line":2,"column":76}},"2":{"start":{"line":3,"column":0},"end":{"line":3,"column":66}},"3":{"start":{"line":5,"column":15},"end":{"line":5,"column":23}},"4":{"start":{"line":7,"column":0},"end":{"line":7,"column":79}},"5":{"start":{"line":8,"column":0},"end":{"line":8,"column":83}},"6":{"start":{"line":9,"column":0},"end":{"line":9,"column":81}},"7":{"start":{"line":10,"column":0},"end":{"line":10,"column":88}},"8":{"start":{"line":11,"column":0},"end":{"line":11,"column":80}},"9":{"start":{"line":12,"column":0},"end":{"line":12,"column":89}},"10":{"start":{"line":14,"column":0},"end":{"line":14,"column":22}}},"fnMap":{},"branchMap":{},"s":{"0":3,"1":3,"2":3,"3":3,"4":3,"5":3,"6":3,"7":3,"8":3,"9":3,"10":3},"f":{},"b":{}}
,"/Users/criss/Desktop/kata/identity-ocr-liveness-kata-node/src/services/auth.service.ts": {"path":"/Users/criss/Desktop/kata/identity-ocr-liveness-kata-node/src/services/auth.service.ts","statementMap":{"0":{"start":{"line":1,"column":0},"end":{"line":1,"column":31}},"1":{"start":{"line":2,"column":0},"end":{"line":2,"column":36}},"2":{"start":{"line":3,"column":0},"end":{"line":3,"column":39}},"3":{"start":{"line":5,"column":0},"end":{"line":5,"column":49}},"4":{"start":{"line":8,"column":23},"end":{"line":8,"column":25}},"5":{"start":{"line":9,"column":32},"end":{"line":9,"column":34}},"6":{"start":{"line":13,"column":38},"end":{"line":13,"column":46}},"7":{"start":{"line":15,"column":25},"end":{"line":15,"column":61}},"8":{"start":{"line":15,"column":43},"end":{"line":15,"column":60}},"9":{"start":{"line":16,"column":4},"end":{"line":18,"column":5}},"10":{"start":{"line":17,"column":6},"end":{"line":17,"column":45}},"11":{"start":{"line":20,"column":25},"end":{"line":20,"column":67}},"12":{"start":{"line":22,"column":27},"end":{"line":28,"column":6}},"13":{"start":{"line":30,"column":4},"end":{"line":30,"column":24}},"14":{"start":{"line":31,"column":4},"end":{"line":31,"column":19}},"15":{"start":{"line":35,"column":32},"end":{"line":35,"column":43}},"16":{"start":{"line":37,"column":17},"end":{"line":37,"column":53}},"17":{"start":{"line":37,"column":35},"end":{"line":37,"column":52}},"18":{"start":{"line":38,"column":4},"end":{"line":40,"column":5}},"19":{"start":{"line":39,"column":6},"end":{"line":39,"column":45}},"20":{"start":{"line":42,"column":28},"end":{"line":44,"column":null}},"21":{"start":{"line":46,"column":4},"end":{"line":48,"column":5}},"22":{"start":{"line":47,"column":6},"end":{"line":47,"column":45}},"23":{"start":{"line":50,"column":24},"end":{"line":50,"column":54}},"24":{"start":{"line":51,"column":25},"end":{"line":51,"column":56}},"25":{"start":{"line":53,"column":4},"end":{"line":53,"column":37}},"26":{"start":{"line":55,"column":4},"end":{"line":64,"column":6}},"27":{"start":{"line":68,"column":4},"end":{"line":70,"column":5}},"28":{"start":{"line":69,"column":6},"end":{"line":69,"column":47}},"29":{"start":{"line":72,"column":4},"end":{"line":85,"column":5}},"30":{"start":{"line":73,"column":22},"end":{"line":75,"column":null}},"31":{"start":{"line":79,"column":19},"end":{"line":79,"column":59}},"32":{"start":{"line":79,"column":35},"end":{"line":79,"column":58}},"33":{"start":{"line":80,"column":6},"end":{"line":80,"column":51}},"34":{"start":{"line":80,"column":17},"end":{"line":80,"column":51}},"35":{"start":{"line":82,"column":6},"end":{"line":82,"column":44}},"36":{"start":{"line":84,"column":6},"end":{"line":84,"column":47}},"37":{"start":{"line":89,"column":18},"end":{"line":89,"column":46}},"38":{"start":{"line":90,"column":4},"end":{"line":92,"column":5}},"39":{"start":{"line":91,"column":6},"end":{"line":91,"column":37}},"40":{"start":{"line":96,"column":35},"end":{"line":100,"column":6}},"41":{"start":{"line":101,"column":4},"end":{"line":103,"column":7}},"42":{"start":{"line":107,"column":35},"end":{"line":111,"column":6}},"43":{"start":{"line":112,"column":4},"end":{"line":114,"column":7}},"44":{"start":{"line":11,"column":0},"end":{"line":11,"column":13}}},"fnMap":{"0":{"name":"(anonymous_1)","decl":{"start":{"line":12,"column":2},"end":{"line":12,"column":8}},"loc":{"start":{"line":12,"column":37},"end":{"line":32,"column":3}}},"1":{"name":"(anonymous_2)","decl":{"start":{"line":15,"column":36},"end":{"line":15,"column":37}},"loc":{"start":{"line":15,"column":43},"end":{"line":15,"column":60}}},"2":{"name":"(anonymous_3)","decl":{"start":{"line":34,"column":2},"end":{"line":34,"column":8}},"loc":{"start":{"line":34,"column":37},"end":{"line":65,"column":3}}},"3":{"name":"(anonymous_4)","decl":{"start":{"line":37,"column":28},"end":{"line":37,"column":29}},"loc":{"start":{"line":37,"column":35},"end":{"line":37,"column":52}}},"4":{"name":"(anonymous_5)","decl":{"start":{"line":67,"column":2},"end":{"line":67,"column":8}},"loc":{"start":{"line":67,"column":41},"end":{"line":86,"column":3}}},"5":{"name":"(anonymous_6)","decl":{"start":{"line":79,"column":30},"end":{"line":79,"column":31}},"loc":{"start":{"line":79,"column":35},"end":{"line":79,"column":58}}},"6":{"name":"(anonymous_7)","decl":{"start":{"line":88,"column":2},"end":{"line":88,"column":8}},"loc":{"start":{"line":88,"column":35},"end":{"line":93,"column":3}}},"7":{"name":"(anonymous_8)","decl":{"start":{"line":95,"column":10},"end":{"line":95,"column":16}},"loc":{"start":{"line":95,"column":48},"end":{"line":104,"column":3}}},"8":{"name":"(anonymous_9)","decl":{"start":{"line":106,"column":10},"end":{"line":106,"column":16}},"loc":{"start":{"line":106,"column":49},"end":{"line":115,"column":3}}}},"branchMap":{"0":{"loc":{"start":{"line":16,"column":4},"end":{"line":18,"column":5}},"type":"if","locations":[{"start":{"line":16,"column":4},"end":{"line":18,"column":5}},{"start":{},"end":{}}]},"1":{"loc":{"start":{"line":38,"column":4},"end":{"line":40,"column":5}},"type":"if","locations":[{"start":{"line":38,"column":4},"end":{"line":40,"column":5}},{"start":{},"end":{}}]},"2":{"loc":{"start":{"line":46,"column":4},"end":{"line":48,"column":5}},"type":"if","locations":[{"start":{"line":46,"column":4},"end":{"line":48,"column":5}},{"start":{},"end":{}}]},"3":{"loc":{"start":{"line":68,"column":4},"end":{"line":70,"column":5}},"type":"if","locations":[{"start":{"line":68,"column":4},"end":{"line":70,"column":5}},{"start":{},"end":{}}]},"4":{"loc":{"start":{"line":80,"column":6},"end":{"line":80,"column":51}},"type":"if","locations":[{"start":{"line":80,"column":6},"end":{"line":80,"column":51}},{"start":{},"end":{}}]},"5":{"loc":{"start":{"line":90,"column":4},"end":{"line":92,"column":5}},"type":"if","locations":[{"start":{"line":90,"column":4},"end":{"line":92,"column":5}},{"start":{},"end":{}}]}},"s":{"0":3,"1":3,"2":3,"3":3,"4":3,"5":3,"6":0,"7":0,"8":0,"9":0,"10":0,"11":0,"12":0,"13":0,"14":0,"15":0,"16":0,"17":0,"18":0,"19":0,"20":0,"21":0,"22":0,"23":0,"24":0,"25":0,"26":0,"27":0,"28":0,"29":0,"30":0,"31":0,"32":0,"33":0,"34":0,"35":0,"36":0,"37":0,"38":0,"39":0,"40":0,"41":0,"42":0,"43":0,"44":3},"f":{"0":0,"1":0,"2":0,"3":0,"4":0,"5":0,"6":0,"7":0,"8":0},"b":{"0":[0,0],"1":[0,0],"2":[0,0],"3":[0,0],"4":[0,0],"5":[0,0]}}
,"/Users/criss/Desktop/kata/identity-ocr-liveness-kata-node/src/services/crypto.service.ts": {"path":"/Users/criss/Desktop/kata/identity-ocr-liveness-kata-node/src/services/crypto.service.ts","statementMap":{"0":{"start":{"line":1,"column":0},"end":{"line":1,"column":28}},"1":{"start":{"line":2,"column":0},"end":{"line":2,"column":30}},"2":{"start":{"line":3,"column":0},"end":{"line":3,"column":39}},"3":{"start":{"line":5,"column":18},"end":{"line":5,"column":31}},"4":{"start":{"line":6,"column":18},"end":{"line":6,"column":20}},"5":{"start":{"line":13,"column":15},"end":{"line":13,"column":44}},"6":{"start":{"line":14,"column":16},"end":{"line":14,"column":51}},"7":{"start":{"line":15,"column":19},"end":{"line":15,"column":60}},"8":{"start":{"line":16,"column":20},"end":{"line":16,"column":39}},"9":{"start":{"line":17,"column":4},"end":{"line":17,"column":59}},"10":{"start":{"line":18,"column":4},"end":{"line":18,"column":64}},"11":{"start":{"line":25,"column":22},"end":{"line":25,"column":37}},"12":{"start":{"line":26,"column":15},"end":{"line":26,"column":53}},"13":{"start":{"line":27,"column":26},"end":{"line":27,"column":65}},"14":{"start":{"line":28,"column":16},"end":{"line":28,"column":51}},"15":{"start":{"line":29,"column":21},"end":{"line":29,"column":64}},"16":{"start":{"line":30,"column":20},"end":{"line":30,"column":50}},"17":{"start":{"line":31,"column":4},"end":{"line":31,"column":61}},"18":{"start":{"line":32,"column":4},"end":{"line":32,"column":32}},"19":{"start":{"line":39,"column":17},"end":{"line":39,"column":41}},"20":{"start":{"line":40,"column":4},"end":{"line":40,"column":39}},"21":{"start":{"line":47,"column":4},"end":{"line":47,"column":42}},"22":{"start":{"line":8,"column":0},"end":{"line":8,"column":13}}},"fnMap":{"0":{"name":"(anonymous_1)","decl":{"start":{"line":12,"column":2},"end":{"line":12,"column":8}},"loc":{"start":{"line":12,"column":29},"end":{"line":19,"column":3}}},"1":{"name":"(anonymous_2)","decl":{"start":{"line":24,"column":2},"end":{"line":24,"column":8}},"loc":{"start":{"line":24,"column":29},"end":{"line":33,"column":3}}},"2":{"name":"(anonymous_3)","decl":{"start":{"line":38,"column":2},"end":{"line":38,"column":8}},"loc":{"start":{"line":38,"column":44},"end":{"line":41,"column":3}}},"3":{"name":"(anonymous_4)","decl":{"start":{"line":46,"column":2},"end":{"line":46,"column":8}},"loc":{"start":{"line":46,"column":61},"end":{"line":48,"column":3}}}},"branchMap":{},"s":{"0":5,"1":5,"2":5,"3":5,"4":5,"5":3,"6":3,"7":3,"8":3,"9":3,"10":3,"11":3,"12":3,"13":3,"14":3,"15":3,"16":3,"17":3,"18":3,"19":3,"20":3,"21":2,"22":5},"f":{"0":3,"1":3,"2":3,"3":2},"b":{}}
,"/Users/criss/Desktop/kata/identity-ocr-liveness-kata-node/src/services/imagePreprocessing.service.ts": {"path":"/Users/criss/Desktop/kata/identity-ocr-liveness-kata-node/src/services/imagePreprocessing.service.ts","statementMap":{"0":{"start":{"line":1,"column":0},"end":{"line":1,"column":26}},"1":{"start":{"line":13,"column":18},"end":{"line":13,"column":33}},"2":{"start":{"line":14,"column":21},"end":{"line":14,"column":43}},"3":{"start":{"line":17,"column":20},"end":{"line":20,"column":16}},"4":{"start":{"line":23,"column":4},"end":{"line":25,"column":5}},"5":{"start":{"line":24,"column":6},"end":{"line":24,"column":77}},"6":{"start":{"line":28,"column":4},"end":{"line":28,"column":32}},"7":{"start":{"line":36,"column":4},"end":{"line":55,"column":5}},"8":{"start":{"line":37,"column":23},"end":{"line":37,"column":55}},"9":{"start":{"line":39,"column":6},"end":{"line":41,"column":7}},"10":{"start":{"line":40,"column":8},"end":{"line":40,"column":68}},"11":{"start":{"line":45,"column":6},"end":{"line":47,"column":7}},"12":{"start":{"line":46,"column":8},"end":{"line":46,"column":62}},"13":{"start":{"line":52,"column":6},"end":{"line":52,"column":29}},"14":{"start":{"line":54,"column":6},"end":{"line":54,"column":83}},"15":{"start":{"line":4,"column":0},"end":{"line":4,"column":13}}},"fnMap":{"0":{"name":"(anonymous_1)","decl":{"start":{"line":12,"column":2},"end":{"line":12,"column":8}},"loc":{"start":{"line":12,"column":42},"end":{"line":29,"column":3}}},"1":{"name":"(anonymous_2)","decl":{"start":{"line":35,"column":2},"end":{"line":35,"column":8}},"loc":{"start":{"line":35,"column":47},"end":{"line":56,"column":3}}}},"branchMap":{"0":{"loc":{"start":{"line":23,"column":4},"end":{"line":25,"column":5}},"type":"if","locations":[{"start":{"line":23,"column":4},"end":{"line":25,"column":5}},{"start":{},"end":{}}]},"1":{"loc":{"start":{"line":23,"column":8},"end":{"line":23,"column":47}},"type":"binary-expr","locations":[{"start":{"line":23,"column":8},"end":{"line":23,"column":22}},{"start":{"line":23,"column":26},"end":{"line":23,"column":47}}]},"2":{"loc":{"start":{"line":39,"column":6},"end":{"line":41,"column":7}},"type":"if","locations":[{"start":{"line":39,"column":6},"end":{"line":41,"column":7}},{"start":{},"end":{}}]},"3":{"loc":{"start":{"line":39,"column":10},"end":{"line":39,"column":45}},"type":"binary-expr","locations":[{"start":{"line":39,"column":10},"end":{"line":39,"column":25}},{"start":{"line":39,"column":29},"end":{"line":39,"column":45}}]},"4":{"loc":{"start":{"line":45,"column":6},"end":{"line":47,"column":7}},"type":"if","locations":[{"start":{"line":45,"column":6},"end":{"line":47,"column":7}},{"start":{},"end":{}}]},"5":{"loc":{"start":{"line":45,"column":10},"end":{"line":45,"column":55}},"type":"binary-expr","locations":[{"start":{"line":45,"column":10},"end":{"line":45,"column":30}},{"start":{"line":45,"column":34},"end":{"line":45,"column":55}}]}},"s":{"0":3,"1":0,"2":0,"3":0,"4":0,"5":0,"6":0,"7":0,"8":0,"9":0,"10":0,"11":0,"12":0,"13":0,"14":0,"15":3},"f":{"0":0,"1":0},"b":{"0":[0,0],"1":[0,0],"2":[0,0],"3":[0,0],"4":[0,0],"5":[0,0]}}
,"/Users/criss/Desktop/kata/identity-ocr-liveness-kata-node/src/services/liveness.service.ts": {"path":"/Users/criss/Desktop/kata/identity-ocr-liveness-kata-node/src/services/liveness.service.ts","statementMap":{"0":{"start":{"line":1,"column":0},"end":{"line":1,"column":39}},"1":{"start":{"line":2,"column":0},"end":{"line":2,"column":61}},"2":{"start":{"line":4,"column":0},"end":{"line":4,"column":24}},"3":{"start":{"line":5,"column":0},"end":{"line":5,"column":36}},"4":{"start":{"line":7,"column":0},"end":{"line":7,"column":37}},"5":{"start":{"line":10,"column":0},"end":{"line":10,"column":101}},"6":{"start":{"line":12,"column":20},"end":{"line":12,"column":53}},"7":{"start":{"line":15,"column":84},"end":{"line":15,"column":93}},"8":{"start":{"line":21,"column":4},"end":{"line":21,"column":34}},"9":{"start":{"line":21,"column":27},"end":{"line":21,"column":34}},"10":{"start":{"line":23,"column":4},"end":{"line":32,"column":5}},"11":{"start":{"line":24,"column":6},"end":{"line":24,"column":48}},"12":{"start":{"line":25,"column":6},"end":{"line":25,"column":66}},"13":{"start":{"line":26,"column":6},"end":{"line":26,"column":69}},"14":{"start":{"line":27,"column":6},"end":{"line":27,"column":31}},"15":{"start":{"line":28,"column":6},"end":{"line":28,"column":57}},"16":{"start":{"line":30,"column":6},"end":{"line":30,"column":60}},"17":{"start":{"line":31,"column":6},"end":{"line":31,"column":18}},"18":{"start":{"line":37,"column":48},"end":{"line":37,"column":68}},"19":{"start":{"line":38,"column":22},"end":{"line":38,"column":79}},"20":{"start":{"line":40,"column":37},"end":{"line":47,"column":6}},"21":{"start":{"line":50,"column":4},"end":{"line":50,"column":65}},"22":{"start":{"line":51,"column":4},"end":{"line":51,"column":19}},"23":{"start":{"line":55,"column":4},"end":{"line":55,"column":43}},"24":{"start":{"line":59,"column":20},"end":{"line":59,"column":43}},"25":{"start":{"line":60,"column":4},"end":{"line":62,"column":5}},"26":{"start":{"line":61,"column":6},"end":{"line":61,"column":43}},"27":{"start":{"line":64,"column":4},"end":{"line":66,"column":5}},"28":{"start":{"line":65,"column":6},"end":{"line":65,"column":63}},"29":{"start":{"line":68,"column":4},"end":{"line":68,"column":52}},"30":{"start":{"line":68,"column":28},"end":{"line":68,"column":52}},"31":{"start":{"line":70,"column":4},"end":{"line":134,"column":5}},"32":{"start":{"line":71,"column":18},"end":{"line":71,"column":46}},"33":{"start":{"line":72,"column":25},"end":{"line":72,"column":87}},"34":{"start":{"line":74,"column":6},"end":{"line":76,"column":7}},"35":{"start":{"line":75,"column":8},"end":{"line":75,"column":77}},"36":{"start":{"line":78,"column":24},"end":{"line":78,"column":44}},"37":{"start":{"line":79,"column":22},"end":{"line":79,"column":44}},"38":{"start":{"line":80,"column":23},"end":{"line":80,"column":46}},"39":{"start":{"line":82,"column":22},"end":{"line":82,"column":48}},"40":{"start":{"line":83,"column":23},"end":{"line":83,"column":50}},"41":{"start":{"line":84,"column":21},"end":{"line":84,"column":45}},"42":{"start":{"line":88,"column":27},"end":{"line":88,"column":40}},"43":{"start":{"line":90,"column":26},"end":{"line":90,"column":31}},"44":{"start":{"line":92,"column":6},"end":{"line":101,"column":7}},"45":{"start":{"line":93,"column":8},"end":{"line":100,"column":9}},"46":{"start":{"line":94,"column":10},"end":{"line":94,"column":40}},"47":{"start":{"line":95,"column":15},"end":{"line":100,"column":9}},"48":{"start":{"line":97,"column":11},"end":{"line":97,"column":37}},"49":{"start":{"line":98,"column":11},"end":{"line":98,"column":39}},"50":{"start":{"line":99,"column":11},"end":{"line":99,"column":32}},"51":{"start":{"line":104,"column":6},"end":{"line":117,"column":7}},"52":{"start":{"line":105,"column":20},"end":{"line":105,"column":44}},"53":{"start":{"line":106,"column":21},"end":{"line":106,"column":43}},"54":{"start":{"line":108,"column":8},"end":{"line":110,"column":9}},"55":{"start":{"line":109,"column":10},"end":{"line":109,"column":41}},"56":{"start":{"line":112,"column":23},"end":{"line":112,"column":53}},"57":{"start":{"line":114,"column":8},"end":{"line":116,"column":9}},"58":{"start":{"line":115,"column":11},"end":{"line":115,"column":37}},"59":{"start":{"line":119,"column":6},"end":{"line":119,"column":39}},"60":{"start":{"line":121,"column":6},"end":{"line":129,"column":8}},"61":{"start":{"line":132,"column":6},"end":{"line":132,"column":52}},"62":{"start":{"line":133,"column":6},"end":{"line":133,"column":18}},"63":{"start":{"line":147,"column":15},"end":{"line":147,"column":21}},"64":{"start":{"line":148,"column":15},"end":{"line":148,"column":21}},"65":{"start":{"line":149,"column":15},"end":{"line":149,"column":21}},"66":{"start":{"line":150,"column":15},"end":{"line":150,"column":21}},"67":{"start":{"line":151,"column":15},"end":{"line":151,"column":21}},"68":{"start":{"line":152,"column":15},"end":{"line":152,"column":21}},"69":{"start":{"line":154,"column":22},"end":{"line":154,"column":52}},"70":{"start":{"line":155,"column":22},"end":{"line":155,"column":52}},"71":{"start":{"line":156,"column":23},"end":{"line":156,"column":53}},"72":{"start":{"line":158,"column":4},"end":{"line":158,"column":56}},"73":{"start":{"line":162,"column":4},"end":{"line":162,"column":74}},"74":{"start":{"line":17,"column":0},"end":{"line":17,"column":13}},"75":{"start":{"line":18,"column":17},"end":{"line":18,"column":38}}},"fnMap":{"0":{"name":"(anonymous_10)","decl":{"start":{"line":20,"column":2},"end":{"line":20,"column":8}},"loc":{"start":{"line":20,"column":25},"end":{"line":33,"column":3}}},"1":{"name":"(anonymous_11)","decl":{"start":{"line":35,"column":2},"end":{"line":35,"column":8}},"loc":{"start":{"line":35,"column":43},"end":{"line":52,"column":3}}},"2":{"name":"(anonymous_12)","decl":{"start":{"line":54,"column":2},"end":{"line":54,"column":8}},"loc":{"start":{"line":54,"column":43},"end":{"line":56,"column":3}}},"3":{"name":"(anonymous_13)","decl":{"start":{"line":58,"column":2},"end":{"line":58,"column":8}},"loc":{"start":{"line":58,"column":66},"end":{"line":135,"column":3}}},"4":{"name":"(anonymous_14)","decl":{"start":{"line":137,"column":10},"end":{"line":137,"column":16}},"loc":{"start":{"line":137,"column":50},"end":{"line":159,"column":3}}},"5":{"name":"(anonymous_15)","decl":{"start":{"line":161,"column":10},"end":{"line":161,"column":16}},"loc":{"start":{"line":161,"column":71},"end":{"line":163,"column":3}}}},"branchMap":{"0":{"loc":{"start":{"line":21,"column":4},"end":{"line":21,"column":34}},"type":"if","locations":[{"start":{"line":21,"column":4},"end":{"line":21,"column":34}},{"start":{},"end":{}}]},"1":{"loc":{"start":{"line":55,"column":11},"end":{"line":55,"column":42}},"type":"binary-expr","locations":[{"start":{"line":55,"column":11},"end":{"line":55,"column":34}},{"start":{"line":55,"column":38},"end":{"line":55,"column":42}}]},"2":{"loc":{"start":{"line":60,"column":4},"end":{"line":62,"column":5}},"type":"if","locations":[{"start":{"line":60,"column":4},"end":{"line":62,"column":5}},{"start":{},"end":{}}]},"3":{"loc":{"start":{"line":64,"column":4},"end":{"line":66,"column":5}},"type":"if","locations":[{"start":{"line":64,"column":4},"end":{"line":66,"column":5}},{"start":{},"end":{}}]},"4":{"loc":{"start":{"line":68,"column":4},"end":{"line":68,"column":52}},"type":"if","locations":[{"start":{"line":68,"column":4},"end":{"line":68,"column":52}},{"start":{},"end":{}}]},"5":{"loc":{"start":{"line":74,"column":6},"end":{"line":76,"column":7}},"type":"if","locations":[{"start":{"line":74,"column":6},"end":{"line":76,"column":7}},{"start":{},"end":{}}]},"6":{"loc":{"start":{"line":92,"column":6},"end":{"line":101,"column":7}},"type":"if","locations":[{"start":{"line":92,"column":6},"end":{"line":101,"column":7}},{"start":{},"end":{}}]},"7":{"loc":{"start":{"line":93,"column":8},"end":{"line":100,"column":9}},"type":"if","locations":[{"start":{"line":93,"column":8},"end":{"line":100,"column":9}},{"start":{"line":95,"column":15},"end":{"line":100,"column":9}}]},"8":{"loc":{"start":{"line":93,"column":12},"end":{"line":93,"column":57}},"type":"binary-expr","locations":[{"start":{"line":93,"column":12},"end":{"line":93,"column":41}},{"start":{"line":93,"column":45},"end":{"line":93,"column":57}}]},"9":{"loc":{"start":{"line":95,"column":15},"end"
[...]
,"/Users/criss/Desktop/kata/identity-ocr-liveness-kata-node/src/services/validation/documentRepository.service.ts": {"path":"/Users/criss/Desktop/kata/identity-ocr-liveness-kata-node/src/services/validation/documentRepository.service.ts","statementMap":{"0":{"start":{"line":1,"column":0},"end":{"line":1,"column":64}},"1":{"start":{"line":2,"column":0},"end":{"line":2,"column":66}},"2":{"start":{"line":3,"column":0},"end":{"line":3,"column":61}},"3":{"start":{"line":4,"column":0},"end":{"line":4,"column":85}},"4":{"start":{"line":5,"column":0},"end":{"line":5,"column":40}},"5":{"start":{"line":21,"column":22},"end":{"line":21,"column":27}},"6":{"start":{"line":22,"column":4},"end":{"line":26,"column":5}},"7":{"start":{"line":23,"column":23},"end":{"line":23,"column":95}},"8":{"start":{"line":23,"column":96},"end":{"line":23,"column":102}},"9":{"start":{"line":24,"column":25},"end":{"line":24,"column":44}},"10":{"start":{"line":24,"column":45},"end":{"line":24,"column":51}},"11":{"start":{"line":25,"column":24},"end":{"line":25,"column":89}},"12":{"start":{"line":25,"column":90},"end":{"line":25,"column":96}},"13":{"start":{"line":28,"column":4},"end":{"line":30,"column":5}},"14":{"start":{"line":29,"column":8},"end":{"line":29,"column":81}},"15":{"start":{"line":33,"column":24},"end":{"line":35,"column":6}},"16":{"start":{"line":37,"column":4},"end":{"line":44,"column":5}},"17":{"start":{"line":38,"column":8},"end":{"line":38,"column":92}},"18":{"start":{"line":39,"column":8},"end":{"line":43,"column":10}},"19":{"start":{"line":47,"column":21},"end":{"line":49,"column":6}},"20":{"start":{"line":51,"column":4},"end":{"line":57,"column":5}},"21":{"start":{"line":52,"column":8},"end":{"line":56,"column":9}},"22":{"start":{"line":53,"column":12},"end":{"line":53,"column":76}},"23":{"start":{"line":55,"column":12},"end":{"line":55,"column":96}},"24":{"start":{"line":60,"column":4},"end":{"line":91,"column":5}},"25":{"start":{"line":62,"column":8},"end":{"line":72,"column":9}},"26":{"start":{"line":64,"column":16},"end":{"line":64,"column":87}},"27":{"start":{"line":65,"column":16},"end":{"line":65,"column":22}},"28":{"start":{"line":67,"column":16},"end":{"line":67,"column":94}},"29":{"start":{"line":68,"column":16},"end":{"line":68,"column":22}},"30":{"start":{"line":70,"column":16},"end":{"line":70,"column":87}},"31":{"start":{"line":71,"column":16},"end":{"line":71,"column":22}},"32":{"start":{"line":74,"column":8},"end":{"line":86,"column":9}},"33":{"start":{"line":76,"column":12},"end":{"line":81,"column":15}},"34":{"start":{"line":83,"column":12},"end":{"line":83,"column":89}},"35":{"start":{"line":85,"column":12},"end":{"line":85,"column":90}},"36":{"start":{"line":89,"column":8},"end":{"line":89,"column":58}},"37":{"start":{"line":90,"column":8},"end":{"line":90,"column":93}},"38":{"start":{"line":95,"column":6},"end":{"line":99,"column":9}},"39":{"start":{"line":104,"column":24},"end":{"line":104,"column":94}},"40":{"start":{"line":105,"column":4},"end":{"line":105,"column":76}},"41":{"start":{"line":105,"column":21},"end":{"line":105,"column":76}},"42":{"start":{"line":108,"column":18},"end":{"line":108,"column":71}},"43":{"start":{"line":109,"column":4},"end":{"line":109,"column":63}},"44":{"start":{"line":109,"column":15},"end":{"line":109,"column":63}},"45":{"start":{"line":111,"column":4},"end":{"line":111,"column":48}},"46":{"start":{"line":120,"column":30},"end":{"line":120,"column":89}},"47":{"start":{"line":122,"column":6},"end":{"line":124,"column":7}},"48":{"start":{"line":123,"column":10},"end":{"line":123,"column":62}},"49":{"start":{"line":126,"column":22},"end":{"line":126,"column":45}},"50":{"start":{"line":127,"column":22},"end":{"line":127,"column":26}},"51":{"start":{"line":128,"column":22},"end":{"line":128,"column":26}},"52":{"start":{"line":131,"column":6},"end":{"line":134,"column":7}},"53":{"start":{"line":133,"column":10},"end":{"line":133,"column":84}},"54":{"start":{"line":136,"column":6},"end":{"line":141,"column":7}},"55":{"start":{"line":138,"column":22},"end":{"line":138,"column":74}},"56":{"start":{"line":139,"column":22},"end":{"line":139,"column":77}},"57":{"start":{"line":140,"column":11},"end":{"line":140,"column":33}},"58":{"start":{"line":143,"column":6},"end":{"line":150,"column":8}},"59":{"start":{"line":13,"column":0},"end":{"line":13,"column":13}}},"fnMap":{"0":{"name":"(anonymous_1)","decl":{"start":{"line":15,"column":2},"end":{"line":15,"column":8}},"loc":{"start":{"line":17,"column":43},"end":{"line":92,"column":3}}},"1":{"name":"(anonymous_2)","decl":{"start":{"line":94,"column":2},"end":{"line":94,"column":8}},"loc":{"start":{"line":94,"column":103},"end":{"line":100,"column":3}}},"2":{"name":"(anonymous_3)","decl":{"start":{"line":102,"column":2},"end":{"line":102,"column":8}},"loc":{"start":{"line":102,"column":55},"end":{"line":112,"column":3}}},"3":{"name":"(anonymous_4)","decl":{"start":{"line":114,"column":2},"end":{"line":114,"column":8}},"loc":{"start":{"line":119,"column":3},"end":{"line":151,"column":3}}}},"branchMap":{"0":{"loc":{"start":{"line":22,"column":4},"end":{"line":26,"column":5}},"type":"switch","locations":[{"start":{"line":23,"column":8},"end":{"line":23,"column":102}},{"start":{"line":24,"column":8},"end":{"line":24,"column":51}},{"start":{"line":25,"column":8},"end":{"line":25,"column":96}}]},"1":{"loc":{"start":{"line":28,"column":4},"end":{"line":30,"column":5}},"type":"if","locations":[{"start":{"line":28,"column":4},"end":{"line":30,"column":5}},{"start":{},"end":{}}]},"2":{"loc":{"start":{"line":37,"column":4},"end":{"line":44,"column":5}},"type":"if","locations":[{"start":{"line":37,"column":4},"end":{"line":44,"column":5}},{"start":{},"end":{}}]},"3":{"loc":{"start":{"line":51,"column":4},"end":{"line":57,"column":5}},"type":"if","locations":[{"start":{"line":51,"column":4},"end":{"line":57,"column":5}},{"start":{},"end":{}}]},"4":{"loc":{"start":{"line":52,"column":8},"end":{"line":56,"column":9}},"type":"if","locations":[{"start":{"line":52,"column":8},"end":{"line":56,"column":9}},{"start":{"line":54,"column":15},"end":{"line":56,"column":9}}]},"5":{"loc":{"start":{"line":62,"column":8},"end":{"line":72,"column":9}},"type":"switch","locations":[{"start":{"line":63,"column":12},"end":{"line":65,"column":22}},{"start":{"line":66,"column":12},"end":{"line":68,"column":22}},{"start":{"line":69,"column":12},"end":{"line":71,"column":22}}]},"6":{"loc":{"start":{"line":74,"column":8},"end":{"line":86,"column":9}},"type":"if","locations":[{"start":{"line":74,"column":8},"end":{"line":86,"column":9}},{"start":{"line":84,"column":15},"end":{"line":86,"column":9}}]},"7":{"loc":{"start":{"line":74,"column":12},"end":{"line":74,"column":103}},"type":"binary-expr","locations":[{"start":{"line":74,"column":12},"end":{"line":74,"column":26}},{"start":{"line":74,"column":31},"end":{"line":74,"column":64}},{"start":{"line":74,"column":68},"end":{"line":74,"column":102}}]},"8":{"loc":{"start":{"line":105,"column":4},"end":{"line":105,"column":76}},"type":"if","locations":[{"start":{"line":105,"column":4},"end":{"line":105,"column":76}},{"start":{},"end":{}}]},"9":{"loc":{"start":{"line":109,"column":4},"end":{"line":109,"column":63}},"type":"if","locations":[{"start":{"line":109,"column":4},"end":{"line":109,"column":63}},{"start":{},"end":{}}]},"10":{"loc":{"start":{"line":122,"column":6},"end":{"line":124,"column":7}},"type":"if","locations":[{"start":{"line":122,"column":6},"end":{"line":124,"column":7}},{"start":{},"end":{}}]},"11":{"loc":{"start":{"line":131,"column":6},"end":{"line":134,"column":7}},"type":"if","locations":[{"start":{"line":131,"column":6},"end":{"line":134,"column":7}},{"start":{},"end":{}}]},"12":{"loc":{"start":{"line":131,"column":10},"end":{"line":131,"column":36}},"type":"binary-expr","locations":[{"start":{"line":131,"column":10},"end":{"line":131,"column":19}},{"start":{"line":131,"column":23},"end":{"line":131,"column":36}}]},"13":{"loc":{"start":{"line":136,"column":6},"end":{"line":141,"column":7}},"type":"if","locations":[{"start":{"line":136,"column":6},"end":{"line":141,"column":7}},{"start":{},"end":{}}]},"14":{"loc":{"start":{"line":136,"column":10},"end":{"line":136,"column":45}},"type":"binary-expr","locations":[{"start":{"line":136,"column":10},"end":{"line":136,"column":24}},{"start":{"line":136,"column":28},"end":{"line":136,"column":45}}]},"15":{"loc":{"start":{"line":145,"column":22},"end":{"line":145,"column":75}},"type":"cond-expr","locations":[{"start":{"line":145,"column":47},"end":{"line":145,"column":55}},{"start":{"line":145,"column":58},"end":{"line":145,"column":75}}]},"16":{"loc":{"start":{"line":145,"column":22},"end":{"line":145,"column":44}},"type":"binary-expr","locations":[{"start":{"line":145,"column":22},"end":{"line":145,"column":31}},{"start":{"line":145,"column":35},"end":{"line":145,"column":44}}]}},"s":{"0":3,"1":3,"2":3,"3":3,"4":3,"5":0,"6":0,"7":0,"8":0,"9":0,"10":0,"11":0,"12":0,"13":0,"14":0,"15":0,"16":0,"17":0,"18":0,"19":0,"20":0,"21":0,"22":0,"23":0,"24":0,"25":0,"26":0,"27":0,"28":0,"29":0,"30":0,"31":0,"32":0,"33":0,"34":0,"35":0,"36":0,"37":0,"38":0,"39":0,"40":0,"41":0,"42":0,"43":0,"44":0,"45":0,"46":0,"47":0,"48":0,"49":0,"50":0,"51":0,"52":0,"53":0,"54":0,"55":0,"56":0,"57":0,"58":0,"59":3},"f":{"0":0,"1":0,"2":0,"3":0},"b":{"0":[0,0,0],"1":[0,0],"2":[0,0],"3":[0,0],"4":[0,0],"5":[0,0,0],"6":[0,0],"7":[0,0,0],"8":[0,0],"9":[0,0],"10":[0,0],"11":[0,0],"12":[0,0],"13":[0,0],"14":[0,0],"15":[0,0],"16":[0,0]}}
,"/Users/criss/Desktop/kata/identity-ocr-liveness-kata-node/src/services/validation/mockEntities.service.ts": {"path":"/Users/criss/Desktop/kata/identity-ocr-liveness-kata-node/src/services/validation/mockEntities.service.ts","statementMap":{"0":{"start":{"line":2,"column":20},"end":{"line":2,"column":99}},"1":{"start":{"line":2,"column":36},"end":{"line":2,"column":99}},"2":{"start":{"line":2,"column":59},"end":{"line":2,"column":98}},"3":{"start":{"line":10,"column":4},"end":{"line":10,"column":28}},"4":{"start":{"line":13,"column":22},"end":{"line":13,"column":56}},"5":{"start":{"line":15,"column":4},"end":{"line":20,"column":5}},"6":{"start":{"line":16,"column":6},"end":{"line":19,"column":8}},"7":{"start":{"line":22,"column":4},"end":{"line":28,"column":5}},"8":{"start":{"line":23,"column":8},"end":{"line":27,"column":10}},"9":{"start":{"line":30,"column":4},"end":{"line":35,"column":6}},"10":{"start":{"line":42,"column":4},"end":{"line":42,"column":28}},"11":{"start":{"line":44,"column":4},"end":{"line":46,"column":5}},"12":{"start":{"line":45,"column":8},"end":{"line":45,"column":76}},"13":{"start":{"line":48,"column":4},"end":{"line":48,"column":74}},"14":{"start":{"line":55,"column":6},"end":{"line":55,"column":29}},"15":{"start":{"line":58,"column":6},"end":{"line":62,"column":8}},"16":{"start":{"line":4,"column":0},"end":{"line":4,"column":13}}},"fnMap":{"0":{"name":"(anonymous_0)","decl":{"start":{"line":2,"column":20},"end":{"line":2,"column":21}},"loc":{"start":{"line":2,"column":36},"end":{"line":2,"column":99}}},"1":{"name":"(anonymous_1)","decl":{"start":{"line":2,"column":48},"end":{"line":2,"column":55}},"loc":{"start":{"line":2,"column":59},"end":{"line":2,"column":98}}},"2":{"name":"(anonymous_2)","decl":{"start":{"line":9,"column":2},"end":{"line":9,"column":8}},"loc":{"start":{"line":9,"column":49},"end":{"line":36,"column":3}}},"3":{"name":"(anonymous_3)","decl":{"start":{"line":41,"column":2},"end":{"line":41,"column":8}},"loc":{"start":{"line":41,"column":56},"end":{"line":49,"column":3}}},"4":{"name":"(anonymous_4)","decl":{"start":{"line":54,"column":2},"end":{"line":54,"column":8}},"loc":{"start":{"line":54,"column":48},"end":{"line":63,"column":3}}}},"branchMap":{"0":{"loc":{"start":{"line":15,"column":4},"end":{"line":20,"column":5}},"type":"if","locations":[{"start":{"line":15,"column":4},"end":{"line":20,"column":5}},{"start":{},"end":{}}]},"1":{"loc":{"start":{"line":22,"column":4},"end":{"line":28,"column":5}},"type":"if","locations":[{"start":{"line":22,"column":4},"end":{"line":28,"column":5}},{"start":{},"end":{}}]},"2":{"loc":{"start":{"line":44,"column":4},"end":{"line":46,"column":5}},"type":"if","locations":[{"start":{"line":44,"column":4},"end":{"line":46,"column":5}},{"start":{},"end":{}}]}},"s":{"0":3,"1":0,"2":0,"3":0,"4":0,"5":0,"6":0,"7":0,"8":0,"9":0,"10":0,"11":0,"12":0,"13":0,"14":0,"15":0,"16":3},"f":{"0":0,"1":0,"2":0,"3":0,"4":0},"b":{"0":[0,0],"1":[0,0],"2":[0,0]}}
,"/Users/criss/Desktop/kata/identity-ocr-liveness-kata-node/src/utils/logger.ts": {"path":"/Users/criss/Desktop/kata/identity-ocr-liveness-kata-node/src/utils/logger.ts","statementMap":{"0":{"start":{"line":1,"column":0},"end":{"line":1,"column":30}},"1":{"start":{"line":2,"column":0},"end":{"line":2,"column":35}},"2":{"start":{"line":3,"column":0},"end":{"line":3,"column":39}},"3":{"start":{"line":4,"column":0},"end":{"line":4,"column":59}},"4":{"start":{"line":7,"column":24},"end":{"line":17,"column":2}},"5":{"start":{"line":8,"column":2},"end":{"line":10,"column":3}},"6":{"start":{"line":9,"column":4},"end":{"line":9,"column":72}},"7":{"start":{"line":11,"column":2},"end":{"line":15,"column":3}},"8":{"start":{"line":13,"column":24},"end":{"line":13,"column":52}},"9":{"start":{"line":14,"column":5},"end":{"line":14,"column":71}},"10":{"start":{"line":16,"column":2},"end":{"line":16,"column":14}},"11":{"start":{"line":19,"column":15},"end":{"line":50,"column":2}},"12":{"start":{"line":52,"column":0},"end":{"line":52,"column":22}}},"fnMap":{"0":{"name":"(anonymous_1)","decl":{"start":{"line":7,"column":39},"end":{"line":7,"column":40}},"loc":{"start":{"line":7,"column":48},"end":{"line":17,"column":1}}}},"branchMap":{"0":{"loc":{"start":{"line":8,"column":2},"end":{"line":10,"column":3}},"type":"if","locations":[{"start":{"line":8,"column":2},"end":{"line":10,"column":3}},{"start":{},"end":{}}]},"1":{"loc":{"start":{"line":8,"column":6},"end":{"line":8,"column":56}},"type":"binary-expr","locations":[{"start":{"line":8,"column":6},"end":{"line":8,"column":20}},{"start":{"line":8,"column":24},"end":{"line":8,"column":56}}]},"2":{"loc":{"start":{"line":11,"column":2},"end":{"line":15,"column":3}},"type":"if","locations":[{"start":{"line":11,"column":2},"end":{"line":15,"column":3}},{"start":{},"end":{}}]},"3":{"loc":{"start":{"line":11,"column":6},"end":{"line":11,"column":54}},"type":"binary-expr","locations":[{"start":{"line":11,"column":6},"end":{"line":11,"column":18}},{"start":{"line":11,"column":22},"end":{"line":11,"column":54}}]}},"s":{"0":4,"1":4,"2":4,"3":4,"4":4,"5":10,"6":0,"7":10,"8":0,"9":0,"10":10,"11":4,"12":4},"f":{"0":10},"b":{"0":[0,10],"1":[10,0],"2":[0,10],"3":[10,0]}}
,"/Users/criss/Desktop/kata/identity-ocr-liveness-kata-node/src/utils/validation/documentAlgorithms.utils.ts": {"path":"/Users/criss/Desktop/kata/identity-ocr-liveness-kata-node/src/utils/validation/documentAlgorithms.utils.ts","statementMap":{"0":{"start":{"line":13,"column":6},"end":{"line":13,"column":51}},"1":{"start":{"line":13,"column":38},"end":{"line":13,"column":51}},"2":{"start":{"line":17,"column":21},"end":{"line":17,"column":49}},"3":{"start":{"line":29,"column":6},"end":{"line":29,"column":18}},"4":{"start":{"line":37,"column":20},"end":{"line":37,"column":35}},"5":{"start":{"line":38,"column":6},"end":{"line":38,"column":41}},"6":{"start":{"line":38,"column":28},"end":{"line":38,"column":41}},"7":{"start":{"line":40,"column":20},"end":{"line":40,"column":35}},"8":{"start":{"line":41,"column":20},"end":{"line":41,"column":35}},"9":{"start":{"line":44,"column":6},"end":{"line":49,"column":7}},"10":{"start":{"line":48,"column":10},"end":{"line":48,"column":80}},"11":{"start":{"line":51,"column":6},"end":{"line":51,"column":18}},"12":{"start":{"line":60,"column":6},"end":{"line":60,"column":39}},"13":{"start":{"line":67,"column":16},"end":{"line":67,"column":17}},"14":{"start":{"line":68,"column":25},"end":{"line":68,"column":30}},"15":{"start":{"line":69,"column":6},"end":{"line":78,"column":7}},"16":{"start":{"line":69,"column":19},"end":{"line":69,"column":35}},"17":{"start":{"line":70,"column":20},"end":{"line":70,"column":45}},"18":{"start":{"line":72,"column":8},"end":{"line":74,"column":9}},"19":{"start":{"line":73,"column":10},"end":{"line":73,"column":43}},"20":{"start":{"line":73,"column":32},"end":{"line":73,"column":43}},"21":{"start":{"line":76,"column":8},"end":{"line":76,"column":21}},"22":{"start":{"line":77,"column":8},"end":{"line":77,"column":37}},"23":{"start":{"line":79,"column":6},"end":{"line":79,"column":29}},"24":{"start":{"line":1,"column":0},"end":{"line":1,"column":13}}},"fnMap":{"0":{"name":"(anonymous_0)","decl":{"start":{"line":11,"column":4},"end":{"line":11,"column":10}},"loc":{"start":{"line":11,"column":48},"end":{"line":30,"column":5}}},"1":{"name":"(anonymous_1)","decl":{"start":{"line":36,"column":4},"end":{"line":36,"column":10}},"loc":{"start":{"line":36,"column":34},"end":{"line":52,"column":5}}},"2":{"name":"(anonymous_2)","decl":{"start":{"line":58,"column":4},"end":{"line":58,"column":10}},"loc":{"start":{"line":58,"column":41},"end":{"line":61,"column":5}}},"3":{"name":"(anonymous_3)","decl":{"start":{"line":66,"column":4},"end":{"line":66,"column":10}},"loc":{"start":{"line":66,"column":34},"end":{"line":80,"column":5}}}},"branchMap":{"0":{"loc":{"start":{"line":13,"column":6},"end":{"line":13,"column":51}},"type":"if","locations":[{"start":{"line":13,"column":6},"end":{"line":13,"column":51}},{"start":{},"end":{}}]},"1":{"loc":{"start":{"line":38,"column":6},"end":{"line":38,"column":41}},"type":"if","locations":[{"start":{"line":38,"column":6},"end":{"line":38,"column":41}},{"start":{},"end":{}}]},"2":{"loc":{"start":{"line":44,"column":6},"end":{"line":49,"column":7}},"type":"if","locations":[{"start":{"line":44,"column":6},"end":{"line":49,"column":7}},{"start":{},"end":{}}]},"3":{"loc":{"start":{"line":44,"column":10},"end":{"line":44,"column":52}},"type":"binary-expr","locations":[{"start":{"line":44,"column":10},"end":{"line":44,"column":29}},{"start":{"line":44,"column":33},"end":{"line":44,"column":52}}]},"4":{"loc":{"start":{"line":48,"column":17},"end":{"line":48,"column":79}},"type":"binary-expr","locations":[{"start":{"line":48,"column":17},"end":{"line":48,"column":46}},{"start":{"line":48,"column":50},"end":{"line":48,"column":79}}]},"5":{"loc":{"start":{"line":72,"column":8},"end":{"line":74,"column":9}},"type":"if","locations":[{"start":{"line":72,"column":8},"end":{"line":74,"column":9}},{"start":{},"end":{}}]},"6":{"loc":{"start":{"line":73,"column":10},"end":{"line":73,"column":43}},"type":"if","locations":[{"start":{"line":73,"column":10},"end":{"line":73,"column":43}},{"start":{},"end":{}}]}},"s":{"0":0,"1":0,"2":0,"3":0,"4":0,"5":0,"6":0,"7":0,"8":0,"9":0,"10":0,"11":0,"12":0,"13":0,"14":0,"15":0,"16":0,"17":0,"18":0,"19":0,"20":0,"21":0,"22":0,"23":0,"24":3},"f":{"0":0,"1":0,"2":0,"3":0},"b":{"0":[0,0],"1":[0,0],"2":[0,0],"3":[0,0],"4":[0,0],"5":[0,0],"6":[0,0]}}
}
