{"/Users/criss/Desktop/kata/identity-ocr-liveness-kata-node/src/app.ts": {"path":"/Users/criss/Desktop/kata/identity-ocr-liveness-kata-node/src/app.ts","statementMap":{"0":{"start":{"line":1,"column":0},"end":{"line":1,"column":30}},"1":{"start":{"line":2,"column":0},"end":{"line":2,"column":24}},"2":{"start":{"line":3,"column":0},"end":{"line":3,"column":24}},"3":{"start":{"line":4,"column":0},"end":{"line":4,"column":28}},"4":{"start":{"line":5,"column":0},"end":{"line":5,"column":43}},"5":{"start":{"line":6,"column":0},"end":{"line":6,"column":28}},"6":{"start":{"line":7,"column":0},"end":{"line":7,"column":38}},"7":{"start":{"line":8,"column":0},"end":{"line":8,"column":38}},"8":{"start":{"line":9,"column":0},"end":{"line":9,"column":36}},"9":{"start":{"line":10,"column":0},"end":{"line":10,"column":46}},"10":{"start":{"line":11,"column":0},"end":{"line":11,"column":44}},"11":{"start":{"line":12,"column":0},"end":{"line":12,"column":54}},"12":{"start":{"line":13,"column":0},"end":{"line":13,"column":42}},"13":{"start":{"line":14,"column":0},"end":{"line":14,"column":58}},"14":{"start":{"line":15,"column":0},"end":{"line":15,"column":48}},"15":{"start":{"line":16,"column":0},"end":{"line":16,"column":43}},"16":{"start":{"line":17,"column":0},"end":{"line":17,"column":42}},"17":{"start":{"line":18,"column":0},"end":{"line":18,"column":101}},"18":{"start":{"line":20,"column":12},"end":{"line":20,"column":21}},"19":{"start":{"line":23,"column":0},"end":{"line":33,"column":3}},"20":{"start":{"line":24,"column":16},"end":{"line":24,"column":26}},"21":{"start":{"line":25,"column":2},"end":{"line":31,"column":5}},"22":{"start":{"line":26,"column":21},"end":{"line":26,"column":39}},"23":{"start":{"line":27,"column":18},"end":{"line":27,"column":55}},"24":{"start":{"line":28,"column":4},"end":{"line":30,"column":25}},"25":{"start":{"line":32,"column":2},"end":{"line":32,"column":9}},"26":{"start":{"line":36,"column":0},"end":{"line":47,"column":2}},"27":{"start":{"line":48,"column":0},"end":{"line":48,"column":45}},"28":{"start":{"line":49,"column":0},"end":{"line":49,"column":24}},"29":{"start":{"line":50,"column":0},"end":{"line":50,"column":48}},"30":{"start":{"line":53,"column":0},"end":{"line":64,"column":2}},"31":{"start":{"line":67,"column":16},"end":{"line":72,"column":2}},"32":{"start":{"line":73,"column":0},"end":{"line":73,"column":17}},"33":{"start":{"line":74,"column":0},"end":{"line":79,"column":3}},"34":{"start":{"line":75,"column":2},"end":{"line":75,"column":42}},"35":{"start":{"line":76,"column":2},"end":{"line":76,"column":46}},"36":{"start":{"line":77,"column":2},"end":{"line":77,"column":57}},"37":{"start":{"line":78,"column":2},"end":{"line":78,"column":9}},"38":{"start":{"line":82,"column":0},"end":{"line":82,"column":33}},"39":{"start":{"line":83,"column":0},"end":{"line":83,"column":31}},"40":{"start":{"line":84,"column":0},"end":{"line":84,"column":41}},"41":{"start":{"line":85,"column":0},"end":{"line":85,"column":29}},"42":{"start":{"line":86,"column":0},"end":{"line":86,"column":45}},"43":{"start":{"line":87,"column":0},"end":{"line":87,"column":35}},"44":{"start":{"line":88,"column":0},"end":{"line":88,"column":84}},"45":{"start":{"line":91,"column":0},"end":{"line":97,"column":2}},"46":{"start":{"line":94,"column":34},"end":{"line":94,"column":61}},"47":{"start":{"line":102,"column":0},"end":{"line":105,"column":3}},"48":{"start":{"line":103,"column":2},"end":{"line":103,"column":59}},"49":{"start":{"line":104,"column":2},"end":{"line":104,"column":45}},"50":{"start":{"line":108,"column":0},"end":{"line":113,"column":3}},"51":{"start":{"line":109,"column":2},"end":{"line":112,"column":5}},"52":{"start":{"line":116,"column":0},"end":{"line":118,"column":3}},"53":{"start":{"line":117,"column":2},"end":{"line":117,"column":29}},"54":{"start":{"line":120,"column":0},"end":{"line":120,"column":19}},"55":{"start":{"line":123,"column":0},"end":{"line":123,"column":59}}},"fnMap":{"0":{"name":"(anonymous_1)","decl":{"start":{"line":23,"column":8},"end":{"line":23,"column":9}},"loc":{"start":{"line":23,"column":27},"end":{"line":33,"column":1}}},"1":{"name":"(anonymous_2)","decl":{"start":{"line":25,"column":19},"end":{"line":25,"column":22}},"loc":{"start":{"line":25,"column":24},"end":{"line":31,"column":3}}},"2":{"name":"(anonymous_3)","decl":{"start":{"line":74,"column":8},"end":{"line":74,"column":9}},"loc":{"start":{"line":74,"column":27},"end":{"line":79,"column":1}}},"3":{"name":"(anonymous_4)","decl":{"start":{"line":94,"column":13},"end":{"line":94,"column":14}},"loc":{"start":{"line":94,"column":34},"end":{"line":94,"column":61}}},"4":{"name":"(anonymous_5)","decl":{"start":{"line":102,"column":20},"end":{"line":102,"column":25}},"loc":{"start":{"line":102,"column":39},"end":{"line":105,"column":1}}},"5":{"name":"(anonymous_6)","decl":{"start":{"line":108,"column":13},"end":{"line":108,"column":14}},"loc":{"start":{"line":108,"column":26},"end":{"line":113,"column":1}}},"6":{"name":"(anonymous_7)","decl":{"start":{"line":116,"column":19},"end":{"line":116,"column":20}},"loc":{"start":{"line":116,"column":32},"end":{"line":118,"column":1}}}},"branchMap":{"0":{"loc":{"start":{"line":27,"column":18},"end":{"line":27,"column":55}},"type":"cond-expr","locations":[{"start":{"line":27,"column":30},"end":{"line":27,"column":44}},{"start":{"line":27,"column":47},"end":{"line":27,"column":55}}]}},"s":{"0":7,"1":7,"2":7,"3":7,"4":7,"5":7,"6":7,"7":7,"8":7,"9":7,"10":7,"11":7,"12":7,"13":7,"14":7,"15":7,"16":7,"17":7,"18":7,"19":7,"20":123,"21":123,"22":123,"23":123,"24":123,"25":123,"26":7,"27":7,"28":7,"29":7,"30":7,"31":7,"32":7,"33":7,"34":122,"35":122,"36":122,"37":122,"38":7,"39":7,"40":7,"41":7,"42":7,"43":7,"44":7,"45":7,"46":105,"47":7,"48":0,"49":0,"50":7,"51":1,"52":7,"53":104,"54":7,"55":7},"f":{"0":123,"1":123,"2":122,"3":105,"4":0,"5":1,"6":104},"b":{"0":[122,1]}}
,"/Users/criss/Desktop/kata/identity-ocr-liveness-kata-node/src/config/database.ts": {"path":"/Users/criss/Desktop/kata/identity-ocr-liveness-kata-node/src/config/database.ts","statementMap":{"0":{"start":{"line":1,"column":0},"end":{"line":1,"column":38}},"1":{"start":{"line":2,"column":0},"end":{"line":2,"column":24}},"2":{"start":{"line":3,"column":0},"end":{"line":3,"column":37}},"3":{"start":{"line":5,"column":21},"end":{"line":5,"column":58}},"4":{"start":{"line":7,"column":29},"end":{"line":28,"column":6}},"5":{"start":{"line":10,"column":24},"end":{"line":10,"column":41}},"6":{"start":{"line":27,"column":24},"end":{"line":27,"column":41}},"7":{"start":{"line":30,"column":9},"end":{"line":30,"column":18}},"8":{"start":{"line":32,"column":28},"end":{"line":42,"column":1}},"9":{"start":{"line":33,"column":2},"end":{"line":41,"column":3}},"10":{"start":{"line":34,"column":4},"end":{"line":34,"column":35}},"11":{"start":{"line":35,"column":4},"end":{"line":35,"column":93}},"12":{"start":{"line":37,"column":4},"end":{"line":37,"column":27}},"13":{"start":{"line":38,"column":4},"end":{"line":38,"column":43}},"14":{"start":{"line":40,"column":4},"end":{"line":40,"column":62}},"15":{"start":{"line":32,"column":13},"end":{"line":32,"column":28}}},"fnMap":{"0":{"name":"(anonymous_1)","decl":{"start":{"line":10,"column":15},"end":{"line":10,"column":16}},"loc":{"start":{"line":10,"column":24},"end":{"line":10,"column":41}}},"1":{"name":"(anonymous_2)","decl":{"start":{"line":27,"column":15},"end":{"line":27,"column":16}},"loc":{"start":{"line":27,"column":24},"end":{"line":27,"column":41}}},"2":{"name":"(anonymous_3)","decl":{"start":{"line":32,"column":28},"end":{"line":32,"column":33}},"loc":{"start":{"line":32,"column":39},"end":{"line":42,"column":1}}}},"branchMap":{"0":{"loc":{"start":{"line":7,"column":29},"end":{"line":28,"column":6}},"type":"cond-expr","locations":[{"start":{"line":8,"column":4},"end":{"line":23,"column":6}},{"start":{"line":24,"column":4},"end":{"line":28,"column":6}}]},"1":{"loc":{"start":{"line":18,"column":13},"end":{"line":21,"column":17}},"type":"cond-expr","locations":[{"start":{"line":18,"column":45},"end":{"line":21,"column":10}},{"start":{"line":21,"column":12},"end":{"line":21,"column":17}}]}},"s":{"0":7,"1":7,"2":7,"3":7,"4":7,"5":0,"6":8,"7":7,"8":7,"9":0,"10":0,"11":0,"12":0,"13":0,"14":0,"15":7},"f":{"0":0,"1":8,"2":0},"b":{"0":[0,7],"1":[0,0]}}
,"/Users/criss/Desktop/kata/identity-ocr-liveness-kata-node/src/config/env.ts": {"path":"/Users/criss/Desktop/kata/identity-ocr-liveness-kata-node/src/config/env.ts","statementMap":{"0":{"start":{"line":1,"column":0},"end":{"line":1,"column":28}},"1":{"start":{"line":3,"column":0},"end":{"line":3,"column":16}},"2":{"start":{"line":5,"column":13},"end":{"line":20,"column":2}}},"fnMap":{},"branchMap":{"0":{"loc":{"start":{"line":6,"column":8},"end":{"line":6,"column":32}},"type":"binary-expr","locations":[{"start":{"line":6,"column":8},"end":{"line":6,"column":24}},{"start":{"line":6,"column":28},"end":{"line":6,"column":32}}]},"1":{"loc":{"start":{"line":7,"column":11},"end":{"line":7,"column":48}},"type":"binary-expr","locations":[{"start":{"line":7,"column":11},"end":{"line":7,"column":31}},{"start":{"line":7,"column":35},"end":{"line":7,"column":48}}]},"2":{"loc":{"start":{"line":8,"column":12},"end":{"line":8,"column":43}},"type":"binary-expr","locations":[{"start":{"line":8,"column":12},"end":{"line":8,"column":33}},{"start":{"line":8,"column":37},"end":{"line":8,"column":43}}]},"3":{"loc":{"start":{"line":9,"column":14},"end":{"line":9,"column":44}},"type":"binary-expr","locations":[{"start":{"line":9,"column":14},"end":{"line":9,"column":37}},{"start":{"line":9,"column":41},"end":{"line":9,"column":44}}]},"4":{"loc":{"start":{"line":11,"column":12},"end":{"line":11,"column":54}},"type":"binary-expr","locations":[{"start":{"line":11,"column":12},"end":{"line":11,"column":34}},{"start":{"line":11,"column":38},"end":{"line":11,"column":54}}]},"5":{"loc":{"start":{"line":12,"column":15},"end":{"line":12,"column":49}},"type":"binary-expr","locations":[{"start":{"line":12,"column":15},"end":{"line":12,"column":41}},{"start":{"line":12,"column":45},"end":{"line":12,"column":49}}]},"6":{"loc":{"start":{"line":13,"column":19},"end":{"line":13,"column":79}},"type":"binary-expr","locations":[{"start":{"line":13,"column":19},"end":{"line":13,"column":51}},{"start":{"line":13,"column":55},"end":{"line":13,"column":79}}]},"7":{"loc":{"start":{"line":14,"column":22},"end":{"line":14,"column":66}},"type":"binary-expr","locations":[{"start":{"line":14,"column":22},"end":{"line":14,"column":58}},{"start":{"line":14,"column":62},"end":{"line":14,"column":66}}]},"8":{"loc":{"start":{"line":17,"column":12},"end":{"line":17,"column":80}},"type":"binary-expr","locations":[{"start":{"line":17,"column":12},"end":{"line":17,"column":42}},{"start":{"line":17,"column":46},"end":{"line":17,"column":80}}]},"9":{"loc":{"start":{"line":18,"column":19},"end":{"line":18,"column":73}},"type":"binary-expr","locations":[{"start":{"line":18,"column":19},"end":{"line":18,"column":45}},{"start":{"line":18,"column":49},"end":{"line":18,"column":73}}]}},"s":{"0":19,"1":19,"2":19},"f":{},"b":{"0":[19,0],"1":[19,0],"2":[19,0],"3":[19,0],"4":[19,0],"5":[19,0],"6":[19,0],"7":[19,0],"8":[19,0],"9":[19,0]}}
,"/Users/criss/Desktop/kata/identity-ocr-liveness-kata-node/src/config/ocr.config.ts": {"path":"/Users/criss/Desktop/kata/identity-ocr-liveness-kata-node/src/config/ocr.config.ts","statementMap":{"0":{"start":{"line":3,"column":13},"end":{"line":12,"column":2}}},"fnMap":{},"branchMap":{"0":{"loc":{"start":{"line":9,"column":10},"end":{"line":9,"column":47}},"type":"binary-expr","locations":[{"start":{"line":9,"column":10},"end":{"line":9,"column":32}},{"start":{"line":9,"column":36},"end":{"line":9,"column":47}}]},"1":{"loc":{"start":{"line":10,"column":26},"end":{"line":10,"column":58}},"type":"binary-expr","locations":[{"start":{"line":10,"column":26},"end":{"line":10,"column":48}},{"start":{"line":10,"column":52},"end":{"line":10,"column":58}}]}},"s":{"0":7},"f":{},"b":{"0":[7,7],"1":[7,7]}}
,"/Users/criss/Desktop/kata/identity-ocr-liveness-kata-node/src/controllers/auth.controller.ts": {"path":"/Users/criss/Desktop/kata/identity-ocr-liveness-kata-node/src/controllers/auth.controller.ts","statementMap":{"0":{"start":{"line":2,"column":0},"end":{"line":2,"column":55}},"1":{"start":{"line":3,"column":0},"end":{"line":3,"column":37}},"2":{"start":{"line":7,"column":4},"end":{"line":20,"column":5}},"3":{"start":{"line":8,"column":19},"end":{"line":8,"column":55}},"4":{"start":{"line":9,"column":6},"end":{"line":16,"column":9}},"5":{"start":{"line":18,"column":6},"end":{"line":18,"column":59}},"6":{"start":{"line":19,"column":6},"end":{"line":19,"column":53}},"7":{"start":{"line":24,"column":4},"end":{"line":30,"column":5}},"8":{"start":{"line":25,"column":21},"end":{"line":25,"column":54}},"9":{"start":{"line":26,"column":6},"end":{"line":26,"column":23}},"10":{"start":{"line":28,"column":6},"end":{"line":28,"column":52}},"11":{"start":{"line":29,"column":6},"end":{"line":29,"column":53}},"12":{"start":{"line":34,"column":4},"end":{"line":40,"column":5}},"13":{"start":{"line":35,"column":31},"end":{"line":35,"column":39}},"14":{"start":{"line":36,"column":26},"end":{"line":36,"column":70}},"15":{"start":{"line":37,"column":6},"end":{"line":37,"column":32}},"16":{"start":{"line":39,"column":6},"end":{"line":39,"column":53}},"17":{"start":{"line":44,"column":4},"end":{"line":50,"column":5}},"18":{"start":{"line":45,"column":31},"end":{"line":45,"column":39}},"19":{"start":{"line":46,"column":6},"end":{"line":46,"column":45}},"20":{"start":{"line":47,"column":6},"end":{"line":47,"column":67}},"21":{"start":{"line":49,"column":6},"end":{"line":49,"column":53}},"22":{"start":{"line":5,"column":0},"end":{"line":5,"column":13}}},"fnMap":{"0":{"name":"(anonymous_1)","decl":{"start":{"line":6,"column":2},"end":{"line":6,"column":8}},"loc":{"start":{"line":6,"column":51},"end":{"line":21,"column":3}}},"1":{"name":"(anonymous_2)","decl":{"start":{"line":23,"column":2},"end":{"line":23,"column":8}},"loc":{"start":{"line":23,"column":48},"end":{"line":31,"column":3}}},"2":{"name":"(anonymous_3)","decl":{"start":{"line":33,"column":2},"end":{"line":33,"column":8}},"loc":{"start":{"line":33,"column":55},"end":{"line":41,"column":3}}},"3":{"name":"(anonymous_4)","decl":{"start":{"line":43,"column":2},"end":{"line":43,"column":8}},"loc":{"start":{"line":43,"column":49},"end":{"line":51,"column":3}}}},"branchMap":{},"s":{"0":7,"1":7,"2":2,"3":2,"4":2,"5":0,"6":0,"7":2,"8":2,"9":2,"10":0,"11":0,"12":2,"13":2,"14":2,"15":1,"16":1,"17":1,"18":1,"19":1,"20":1,"21":0,"22":7},"f":{"0":2,"1":2,"2":2,"3":1},"b":{}}
,"/Users/criss/Desktop/kata/identity-ocr-liveness-kata-node/src/controllers/liveness.controller.ts": {"path":"/Users/criss/Desktop/kata/identity-ocr-liveness-kata-node/src/controllers/liveness.controller.ts","statementMap":{"0":{"start":{"line":2,"column":0},"end":{"line":2,"column":63}},"1":{"start":{"line":3,"column":0},"end":{"line":3,"column":37}},"2":{"start":{"line":4,"column":0},"end":{"line":4,"column":75}},"3":{"start":{"line":5,"column":0},"end":{"line":5,"column":65}},"4":{"start":{"line":9,"column":4},"end":{"line":35,"column":5}},"5":{"start":{"line":10,"column":21},"end":{"line":10,"column":46}},"6":{"start":{"line":11,"column":6},"end":{"line":14,"column":7}},"7":{"start":{"line":12,"column":8},"end":{"line":12,"column":58}},"8":{"start":{"line":13,"column":8},"end":{"line":13,"column":15}},"9":{"start":{"line":16,"column":22},"end":{"line":16,"column":65}},"10":{"start":{"line":17,"column":6},"end":{"line":26,"column":16}},"11":{"start":{"line":18,"column":8},"end":{"line":25,"column":11}},"12":{"start":{"line":27,"column":6},"end":{"line":31,"column":9}},"13":{"start":{"line":33,"column":6},"end":{"line":33,"column":61}},"14":{"start":{"line":34,"column":6},"end":{"line":34,"column":65}},"15":{"start":{"line":39,"column":4},"end":{"line":82,"column":5}},"16":{"start":{"line":40,"column":28},"end":{"line":40,"column":36}},"17":{"start":{"line":41,"column":19},"end":{"line":41,"column":27}},"18":{"start":{"line":43,"column":6},"end":{"line":46,"column":7}},"19":{"start":{"line":44,"column":8},"end":{"line":44,"column":68}},"20":{"start":{"line":45,"column":8},"end":{"line":45,"column":15}},"21":{"start":{"line":48,"column":6},"end":{"line":51,"column":7}},"22":{"start":{"line":49,"column":8},"end":{"line":49,"column":69}},"23":{"start":{"line":50,"column":8},"end":{"line":50,"column":15}},"24":{"start":{"line":53,"column":21},"end":{"line":53,"column":64}},"25":{"start":{"line":54,"column":25},"end":{"line":54,"column":52}},"26":{"start":{"line":55,"column":21},"end":{"line":55,"column":79}},"27":{"start":{"line":56,"column":20},"end":{"line":56,"column":63}},"28":{"start":{"line":58,"column":6},"end":{"line":72,"column":16}},"29":{"start":{"line":59,"column":23},"end":{"line":59,"column":48}},"30":{"start":{"line":60,"column":8},"end":{"line":70,"column":9}},"31":{"start":{"line":61,"column":10},"end":{"line":61,"column":63}},"32":{"start":{"line":62,"column":10},"end":{"line":69,"column":13}},"33":{"start":{"line":74,"column":6},"end":{"line":77,"column":9}},"34":{"start":{"line":80,"column":6},"end":{"line":80,"column":52}},"35":{"start":{"line":81,"column":6},"end":{"line":81,"column":87}},"36":{"start":{"line":86,"column":4},"end":{"line":99,"column":5}},"37":{"start":{"line":87,"column":21},"end":{"line":87,"column":31}},"38":{"start":{"line":88,"column":22},"end":{"line":88,"column":58}},"39":{"start":{"line":90,"column":6},"end":{"line":93,"column":7}},"40":{"start":{"line":91,"column":8},"end":{"line":91,"column":63}},"41":{"start":{"line":92,"column":8},"end":{"line":92,"column":15}},"42":{"start":{"line":95,"column":6},"end":{"line":95,"column":24}},"43":{"start":{"line":97,"column":6},"end":{"line":97,"column":51}},"44":{"start":{"line":98,"column":6},"end":{"line":98,"column":65}},"45":{"start":{"line":103,"column":4},"end":{"line":122,"column":5}},"46":{"start":{"line":104,"column":36},"end":{"line":104,"column":44}},"47":{"start":{"line":105,"column":6},"end":{"line":107,"column":7}},"48":{"start":{"line":106,"column":8},"end":{"line":106,"column":75}},"49":{"start":{"line":108,"column":21},"end":{"line":108,"column":46}},"50":{"start":{"line":109,"column":6},"end":{"line":109,"column":59}},"51":{"start":{"line":110,"column":6},"end":{"line":117,"column":9}},"52":{"start":{"line":118,"column":6},"end":{"line":118,"column":49}},"53":{"start":{"line":120,"column":6},"end":{"line":120,"column":63}},"54":{"start":{"line":121,"column":6},"end":{"line":121,"column":65}},"55":{"start":{"line":7,"column":0},"end":{"line":7,"column":13}}},"fnMap":{"0":{"name":"(anonymous_1)","decl":{"start":{"line":8,"column":2},"end":{"line":8,"column":8}},"loc":{"start":{"line":8,"column":55},"end":{"line":36,"column":3}}},"1":{"name":"(anonymous_2)","decl":{"start":{"line":38,"column":2},"end":{"line":38,"column":8}},"loc":{"start":{"line":38,"column":56},"end":{"line":83,"column":3}}},"2":{"name":"(anonymous_3)","decl":{"start":{"line":85,"column":2},"end":{"line":85,"column":8}},"loc":{"start":{"line":85,"column":53},"end":{"line":100,"column":3}}},"3":{"name":"(anonymous_4)","decl":{"start":{"line":102,"column":2},"end":{"line":102,"column":8}},"loc":{"start":{"line":102,"column":58},"end":{"line":123,"column":3}}}},"branchMap":{"0":{"loc":{"start":{"line":10,"column":21},"end":{"line":10,"column":46}},"type":"cond-expr","locations":[{"start":{"line":10,"column":38},"end":{"line":10,"column":40}},{"start":{"line":10,"column":38},"end":{"line":10,"column":46}}]},"1":{"loc":{"start":{"line":10,"column":21},"end":{"line":10,"column":40}},"type":"binary-expr","locations":[{"start":{"line":10,"column":21},"end":{"line":10,"column":40}},{"start":{"line":10,"column":38},"end":{"line":10,"column":40}}]},"2":{"loc":{"start":{"line":11,"column":6},"end":{"line":14,"column":7}},"type":"if","locations":[{"start":{"line":11,"column":6},"end":{"line":14,"column":7}},{"start":{},"end":{}}]},"3":{"loc":{"start":{"line":43,"column":6},"end":{"line":46,"column":7}},"type":"if","locations":[{"start":{"line":43,"column":6},"end":{"line":46,"column":7}},{"start":{},"end":{}}]},"4":{"loc":{"start":{"line":48,"column":6},"end":{"line":51,"column":7}},"type":"if","locations":[{"start":{"line":48,"column":6},"end":{"line":51,"column":7}},{"start":{},"end":{}}]},"5":{"loc":{"start":{"line":54,"column":25},"end":{"line":54,"column":52}},"type":"binary-expr","locations":[{"start":{"line":54,"column":25},"end":{"line":54,"column":39}},{"start":{"line":54,"column":43},"end":{"line":54,"column":52}}]},"6":{"loc":{"start":{"line":54,"column":25},"end":{"line":54,"column":39}},"type":"cond-expr","locations":[{"start":{"line":54,"column":31},"end":{"line":54,"column":33}},{"start":{"line":54,"column":25},"end":{"line":54,"column":39}}]},"7":{"loc":{"start":{"line":54,"column":25},"end":{"line":54,"column":33}},"type":"binary-expr","locations":[{"start":{"line":54,"column":25},"end":{"line":54,"column":33}},{"start":{"line":54,"column":25},"end":{"line":54,"column":33}}]},"8":{"loc":{"start":{"line":59,"column":23},"end":{"line":59,"column":48}},"type":"cond-expr","locations":[{"start":{"line":59,"column":40},"end":{"line":59,"column":42}},{"start":{"line":59,"column":40},"end":{"line":59,"column":48}}]},"9":{"loc":{"start":{"line":59,"column":23},"end":{"line":59,"column":42}},"type":"binary-expr","locations":[{"start":{"line":59,"column":23},"end":{"line":59,"column":42}},{"start":{"line":59,"column":40},"end":{"line":59,"column":42}}]},"10":{"loc":{"start":{"line":60,"column":8},"end":{"line":70,"column":9}},"type":"if","locations":[{"start":{"line":60,"column":8},"end":{"line":70,"column":9}},{"start":{},"end":{}}]},"11":{"loc":{"start":{"line":60,"column":12},"end":{"line":60,"column":66}},"type":"binary-expr","locations":[{"start":{"line":60,"column":12},"end":{"line":60,"column":36}},{"start":{"line":60,"column":40},"end":{"line":60,"column":66}}]},"12":{"loc":{"start":{"line":60,"column":40},"end":{"line":60,"column":53}},"type":"cond-expr","locations":[{"start":{"line":60,"column":45},"end":{"line":60,"column":47}},{"start":{"line":60,"column":40},"end":{"line":60,"column":53}}]},"13":{"loc":{"start":{"line":60,"column":40},"end":{"line":60,"column":47}},"type":"binary-expr","locations":[{"start":{"line":60,"column":40},"end":{"line":60,"column":47}},{"start":{"line":60,"column":40},"end":{"line":60,"column":47}}]},"14":{"loc":{"start":{"line":90,"column":6},"end":{"line":93,"column":7}},"type":"if","locations":[{"start":{"line":90,"column":6},"end":{"line":93,"column":7}},{"start":{},"end":{}}]},"15":{"loc":{"start":{"line":105,"column":6},"end":{"line":107,"column":7}},"type":"if","locations":[{"start":{"line":105,"column":6},"end":{"line":107,"column":7}},{"start":{},"end":{}}]},"16":{"loc":{"start":{"line":108,"column":21},"end":{"line":108,"column":46}},"type":"cond-expr","locations":[{"start":{"line":108,"column":38},"end":{"line":108,"column":40}},{"start":{"line":108,"column":38},"end":{"line":108,"column":46}}]},"17":{"loc":{"start":{"line":108,"column":21},"end":{"line":108,"column":40}},"type":"binary-expr","locations":[{"start":{"line":108,"column":21},"end":{"line":108,"column":40}},{"start":{"line":108,"column":38},"end":{"line":108,"column":40}}]}},"s":{"0":8,"1":8,"2":8,"3":8,"4":1,"5":1,"6":1,"7":0,"8":0,"9":1,"10":1,"11":1,"12":1,"13":0,"14":0,"15":3,"16":3,"17":3,"18":3,"19":1,"20":1,"21":2,"22":1,"23":1,"24":1,"25":1,"26":1,"27":1,"28":1,"29":1,"30":1,"31":0,"32":0,"33":1,"34":0,"35":0,"36":1,"37":1,"38":1,"39":1,"40":1,"41":1,"42":0,"43":0,"44":0,"45":1,"46":1,"47":1,"48":1,"49":0,"50":0,"51":0,"52":0,"53":0,"54":0,"55":8},"f":{"0":1,"1":3,"2":1,"3":1},"b":{"0":[0,1],"1":[1,1],"2":[0,1],"3":[1,2],"4":[1,1],"5":[1,0],"6":[0,1],"7":[1,1],"8":[0,1],"9":[1,1],"10":[0,1],"11":[1,0],"12":[0,0],"13":[0,0],"14":[1,0],"15":[1,0],"16":[0,0],"17":[0,0]}}
,"/Users/criss/Desktop/kata/identity-ocr-liveness-kata-node/src/controllers/ml.controller.ts": {"path":"/Users/criss/Desktop/kata/identity-ocr-liveness-kata-node/src/controllers/ml.controller.ts","statementMap":{"0":{"start":{"line":2,"column":0},"end":{"line":2,"column":84}},"1":{"start":{"line":3,"column":0},"end":{"line":3,"column":20}},"2":{"start":{"line":4,"column":0},"end":{"line":4,"column":37}},"3":{"start":{"line":8,"column":4},"end":{"line":32,"column":5}},"4":{"start":{"line":9,"column":6},"end":{"line":11,"column":7}},"5":{"start":{"line":10,"column":8},"end":{"line":10,"column":73}},"6":{"start":{"line":13,"column":6},"end":{"line":13,"column":80}},"7":{"start":{"line":14,"column":21},"end":{"line":14,"column":51}},"8":{"start":{"line":16,"column":21},"end":{"line":16,"column":72}},"9":{"start":{"line":19,"column":6},"end":{"line":23,"column":7}},"10":{"start":{"line":20,"column":8},"end":{"line":20,"column":37}},"11":{"start":{"line":22,"column":8},"end":{"line":22,"column":58}},"12":{"start":{"line":25,"column":6},"end":{"line":25,"column":23}},"13":{"start":{"line":27,"column":6},"end":{"line":27,"column":65}},"14":{"start":{"line":28,"column":6},"end":{"line":30,"column":7}},"15":{"start":{"line":29,"column":9},"end":{"line":29,"column":59}},"16":{"start":{"line":29,"column":15},"end":{"line":29,"column":44}},"17":{"start":{"line":31,"column":6},"end":{"line":31,"column":53}},"18":{"start":{"line":37,"column":4},"end":{"line":40,"column":7}},"19":{"start":{"line":6,"column":0},"end":{"line":6,"column":13}}},"fnMap":{"0":{"name":"(anonymous_1)","decl":{"start":{"line":7,"column":2},"end":{"line":7,"column":8}},"loc":{"start":{"line":7,"column":57},"end":{"line":33,"column":3}}},"1":{"name":"(anonymous_2)","decl":{"start":{"line":35,"column":2},"end":{"line":35,"column":8}},"loc":{"start":{"line":35,"column":59},"end":{"line":41,"column":3}}}},"branchMap":{"0":{"loc":{"start":{"line":9,"column":6},"end":{"line":11,"column":7}},"type":"if","locations":[{"start":{"line":9,"column":6},"end":{"line":11,"column":7}},{"start":{},"end":{}}]},"1":{"loc":{"start":{"line":28,"column":6},"end":{"line":30,"column":7}},"type":"if","locations":[{"start":{"line":28,"column":6},"end":{"line":30,"column":7}},{"start":{},"end":{}}]},"2":{"loc":{"start":{"line":28,"column":10},"end":{"line":28,"column":50}},"type":"binary-expr","locations":[{"start":{"line":28,"column":10},"end":{"line":28,"column":18}},{"start":{"line":28,"column":22},"end":{"line":28,"column":50}}]}},"s":{"0":8,"1":8,"2":8,"3":2,"4":2,"5":1,"6":1,"7":1,"8":1,"9":1,"10":1,"11":0,"12":1,"13":0,"14":0,"15":0,"16":0,"17":0,"18":0,"19":8},"f":{"0":2,"1":0},"b":{"0":[1,1],"1":[0,0],"2":[0,0]}}
,"/Users/criss/Desktop/kata/identity-ocr-liveness-kata-node/src/controllers/ocr.controller.ts": {"path":"/Users/criss/Desktop/kata/identity-ocr-liveness-kata-node/src/controllers/ocr.controller.ts","statementMap":{"0":{"start":{"line":2,"column":0},"end":{"line":2,"column":56}},"1":{"start":{"line":3,"column":0},"end":{"line":3,"column":83}},"2":{"start":{"line":4,"column":0},"end":{"line":4,"column":53}},"3":{"start":{"line":5,"column":0},"end":{"line":5,"column":37}},"4":{"start":{"line":11,"column":4},"end":{"line":29,"column":5}},"5":{"start":{"line":12,"column":6},"end":{"line":14,"column":7}},"6":{"start":{"line":13,"column":8},"end":{"line":13,"column":73}},"7":{"start":{"line":17,"column":25},"end":{"line":17,"column":87}},"8":{"start":{"line":18,"column":6},"end":{"line":20,"column":7}},"9":{"start":{"line":19,"column":8},"end":{"line":19,"column":66}},"10":{"start":{"line":23,"column":21},"end":{"line":23,"column":65}},"11":{"start":{"line":25,"column":6},"end":{"line":25,"column":23}},"12":{"start":{"line":27,"column":6},"end":{"line":27,"column":59}},"13":{"start":{"line":28,"column":6},"end":{"line":28,"column":53}},"14":{"start":{"line":34,"column":4},"end":{"line":56,"column":5}},"15":{"start":{"line":35,"column":6},"end":{"line":37,"column":7}},"16":{"start":{"line":36,"column":8},"end":{"line":36,"column":73}},"17":{"start":{"line":39,"column":21},"end":{"line":39,"column":61}},"18":{"start":{"line":42,"column":18},"end":{"line":45,"column":8}},"19":{"start":{"line":47,"column":6},"end":{"line":51,"column":9}},"20":{"start":{"line":54,"column":6},"end":{"line":54,"column":52}},"21":{"start":{"line":55,"column":6},"end":{"line":55,"column":53}},"22":{"start":{"line":60,"column":4},"end":{"line":81,"column":5}},"23":{"start":{"line":61,"column":21},"end":{"line":61,"column":31}},"24":{"start":{"line":62,"column":18},"end":{"line":62,"column":43}},"25":{"start":{"line":64,"column":6},"end":{"line":66,"column":7}},"26":{"start":{"line":65,"column":8},"end":{"line":65,"column":64}},"27":{"start":{"line":68,"column":20},"end":{"line":68,"column":40}},"28":{"start":{"line":69,"column":21},"end":{"line":69,"column":36}},"29":{"start":{"line":70,"column":21},"end":{"line":70,"column":37}},"30":{"start":{"line":72,"column":6},"end":{"line":77,"column":9}},"31":{"start":{"line":80,"column":6},"end":{"line":80,"column":53}},"32":{"start":{"line":7,"column":0},"end":{"line":7,"column":13}}},"fnMap":{"0":{"name":"(anonymous_1)","decl":{"start":{"line":10,"column":2},"end":{"line":10,"column":8}},"loc":{"start":{"line":10,"column":58},"end":{"line":30,"column":3}}},"1":{"name":"(anonymous_2)","decl":{"start":{"line":33,"column":2},"end":{"line":33,"column":8}},"loc":{"start":{"line":33,"column":56},"end":{"line":57,"column":3}}},"2":{"name":"(anonymous_3)","decl":{"start":{"line":59,"column":2},"end":{"line":59,"column":8}},"loc":{"start":{"line":59,"column":55},"end":{"line":82,"column":3}}}},"branchMap":{"0":{"loc":{"start":{"line":12,"column":6},"end":{"line":14,"column":7}},"type":"if","locations":[{"start":{"line":12,"column":6},"end":{"line":14,"column":7}},{"start":{},"end":{}}]},"1":{"loc":{"start":{"line":18,"column":6},"end":{"line":20,"column":7}},"type":"if","locations":[{"start":{"line":18,"column":6},"end":{"line":20,"column":7}},{"start":{},"end":{}}]},"2":{"loc":{"start":{"line":35,"column":6},"end":{"line":37,"column":7}},"type":"if","locations":[{"start":{"line":35,"column":6},"end":{"line":37,"column":7}},{"start":{},"end":{}}]},"3":{"loc":{"start":{"line":39,"column":21},"end":{"line":39,"column":61}},"type":"binary-expr","locations":[{"start":{"line":39,"column":21},"end":{"line":39,"column":46}},{"start":{"line":39,"column":50},"end":{"line":39,"column":61}}]},"4":{"loc":{"start":{"line":39,"column":21},"end":{"line":39,"column":46}},"type":"cond-expr","locations":[{"start":{"line":39,"column":38},"end":{"line":39,"column":40}},{"start":{"line":39,"column":38},"end":{"line":39,"column":46}}]},"5":{"loc":{"start":{"line":39,"column":21},"end":{"line":39,"column":40}},"type":"binary-expr","locations":[{"start":{"line":39,"column":21},"end":{"line":39,"column":40}},{"start":{"line":39,"column":38},"end":{"line":39,"column":40}}]},"6":{"loc":{"start":{"line":64,"column":6},"end":{"line":66,"column":7}},"type":"if","locations":[{"start":{"line":64,"column":6},"end":{"line":66,"column":7}},{"start":{},"end":{}}]}},"s":{"0":8,"1":8,"2":8,"3":8,"4":4,"5":4,"6":1,"7":3,"8":3,"9":0,"10":3,"11":3,"12":0,"13":0,"14":1,"15":1,"16":0,"17":1,"18":1,"19":1,"20":0,"21":0,"22":1,"23":1,"24":1,"25":1,"26":0,"27":1,"28":1,"29":1,"30":1,"31":0,"32":8},"f":{"0":4,"1":1,"2":1},"b":{"0":[1,3],"1":[0,3],"2":[0,1],"3":[1,0],"4":[0,1],"5":[1,1],"6":[0,1]}}
,"/Users/criss/Desktop/kata/identity-ocr-liveness-kata-node/src/controllers/validation.controller.ts": {"path":"/Users/criss/Desktop/kata/identity-ocr-liveness-kata-node/src/controllers/validation.controller.ts","statementMap":{"0":{"start":{"line":2,"column":0},"end":{"line":2,"column":94}},"1":{"start":{"line":3,"column":0},"end":{"line":3,"column":82}},"2":{"start":{"line":4,"column":0},"end":{"line":4,"column":76}},"3":{"start":{"line":5,"column":0},"end":{"line":5,"column":37}},"4":{"start":{"line":6,"column":0},"end":{"line":6,"column":80}},"5":{"start":{"line":7,"column":0},"end":{"line":7,"column":65}},"6":{"start":{"line":12,"column":31},"end":{"line":12,"column":39}},"7":{"start":{"line":13,"column":4},"end":{"line":13,"column":92}},"8":{"start":{"line":13,"column":25},"end":{"line":13,"column":92}},"9":{"start":{"line":15,"column":19},"end":{"line":15,"column":93}},"10":{"start":{"line":16,"column":4},"end":{"line":27,"column":14}},"11":{"start":{"line":17,"column":26},"end":{"line":17,"column":112}},"12":{"start":{"line":18,"column":6},"end":{"line":18,"column":68}},"13":{"start":{"line":19,"column":6},"end":{"line":26,"column":9}},"14":{"start":{"line":28,"column":4},"end":{"line":28,"column":21}},"15":{"start":{"line":32,"column":36},"end":{"line":32,"column":44}},"16":{"start":{"line":35,"column":4},"end":{"line":37,"column":5}},"17":{"start":{"line":36,"column":8},"end":{"line":36,"column":69}},"18":{"start":{"line":39,"column":19},"end":{"line":39,"column":95}},"19":{"start":{"line":40,"column":4},"end":{"line":40,"column":21}},"20":{"start":{"line":44,"column":31},"end":{"line":44,"column":39}},"21":{"start":{"line":45,"column":19},"end":{"line":45,"column":94}},"22":{"start":{"line":46,"column":4},"end":{"line":46,"column":21}},"23":{"start":{"line":51,"column":33},"end":{"line":51,"column":41}},"24":{"start":{"line":53,"column":21},"end":{"line":53,"column":95}},"25":{"start":{"line":56,"column":6},"end":{"line":58,"column":7}},"26":{"start":{"line":57,"column":10},"end":{"line":57,"column":74}},"27":{"start":{"line":59,"column":6},"end":{"line":59,"column":39}},"28":{"start":{"line":63,"column":23},"end":{"line":63,"column":33}},"29":{"start":{"line":64,"column":19},"end":{"line":64,"column":76}},"30":{"start":{"line":65,"column":4},"end":{"line":65,"column":21}},"31":{"start":{"line":69,"column":56},"end":{"line":69,"column":64}},"32":{"start":{"line":71,"column":6},"end":{"line":73,"column":7}},"33":{"start":{"line":72,"column":10},"end":{"line":72,"column":76}},"34":{"start":{"line":75,"column":21},"end":{"line":80,"column":8}},"35":{"start":{"line":81,"column":6},"end":{"line":81,"column":23}},"36":{"start":{"line":85,"column":4},"end":{"line":101,"column":5}},"37":{"start":{"line":86,"column":21},"end":{"line":86,"column":92}},"38":{"start":{"line":87,"column":27},"end":{"line":87,"column":89}},"39":{"start":{"line":88,"column":28},"end":{"line":88,"column":91}},"40":{"start":{"line":89,"column":18},"end":{"line":89,"column":88}},"41":{"start":{"line":90,"column":19},"end":{"line":90,"column":92}},"42":{"start":{"line":91,"column":6},"end":{"line":93,"column":7}},"43":{"start":{"line":92,"column":8},"end":{"line":92,"column":88}},"44":{"start":{"line":95,"column":21},"end":{"line":95,"column":62}},"45":{"start":{"line":96,"column":6},"end":{"line":96,"column":96}},"46":{"start":{"line":97,"column":6},"end":{"line":97,"column":23}},"47":{"start":{"line":99,"column":6},"end":{"line":99,"column":46}},"48":{"start":{"line":100,"column":6},"end":{"line":100,"column":53}},"49":{"start":{"line":9,"column":0},"end":{"line":9,"column":13}}},"fnMap":{"0":{"name":"(anonymous_1)","decl":{"start":{"line":11,"column":2},"end":{"line":11,"column":8}},"loc":{"start":{"line":11,"column":57},"end":{"line":29,"column":3}}},"1":{"name":"(anonymous_2)","decl":{"start":{"line":31,"column":2},"end":{"line":31,"column":8}},"loc":{"start":{"line":31,"column":59},"end":{"line":41,"column":3}}},"2":{"name":"(anonymous_3)","decl":{"start":{"line":43,"column":2},"end":{"line":43,"column":8}},"loc":{"start":{"line":43,"column":58},"end":{"line":47,"column":3}}},"3":{"name":"(anonymous_4)","decl":{"start":{"line":49,"column":2},"end":{"line":49,"column":8}},"loc":{"start":{"line":49,"column":57},"end":{"line":60,"column":3}}},"4":{"name":"(anonymous_5)","decl":{"start":{"line":62,"column":2},"end":{"line":62,"column":8}},"loc":{"start":{"line":62,"column":60},"end":{"line":66,"column":3}}},"5":{"name":"(anonymous_6)","decl":{"start":{"line":68,"column":2},"end":{"line":68,"column":8}},"loc":{"start":{"line":68,"column":53},"end":{"line":82,"column":3}}},"6":{"name":"(anonymous_7)","decl":{"start":{"line":84,"column":2},"end":{"line":84,"column":8}},"loc":{"start":{"line":84,"column":52},"end":{"line":102,"column":3}}}},"branchMap":{"0":{"loc":{"start":{"line":13,"column":4},"end":{"line":13,"column":92}},"type":"if","locations":[{"start":{"line":13,"column":4},"end":{"line":13,"column":92}},{"start":{},"end":{}}]},"1":{"loc":{"start":{"line":17,"column":26},"end":{"line":17,"column":112}},"type":"cond-expr","locations":[{"start":{"line":17,"column":58},"end":{"line":17,"column":71}},{"start":{"line":17,"column":75},"end":{"line":17,"column":111}}]},"2":{"loc":{"start":{"line":17,"column":75},"end":{"line":17,"column":111}},"type":"cond-expr","locations":[{"start":{"line":17,"column":92},"end":{"line":17,"column":99}},{"start":{"line":17,"column":102},"end":{"line":17,"column":111}}]},"3":{"loc":{"start":{"line":22,"column":16},"end":{"line":22,"column":41}},"type":"cond-expr","locations":[{"start":{"line":22,"column":33},"end":{"line":22,"column":35}},{"start":{"line":22,"column":33},"end":{"line":22,"column":41}}]},"4":{"loc":{"start":{"line":22,"column":16},"end":{"line":22,"column":35}},"type":"binary-expr","locations":[{"start":{"line":22,"column":16},"end":{"line":22,"column":35}},{"start":{"line":22,"column":33},"end":{"line":22,"column":35}}]},"5":{"loc":{"start":{"line":23,"column":16},"end":{"line":23,"column":65}},"type":"cond-expr","locations":[{"start":{"line":23,"column":44},"end":{"line":23,"column":53}},{"start":{"line":23,"column":56},"end":{"line":23,"column":65}}]},"6":{"loc":{"start":{"line":24,"column":43},"end":{"line":24,"column":79}},"type":"cond-expr","locations":[{"start":{"line":24,"column":60},"end":{"line":24,"column":67}},{"start":{"line":24,"column":70},"end":{"line":24,"column":79}}]},"7":{"loc":{"start":{"line":24,"column":112},"end":{"line":24,"column":230}},"type":"binary-expr","locations":[{"start":{"line":24,"column":112},"end":{"line":24,"column":143}},{"start":{"line":24,"column":148},"end":{"line":24,"column":229}}]},"8":{"loc":{"start":{"line":24,"column":112},"end":{"line":24,"column":143}},"type":"cond-expr","locations":[{"start":{"line":24,"column":135},"end":{"line":24,"column":137}},{"start":{"line":24,"column":135},"end":{"line":24,"column":143}}]},"9":{"loc":{"start":{"line":24,"column":112},"end":{"line":24,"column":137}},"type":"binary-expr","locations":[{"start":{"line":24,"column":112},"end":{"line":24,"column":137}},{"start":{"line":24,"column":135},"end":{"line":24,"column":137}}]},"10":{"loc":{"start":{"line":24,"column":148},"end":{"line":24,"column":229}},"type":"cond-expr","locations":[{"start":{"line":24,"column":195},"end":{"line":24,"column":217}},{"start":{"line":24,"column":220},"end":{"line":24,"column":229}}]},"11":{"loc":{"start":{"line":35,"column":4},"end":{"line":37,"column":5}},"type":"if","locations":[{"start":{"line":35,"column":4},"end":{"line":37,"column":5}},{"start":{},"end":{}}]},"12":{"loc":{"start":{"line":35,"column":8},"end":{"line":35,"column":51}},"type":"binary-expr","locations":[{"start":{"line":35,"column":8},"end":{"line":35,"column":11}},{"start":{"line":35,"column":15},"end":{"line":35,"column":51}}]},"13":{"loc":{"start":{"line":56,"column":6},"end":{"line":58,"column":7}},"type":"if","locations":[{"start":{"line":56,"column":6},"end":{"line":58,"column":7}},{"start":{},"end":{}}]},"14":{"loc":{"start":{"line":71,"column":6},"end":{"line":73,"column":7}},"type":"if","locations":[{"start":{"line":71,"column":6},"end":{"line":73,"column":7}},{"start":{},"end":{}}]},"15":{"loc":{"start":{"line":71,"column":10},"end":{"line":71,"column":34}},"type":"binary-expr","locations":[{"start":{"line":71,"column":10},"end":{"line":71,"column":25}},{"start":{"line":71,"column":29},"end":{"line":71,"column":34}}]},"16":{"loc":{"start":{"line":87,"column":27},"end":{"line":87,"column":89}},"type":"cond-expr","locations":[{"start":{"line":87,"column":50},"end":{"line":87,"column":59}},{"start":{"line":87,"column":62},"end":{"line":87,"column":89}}]},"17":{"loc":{"start":{"line":87,"column":62},"end":{"line":87,"column":89}},"type":"cond-expr","locations":[{"start":{"line":87,"column":81},"end":{"line":87,"column":83}},{"start":{"line":87,"column":81},"end":{"line":87,"column":89}}]},"18":{"loc":{"start":{"line":87,"column":62},"end":{"line":87,"column":83}},"type":"binary-expr","locations":[{"start":{"line":87,"column":62},"end":{"line":87,"column":83}},{"start":{"line":87,"column":81},"end":{"line":87,"column":83}}]},"19":{"loc":{"start":{"line":87,"column":62},"end":{"line":87,"column":81}},"type":"cond-expr","locations":[{"start":{"line":87,"column":76},"end":{"line":87,"column":79}},{"start":{"line":87,"column":76},"end":{"line":87,"column":81}}]},"20":{"loc":{"start":{"line":87,"column":62},"end":{"line":87,"column":79}},"type":"binary-expr","locations":[{"start":{"line":87,"column":62},"end":{"line":87,"column":79}},{"start":{"line":87,"column":76},"end":{"line":87,"column":79}}]},"21":{"loc":{"start":{"line":87,"column":62},"end":{"line":87,"column":76}},"type":"cond-expr","locations":[{"start":{"line":87,"column":67},"end":{"line":87,"column":70}},{"start":{"line":87,"column":62},"end":{"line":87,"column":76}}]},"22":{"loc":{"start":{"line":87,"column":62},"end":{"line":87,"column":70}},"type":"binary-expr","locations":[{"start":{"line":87,"column":62},"end":{"line":87,"column":70}},{"start":{"line":87,"column":62},"end":{"line":87,"column":70}}]},"23":{"loc":{"start":{"line":88,"column":28},"end":{"line":88,"column":91}},"type":"cond-expr","locations":[{"start":{"line":88,"column":51},"end":{"line":88,"column":60}},{"start":{"line":88,"column":63},"end":{"line":88,"column":91}}]},"24":{"loc":{"start":{"line":88,"column":63},"end":{"line":88,"column":91}},"type":"cond-expr","locations":[{"start":{"line":88,"column":83},"end":{"line":88,"column":85}},{"start":{"line":88,"column":83},"end":{"line":88,"column":91}}]},"25":{"loc":{"start":{"line":88,"column":63},"end":{"line":88,"column":85}},"type":"binary-expr","locations":[{"start":{"line":88,"column":63},"end":{"line":88,"column":85}},{"start":{"line":88,"column":83},"end":{"line":88,"column":85}}]},"26":{"loc":{"start":{"line":88,"column":63},"end":{"line":88,"column":83}},"type":"cond-expr","locations":[{"start":{"line":88,"column":78},"end":{"line":88,"column":81}},{"start":{"line":88,"column":78},"end":{"line":88,"column":83}}]},"27":{"loc":{"start":{"line":88,"column":63},"end":{"line":88,"column":81}},"type":"binary-expr","locations":[{"start":{"line":88,"column":63},"end":{"line":88,"column":81}},{"start":{"line":88,"column":78},"end":{"line":88,"column":81}}]},"28":{"loc":{"start":{"line":88,"column":63},"end":{"line":88,"column":78}},"type":"cond-expr","locations":[{"start":{"line":88,"column":68},"end":{"line":88,"column":71}},{"start":{"line":88,"column":63},"end":{"line":88,"column":78}}]},"29":{"loc":{"start":{"line":88,"column":63},"end":{"line":88,"column":71}},"type":"binary-expr","locations":[{"start":{"line":88,"column":63},"end":{"line":88,"column":71}},{"start":{"line":88,"column":63},"end":{"line":88,"column":71}}]},"30":{"loc":{"start":{"line":89,"column":18},"end":{"line":89,"column":88}},"type":"binary-expr","locations":[{"start":{"line":89,"column":18},"end":{"line":89,"column":46}},{"start":{"line":89,"column":50},"end":{"line":89,"column":62}},{"start":{"line":89,"column":67},"end":{"line":89,"column":88}}]},"31":{"loc":{"start":{"line":89,"column":18},"end":{"line":89,"column":46}},"type":"cond-expr","locations":[{"start":{"line":89,"column":38},"end":{"line":89,"column":40}},{"start":{"line":89,"column":38},"end":{"line":89,"column":46}}]},"32":{"loc":{"start":{"line":89,"column":18},"end":{"line":89,"column":40}},"type":"binary-expr","locations":[{"start":{"line":89,"column":18},"end":{"line":89,"column":40}},{"start":{"line":89,"column":38},"end":{"line":89,"column":40}}]},"33":{"loc":{"start":{"line":90,"column":19},"end":{"line":90,"column":92}},"type":"binary-expr","locations":[{"start":{"line":90,"column":19},"end":{"line":90,"column":48}},{"start":{"line":90,"column":52},"end":{"line":90,"column":65}},{"start":{"line":90,"column":70},"end":{"line":90,"column":92}}]},"34":{"loc":{"start":{"line":90,"column":19},"end":{"line":90,"column":48}},"type":"cond-expr","locations":[{"start":{"line":90,"column":40},"end":{"line":90,"column":42}},{"start":{"line":90,"column":40},"end":{"line":90,"column":48}}]},"35":{"loc":{"start":{"line":90,"column":19},"end":{"line":90,"column":42}},"type":"binary-expr","locations":[{"start":{"line":90,"column":19},"end":{"line":90,"column":42}},{"start":{"line":90,"column":40},"end":{"line":90,"column":42}}]},"36":{"loc":{"start":{"line":91,"column":6},"end":{"line":93,"column":7}},"type":"if","locations":[{"start":{"line":91,"column":6},"end":{"line":93,"column":7}},{"start":{},"end":{}}]},"37":{"loc":{"start":{"line":91,"column":10},"end":{"line":91,"column":23}},"type":"binary-expr","locations":[{"start":{"line":91,"column":10},"end":{"line":91,"column":14}},{"start":{"line":91,"column":18},"end":{"line":91,"column":23}}]},"38":{"loc":{"start":{"line":96,"column":53},"end":{"line":96,"column":88}},"type":"cond-expr","locations":[{"start":{"line":96,"column":68},"end":{"line":96,"column":75}},{"start":{"line":96,"column":78},"end":{"line":96,"column":88}}]}},"s":{"0":7,"1":7,"2":7,"3":7,"4":7,"5":7,"6":1,"7":1,"8":0,"9":1,"10":1,"11":1,"12":1,"13":1,"14":1,"15":0,"16":0,"17":0,"18":0,"19":0,"20":0,"21":0,"22":0,"23":1,"24":1,"25":1,"26":0,"27":1,"28":1,"29":1,"30":1,"31":1,"32":1,"33":0,"34":1,"35":1,"36":0,"37":0,"38":0,"39":0,"40":0,"41":0,"42":0,"43":0,"44":0,"45":0,"46":0,"47":0,"48":0,"49":7},"f":{"0":1,"1":0,"2":0,"3":1,"4":1,"5":1,"6":0},"b":{"0":[0,1],"1":[0,1],"2":[1,0],"3":[0,1],"4":[1,1],"5":[1,0],"6":[1,0],"7":[1,1],"8":[0,1],"9":[1,1],"10":[0,1],"11":[0,0],"12":[0,0],"13":[0,1],"14":[0,1],"15":[1,1],"16":[0,0],"17":[0,0],"18":[0,0],"19":[0,0],"20":[0,0],"21":[0,0],"22":[0,0],"23":[0,0],"24":[0,0],"25":[0,0],"26":[0,0],"27":[0,0],"28":[0,0],"29":[0,0],"30":[0,0,0],"31":[0,0],"32":[0,0],"33":[0,0,0],"34":[0,0],"35":[0,0],"36":[0,0],"37":[0,0],"38":[0,0]}}
,"/Users/criss/Desktop/kata/identity-ocr-liveness-kata-node/src/database/models/blacklist.model.ts": {"path":"/Users/criss/Desktop/kata/identity-ocr-liveness-kata-node/src/database/models/blacklist.model.ts","statementMap":{"0":{"start":{"line":1,"column":0},"end":{"line":1,"column":45}},"1":{"start":{"line":2,"column":0},"end":{"line":2,"column":50}},"2":{"start":{"line":4,"column":0},"end":{"line":4,"column":13}},"3":{"start":{"line":14,"column":0},"end":{"line":48,"column":2}}},"fnMap":{},"branchMap":{},"s":{"0":7,"1":7,"2":7,"3":7},"f":{},"b":{}}
,"/Users/criss/Desktop/kata/identity-ocr-liveness-kata-node/src/database/models/document.model.ts": {"path":"/Users/criss/Desktop/kata/identity-ocr-liveness-kata-node/src/database/models/document.model.ts","statementMap":{"0":{"start":{"line":1,"column":0},"end":{"line":1,"column":45}},"1":{"start":{"line":2,"column":0},"end":{"line":2,"column":50}},"2":{"start":{"line":4,"column":0},"end":{"line":4,"column":13}},"3":{"start":{"line":17,"column":0},"end":{"line":58,"column":2}}},"fnMap":{},"branchMap":{},"s":{"0":7,"1":7,"2":7,"3":7},"f":{},"b":{}}
,"/Users/criss/Desktop/kata/identity-ocr-liveness-kata-node/src/docs/spec.ts": {"path":"/Users/criss/Desktop/kata/identity-ocr-liveness-kata-node/src/docs/spec.ts","statementMap":{"0":{"start":{"line":1,"column":13},"end":{"line":243,"column":2}}},"fnMap":{},"branchMap":{},"s":{"0":7},"f":{},"b":{}}
,"/Users/criss/Desktop/kata/identity-ocr-liveness-kata-node/src/middleware/auth.middleware.ts": {"path":"/Users/criss/Desktop/kata/identity-ocr-liveness-kata-node/src/middleware/auth.middleware.ts","statementMap":{"0":{"start":{"line":2,"column":0},"end":{"line":2,"column":31}},"1":{"start":{"line":3,"column":0},"end":{"line":3,"column":39}},"2":{"start":{"line":6,"column":33},"end":{"line":25,"column":1}},"3":{"start":{"line":11,"column":21},"end":{"line":11,"column":49}},"4":{"start":{"line":12,"column":16},"end":{"line":12,"column":54}},"5":{"start":{"line":14,"column":2},"end":{"line":16,"column":3}},"6":{"start":{"line":15,"column":4},"end":{"line":15,"column":68}},"7":{"start":{"line":18,"column":2},"end":{"line":24,"column":3}},"8":{"start":{"line":19,"column":17},"end":{"line":19,"column":70}},"9":{"start":{"line":20,"column":4},"end":{"line":20,"column":20}},"10":{"start":{"line":21,"column":4},"end":{"line":21,"column":11}},"11":{"start":{"line":23,"column":4},"end":{"line":23,"column":71}},"12":{"start":{"line":6,"column":13},"end":{"line":6,"column":33}}},"fnMap":{"0":{"name":"(anonymous_1)","decl":{"start":{"line":6,"column":33},"end":{"line":6,"column":null}},"loc":{"start":{"line":10,"column":4},"end":{"line":25,"column":1}}}},"branchMap":{"0":{"loc":{"start":{"line":12,"column":16},"end":{"line":12,"column":54}},"type":"binary-expr","locations":[{"start":{"line":12,"column":16},"end":{"line":12,"column":26}},{"start":{"line":12,"column":30},"end":{"line":12,"column":54}}]},"1":{"loc":{"start":{"line":14,"column":2},"end":{"line":16,"column":3}},"type":"if","locations":[{"start":{"line":14,"column":2},"end":{"line":16,"column":3}},{"start":{},"end":{}}]}},"s":{"0":7,"1":7,"2":7,"3":10,"4":10,"5":10,"6":1,"7":9,"8":9,"9":9,"10":9,"11":0,"12":7},"f":{"0":10},"b":{"0":[10,9],"1":[1,9]}}
,"/Users/criss/Desktop/kata/identity-ocr-liveness-kata-node/src/middleware/validation.middleware.ts": {"path":"/Users/criss/Desktop/kata/identity-ocr-liveness-kata-node/src/middleware/validation.middleware.ts","statementMap":{"0":{"start":{"line":2,"column":0},"end":{"line":2,"column":53}},"1":{"start":{"line":4,"column":31},"end":{"line":14,"column":1}},"2":{"start":{"line":9,"column":17},"end":{"line":9,"column":38}},"3":{"start":{"line":10,"column":2},"end":{"line":12,"column":3}},"4":{"start":{"line":11,"column":4},"end":{"line":11,"column":60}},"5":{"start":{"line":13,"column":2},"end":{"line":13,"column":9}},"6":{"start":{"line":4,"column":13},"end":{"line":4,"column":31}}},"fnMap":{"0":{"name":"(anonymous_0)","decl":{"start":{"line":4,"column":31},"end":{"line":4,"column":null}},"loc":{"start":{"line":8,"column":4},"end":{"line":14,"column":1}}}},"branchMap":{"0":{"loc":{"start":{"line":10,"column":2},"end":{"line":12,"column":3}},"type":"if","locations":[{"start":{"line":10,"column":2},"end":{"line":12,"column":3}},{"start":{},"end":{}}]}},"s":{"0":7,"1":7,"2":7,"3":7,"4":0,"5":7,"6":7},"f":{"0":7},"b":{"0":[0,7]}}
,"/Users/criss/Desktop/kata/identity-ocr-liveness-kata-node/src/ml/services/deepfakeDetection.service.ts": {"path":"/Users/criss/Desktop/kata/identity-ocr-liveness-kata-node/src/ml/services/deepfakeDetection.service.ts","statementMap":{"0":{"start":{"line":1,"column":0},"end":{"line":1,"column":39}},"1":{"start":{"line":2,"column":0},"end":{"line":2,"column":25}},"2":{"start":{"line":3,"column":0},"end":{"line":3,"column":24}},"3":{"start":{"line":4,"column":0},"end":{"line":4,"column":26}},"4":{"start":{"line":6,"column":0},"end":{"line":6,"column":40}},"5":{"start":{"line":13,"column":4},"end":{"line":13,"column":35}},"6":{"start":{"line":13,"column":28},"end":{"line":13,"column":35}},"7":{"start":{"line":15,"column":4},"end":{"line":28,"column":5}},"8":{"start":{"line":16,"column":24},"end":{"line":16,"column":83}},"9":{"start":{"line":18,"column":6},"end":{"line":23,"column":7}},"10":{"start":{"line":19,"column":8},"end":{"line":19,"column":69}},"11":{"start":{"line":20,"column":8},"end":{"line":20,"column":66}},"12":{"start":{"line":22,"column":8},"end":{"line":22,"column":95}},"13":{"start":{"line":25,"column":6},"end":{"line":25,"column":32}},"14":{"start":{"line":27,"column":6},"end":{"line":27,"column":59}},"15":{"start":{"line":32,"column":22},"end":{"line":32,"column":32}},"16":{"start":{"line":34,"column":4},"end":{"line":84,"column":5}},"17":{"start":{"line":35,"column":6},"end":{"line":35,"column":55}},"18":{"start":{"line":35,"column":31},"end":{"line":35,"column":55}},"19":{"start":{"line":38,"column":29},"end":{"line":42,"column":46}},"20":{"start":{"line":44,"column":18},"end":{"line":44,"column":19}},"21":{"start":{"line":45,"column":19},"end":{"line":45,"column":23}},"22":{"start":{"line":46,"column":34},"end":{"line":46,"column":36}},"23":{"start":{"line":50,"column":16},"end":{"line":50,"column":17}},"24":{"start":{"line":51,"column":18},"end":{"line":51,"column":19}},"25":{"start":{"line":52,"column":18},"end":{"line":52,"column":29}},"26":{"start":{"line":53,"column":6},"end":{"line":57,"column":7}},"27":{"start":{"line":53,"column":19},"end":{"line":53,"column":20}},"28":{"start":{"line":54,"column":20},"end":{"line":54,"column":27}},"29":{"start":{"line":55,"column":8},"end":{"line":55,"column":19}},"30":{"start":{"line":56,"column":8},"end":{"line":56,"column":27}},"31":{"start":{"line":58,"column":19},"end":{"line":58,"column":28}},"32":{"start":{"line":59,"column":23},"end":{"line":59,"column":52}},"33":{"start":{"line":60,"column":18},"end":{"line":60,"column":37}},"34":{"start":{"line":64,"column":6},"end":{"line":71,"column":7}},"35":{"start":{"line":65,"column":10},"end":{"line":65,"column":22}},"36":{"start":{"line":66,"column":10},"end":{"line":66,"column":25}},"37":{"start":{"line":67,"column":10},"end":{"line":67,"column":65}},"38":{"start":{"line":69,"column":10},"end":{"line":69,"column":48}},"39":{"start":{"line":70,"column":10},"end":{"line":70,"column":24}},"40":{"start":{"line":73,"column":6},"end":{"line":79,"column":8}},"41":{"start":{"line":82,"column":6},"end":{"line":82,"column":65}},"42":{"start":{"line":83,"column":6},"end":{"line":83,"column":68}},"43":{"start":{"line":8,"column":0},"end":{"line":8,"column":13}},"44":{"start":{"line":9,"column":17},"end":{"line":9,"column":69}},"45":{"start":{"line":10,"column":17},"end":{"line":10,"column":39}}},"fnMap":{"0":{"name":"(anonymous_10)","decl":{"start":{"line":12,"column":2},"end":{"line":12,"column":8}},"loc":{"start":{"line":12,"column":25},"end":{"line":29,"column":3}}},"1":{"name":"(anonymous_11)","decl":{"start":{"line":31,"column":2},"end":{"line":31,"column":8}},"loc":{"start":{"line":31,"column":47},"end":{"line":85,"column":3}}}},"branchMap":{"0":{"loc":{"start":{"line":13,"column":4},"end":{"line":13,"column":35}},"type":"if","locations":[{"start":{"line":13,"column":4},"end":{"line":13,"column":35}},{"start":{},"end":{}}]},"1":{"loc":{"start":{"line":18,"column":6},"end":{"line":23,"column":7}},"type":"if","locations":[{"start":{"line":18,"column":6},"end":{"line":23,"column":7}},{"start":{"line":21,"column":13},"end":{"line":23,"column":7}}]},"2":{"loc":{"start":{"line":35,"column":6},"end":{"line":35,"column":55}},"type":"if","locations":[{"start":{"line":35,"column":6},"end":{"line":35,"column":55}},{"start":{},"end":{}}]},"3":{"loc":{"start":{"line":64,"column":6},"end":{"line":71,"column":7}},"type":"if","locations":[{"start":{"line":64,"column":6},"end":{"line":71,"column":7}},{"start":{"line":68,"column":13},"end":{"line":71,"column":7}}]}},"s":{"0":8,"1":8,"2":8,"3":8,"4":8,"5":1,"6":0,"7":1,"8":1,"9":1,"10":0,"11":0,"12":1,"13":1,"14":0,"15":3,"16":3,"17":3,"18":0,"19":3,"20":2,"21":2,"22":2,"23":2,"24":2,"25":2,"26":2,"27":2,"28":301056,"29":301056,"30":301056,"31":2,"32":2,"33":2,"34":2,"35":1,"36":1,"37":1,"38":1,"39":1,"40":2,"41":1,"42":1,"43":8,"44":8,"45":8},"f":{"0":1,"1":3},"b":{"0":[0,1],"1":[0,1],"2":[0,3],"3":[1,1]}}
,"/Users/criss/Desktop/kata/identity-ocr-liveness-kata-node/src/routes/audit.routes.ts": {"path":"/Users/criss/Desktop/kata/identity-ocr-liveness-kata-node/src/routes/audit.routes.ts","statementMap":{"0":{"start":{"line":1,"column":0},"end":{"line":1,"column":30}},"1":{"start":{"line":2,"column":0},"end":{"line":2,"column":66}},"2":{"start":{"line":3,"column":0},"end":{"line":3,"column":20}},"3":{"start":{"line":4,"column":0},"end":{"line":4,"column":24}},"4":{"start":{"line":5,"column":0},"end":{"line":5,"column":59}},"5":{"start":{"line":7,"column":15},"end":{"line":7,"column":31}},"6":{"start":{"line":10,"column":26},"end":{"line":33,"column":1}},"7":{"start":{"line":11,"column":4},"end":{"line":32,"column":7}},"8":{"start":{"line":12,"column":8},"end":{"line":12,"column":38}},"9":{"start":{"line":12,"column":26},"end":{"line":12,"column":38}},"10":{"start":{"line":13,"column":8},"end":{"line":31,"column":9}},"11":{"start":{"line":14,"column":29},"end":{"line":14,"column":45}},"12":{"start":{"line":17,"column":12},"end":{"line":20,"column":13}},"13":{"start":{"line":18,"column":38},"end":{"line":18,"column":82}},"14":{"start":{"line":19,"column":16},"end":{"line":19,"column":72}},"15":{"start":{"line":23,"column":12},"end":{"line":26,"column":13}},"16":{"start":{"line":24,"column":41},"end":{"line":24,"column":85}},"17":{"start":{"line":25,"column":16},"end":{"line":25,"column":87}},"18":{"start":{"line":28,"column":12},"end":{"line":28,"column":28}},"19":{"start":{"line":30,"column":12},"end":{"line":30,"column":24}},"20":{"start":{"line":35,"column":0},"end":{"line":56,"column":3}},"21":{"start":{"line":39,"column":19},"end":{"line":39,"column":51}},"22":{"start":{"line":40,"column":4},"end":{"line":42,"column":5}},"23":{"start":{"line":41,"column":8},"end":{"line":41,"column":38}},"24":{"start":{"line":45,"column":18},"end":{"line":47,"column":53}},"25":{"start":{"line":46,"column":21},"end":{"line":46,"column":49}},"26":{"start":{"line":47,"column":24},"end":{"line":47,"column":42}},"27":{"start":{"line":49,"column":4},"end":{"line":49,"column":58}},"28":{"start":{"line":49,"column":28},"end":{"line":49,"column":58}},"29":{"start":{"line":51,"column":22},"end":{"line":51,"column":30}},"30":{"start":{"line":52,"column":20},"end":{"line":52,"column":74}},"31":{"start":{"line":54,"column":26},"end":{"line":54,"column":52}},"32":{"start":{"line":55,"column":4},"end":{"line":55,"column":55}},"33":{"start":{"line":58,"column":0},"end":{"line":73,"column":3}},"34":{"start":{"line":59,"column":19},"end":{"line":59,"column":51}},"35":{"start":{"line":60,"column":4},"end":{"line":60,"column":62}},"36":{"start":{"line":60,"column":32},"end":{"line":60,"column":62}},"37":{"start":{"line":62,"column":18},"end":{"line":64,"column":53}},"38":{"start":{"line":63,"column":21},"end":{"line":63,"column":46}},"39":{"start":{"line":64,"column":24},"end":{"line":64,"column":42}},"40":{"start":{"line":66,"column":4},"end":{"line":66,"column":58}},"41":{"start":{"line":66,"column":28},"end":{"line":66,"column":58}},"42":{"start":{"line":68,"column":22},"end":{"line":68,"column":30}},"43":{"start":{"line":69,"column":20},"end":{"line":69,"column":74}},"44":{"start":{"line":71,"column":26},"end":{"line":71,"column":52}},"45":{"start":{"line":72,"column":4},"end":{"line":72,"column":55}},"46":{"start":{"line":75,"column":0},"end":{"line":75,"column":22}}},"fnMap":{"0":{"name":"(anonymous_1)","decl":{"start":{"line":10,"column":26},"end":{"line":10,"column":27}},"loc":{"start":{"line":10,"column":46},"end":{"line":33,"column":1}}},"1":{"name":"(anonymous_2)","decl":{"start":{"line":11,"column":35},"end":{"line":11,"column":39}},"loc":{"start":{"line":11,"column":42},"end":{"line":32,"column":5}}},"2":{"name":"(anonymous_3)","decl":{"start":{"line":35,"column":39},"end":{"line":35,"column":40}},"loc":{"start":{"line":35,"column":52},"end":{"line":56,"column":1}}},"3":{"name":"(anonymous_4)","decl":{"start":{"line":46,"column":16},"end":{"line":46,"column":17}},"loc":{"start":{"line":46,"column":21},"end":{"line":46,"column":49}}},"4":{"name":"(anonymous_5)","decl":{"start":{"line":47,"column":14},"end":{"line":47,"column":15}},"loc":{"start":{"line":47,"column":24},"end":{"line":47,"column":42}}},"5":{"name":"(anonymous_6)","decl":{"start":{"line":58,"column":48},"end":{"line":58,"column":49}},"loc":{"start":{"line":58,"column":61},"end":{"line":73,"column":1}}},"6":{"name":"(anonymous_7)","decl":{"start":{"line":63,"column":16},"end":{"line":63,"column":17}},"loc":{"start":{"line":63,"column":21},"end":{"line":63,"column":46}}},"7":{"name":"(anonymous_8)","decl":{"start":{"line":64,"column":14},"end":{"line":64,"column":15}},"loc":{"start":{"line":64,"column":24},"end":{"line":64,"column":42}}}},"branchMap":{"0":{"loc":{"start":{"line":12,"column":8},"end":{"line":12,"column":38}},"type":"if","locations":[{"start":{"line":12,"column":8},"end":{"line":12,"column":38}},{"start":{},"end":{}}]},"1":{"loc":{"start":{"line":17,"column":12},"end":{"line":20,"column":13}},"type":"if","locations":[{"start":{"line":17,"column":12},"end":{"line":20,"column":13}},{"start":{},"end":{}}]},"2":{"loc":{"start":{"line":17,"column":16},"end":{"line":17,"column":79}},"type":"binary-expr","locations":[{"start":{"line":17,"column":16},"end":{"line":17,"column":32}},{"start":{"line":17,"column":36},"end":{"line":17,"column":79}}]},"3":{"loc":{"start":{"line":23,"column":12},"end":{"line":26,"column":13}},"type":"if","locations":[{"start":{"line":23,"column":12},"end":{"line":26,"column":13}},{"start":{},"end":{}}]},"4":{"loc":{"start":{"line":23,"column":16},"end":{"line":23,"column":119}},"type":"binary-expr","locations":[{"start":{"line":23,"column":16},"end":{"line":23,"column":32}},{"start":{"line":23,"column":36},"end":{"line":23,"column":72}},{"start":{"line":23,"column":76},"end":{"line":23,"column":119}}]},"5":{"loc":{"start":{"line":40,"column":4},"end":{"line":42,"column":5}},"type":"if","locations":[{"start":{"line":40,"column":4},"end":{"line":42,"column":5}},{"start":{},"end":{}}]},"6":{"loc":{"start":{"line":49,"column":4},"end":{"line":49,"column":58}},"type":"if","locations":[{"start":{"line":49,"column":4},"end":{"line":49,"column":58}},{"start":{},"end":{}}]},"7":{"loc":{"start":{"line":60,"column":4},"end":{"line":60,"column":62}},"type":"if","locations":[{"start":{"line":60,"column":4},"end":{"line":60,"column":62}},{"start":{},"end":{}}]},"8":{"loc":{"start":{"line":66,"column":4},"end":{"line":66,"column":58}},"type":"if","locations":[{"start":{"line":66,"column":4},"end":{"line":66,"column":58}},{"start":{},"end":{}}]}},"s":{"0":7,"1":7,"2":7,"3":7,"4":7,"5":7,"6":7,"7":0,"8":0,"9":0,"10":0,"11":0,"12":0,"13":0,"14":0,"15":0,"16":0,"17":0,"18":0,"19":0,"20":7,"21":0,"22":0,"23":0,"24":0,"25":0,"26":0,"27":0,"28":0,"29":0,"30":0,"31":0,"32":0,"33":7,"34":0,"35":0,"36":0,"37":0,"38":0,"39":0,"40":0,"41":0,"42":0,"43":0,"44":0,"45":0,"46":7},"f":{"0":0,"1":0,"2":0,"3":0,"4":0,"5":0,"6":0,"7":0},"b":{"0":[0,0],"1":[0,0],"2":[0,0],"3":[0,0],"4":[0,0,0],"5":[0,0],"6":[0,0],"7":[0,0],"8":[0,0]}}
,"/Users/criss/Desktop/kata/identity-ocr-liveness-kata-node/src/routes/auth.routes.ts": {"path":"/Users/criss/Desktop/kata/identity-ocr-liveness-kata-node/src/routes/auth.routes.ts","statementMap":{"0":{"start":{"line":1,"column":0},"end":{"line":1,"column":33}},"1":{"start":{"line":2,"column":0},"end":{"line":2,"column":41}},"2":{"start":{"line":3,"column":0},"end":{"line":3,"column":64}},"3":{"start":{"line":4,"column":0},"end":{"line":4,"column":70}},"4":{"start":{"line":5,"column":0},"end":{"line":5,"column":66}},"5":{"start":{"line":7,"column":15},"end":{"line":7,"column":23}},"6":{"start":{"line":10,"column":27},"end":{"line":16,"column":2}},"7":{"start":{"line":18,"column":24},"end":{"line":21,"column":2}},"8":{"start":{"line":23,"column":31},"end":{"line":25,"column":2}},"9":{"start":{"line":28,"column":0},"end":{"line":33,"column":2}},"10":{"start":{"line":35,"column":0},"end":{"line":40,"column":2}},"11":{"start":{"line":42,"column":0},"end":{"line":47,"column":2}},"12":{"start":{"line":49,"column":0},"end":{"line":54,"column":2}},"13":{"start":{"line":57,"column":0},"end":{"line":59,"column":3}},"14":{"start":{"line":58,"column":2},"end":{"line":58,"column":31}},"15":{"start":{"line":61,"column":0},"end":{"line":61,"column":22}}},"fnMap":{"0":{"name":"(anonymous_0)","decl":{"start":{"line":57,"column":37},"end":{"line":57,"column":38}},"loc":{"start":{"line":57,"column":55},"end":{"line":59,"column":1}}}},"branchMap":{},"s":{"0":7,"1":7,"2":7,"3":7,"4":7,"5":7,"6":7,"7":7,"8":7,"9":7,"10":7,"11":7,"12":7,"13":7,"14":1,"15":7},"f":{"0":1},"b":{}}
,"/Users/criss/Desktop/kata/identity-ocr-liveness-kata-node/src/routes/liveness.routes.ts": {"path":"/Users/criss/Desktop/kata/identity-ocr-liveness-kata-node/src/routes/liveness.routes.ts","statementMap":{"0":{"start":{"line":1,"column":0},"end":{"line":1,"column":33}},"1":{"start":{"line":2,"column":0},"end":{"line":2,"column":28}},"2":{"start":{"line":3,"column":0},"end":{"line":3,"column":72}},"3":{"start":{"line":4,"column":0},"end":{"line":4,"column":66}},"4":{"start":{"line":6,"column":15},"end":{"line":6,"column":23}},"5":{"start":{"line":7,"column":15},"end":{"line":7,"column":58}},"6":{"start":{"line":9,"column":0},"end":{"line":13,"column":2}},"7":{"start":{"line":15,"column":0},"end":{"line":20,"column":2}},"8":{"start":{"line":22,"column":0},"end":{"line":26,"column":2}},"9":{"start":{"line":28,"column":0},"end":{"line":32,"column":2}},"10":{"start":{"line":34,"column":0},"end":{"line":34,"column":22}}},"fnMap":{},"branchMap":{},"s":{"0":7,"1":7,"2":7,"3":7,"4":7,"5":7,"6":7,"7":7,"8":7,"9":7,"10":7},"f":{},"b":{}}
,"/Users/criss/Desktop/kata/identity-ocr-liveness-kata-node/src/routes/ml.routes.ts": {"path":"/Users/criss/Desktop/kata/identity-ocr-liveness-kata-node/src/routes/ml.routes.ts","statementMap":{"0":{"start":{"line":1,"column":0},"end":{"line":1,"column":33}},"1":{"start":{"line":2,"column":0},"end":{"line":2,"column":28}},"2":{"start":{"line":3,"column":0},"end":{"line":3,"column":60}},"3":{"start":{"line":4,"column":0},"end":{"line":4,"column":66}},"4":{"start":{"line":5,"column":0},"end":{"line":5,"column":24}},"5":{"start":{"line":7,"column":15},"end":{"line":7,"column":23}},"6":{"start":{"line":10,"column":16},"end":{"line":18,"column":2}},"7":{"start":{"line":12,"column":4},"end":{"line":12,"column":25}},"8":{"start":{"line":15,"column":25},"end":{"line":15,"column":75}},"9":{"start":{"line":16,"column":4},"end":{"line":16,"column":84}},"10":{"start":{"line":20,"column":15},"end":{"line":20,"column":43}},"11":{"start":{"line":22,"column":0},"end":{"line":27,"column":2}},"12":{"start":{"line":29,"column":0},"end":{"line":34,"column":2}},"13":{"start":{"line":36,"column":0},"end":{"line":36,"column":22}}},"fnMap":{"0":{"name":"(anonymous_1)","decl":{"start":{"line":11,"column":15},"end":{"line":11,"column":16}},"loc":{"start":{"line":11,"column":33},"end":{"line":13,"column":3}}},"1":{"name":"(anonymous_2)","decl":{"start":{"line":14,"column":12},"end":{"line":14,"column":13}},"loc":{"start":{"line":14,"column":30},"end":{"line":17,"column":3}}}},"branchMap":{},"s":{"0":7,"1":7,"2":7,"3":7,"4":7,"5":7,"6":7,"7":0,"8":0,"9":0,"10":7,"11":7,"12":7,"13":7},"f":{"0":0,"1":0},"b":{}}
,"/Users/criss/Desktop/kata/identity-ocr-liveness-kata-node/src/routes/ocr.routes.ts": {"path":"/Users/criss/Desktop/kata/identity-ocr-liveness-kata-node/src/routes/ocr.routes.ts","statementMap":{"0":{"start":{"line":1,"column":0},"end":{"line":1,"column":33}},"1":{"start":{"line":2,"column":0},"end":{"line":2,"column":28}},"2":{"start":{"line":3,"column":0},"end":{"line":3,"column":62}},"3":{"start":{"line":4,"column":0},"end":{"line":4,"column":66}},"4":{"start":{"line":5,"column":0},"end":{"line":5,"column":49}},"5":{"start":{"line":6,"column":0},"end":{"line":6,"column":24}},"6":{"start":{"line":7,"column":0},"end":{"line":7,"column":36}},"7":{"start":{"line":9,"column":15},"end":{"line":9,"column":23}},"8":{"start":{"line":12,"column":16},"end":{"line":20,"column":2}},"9":{"start":{"line":14,"column":4},"end":{"line":14,"column":32}},"10":{"start":{"line":17,"column":16},"end":{"line":17,"column":47}},"11":{"start":{"line":18,"column":4},"end":{"line":18,"column":34}},"12":{"start":{"line":22,"column":15},"end":{"line":32,"column":2}},"13":{"start":{"line":26,"column":4},"end":{"line":30,"column":5}},"14":{"start":{"line":27,"column":6},"end":{"line":27,"column":21}},"15":{"start":{"line":29,"column":6},"end":{"line":29,"column":41}},"16":{"start":{"line":37,"column":0},"end":{"line":42,"column":2}},"17":{"start":{"line":45,"column":0},"end":{"line":50,"column":2}},"18":{"start":{"line":53,"column":0},"end":{"line":57,"column":2}},"19":{"start":{"line":59,"column":0},"end":{"line":59,"column":22}}},"fnMap":{"0":{"name":"(anonymous_1)","decl":{"start":{"line":13,"column":15},"end":{"line":13,"column":16}},"loc":{"start":{"line":13,"column":33},"end":{"line":15,"column":3}}},"1":{"name":"(anonymous_2)","decl":{"start":{"line":16,"column":12},"end":{"line":16,"column":13}},"loc":{"start":{"line":16,"column":30},"end":{"line":19,"column":3}}},"2":{"name":"(anonymous_3)","decl":{"start":{"line":25,"column":14},"end":{"line":25,"column":15}},"loc":{"start":{"line":25,"column":32},"end":{"line":31,"column":3}}}},"branchMap":{"0":{"loc":{"start":{"line":26,"column":4},"end":{"line":30,"column":5}},"type":"if","locations":[{"start":{"line":26,"column":4},"end":{"line":30,"column":5}},{"start":{"line":28,"column":11},"end":{"line":30,"column":5}}]}},"s":{"0":7,"1":7,"2":7,"3":7,"4":7,"5":7,"6":7,"7":7,"8":7,"9":3,"10":3,"11":3,"12":7,"13":4,"14":3,"15":1,"16":7,"17":7,"18":7,"19":7},"f":{"0":3,"1":3,"2":4},"b":{"0":[3,1]}}
,"/Users/criss/Desktop/kata/identity-ocr-liveness-kata-node/src/routes/validation.routes.ts": {"path":"/Users/criss/Desktop/kata/identity-ocr-liveness-kata-node/src/routes/validation.routes.ts","statementMap":{"0":{"start":{"line":1,"column":0},"end":{"line":1,"column":33}},"1":{"start":{"line":2,"column":0},"end":{"line":2,"column":28}},"2":{"start":{"line":3,"column":0},"end":{"line":3,"column":76}},"3":{"start":{"line":4,"column":0},"end":{"line":4,"column":66}},"4":{"start":{"line":6,"column":15},"end":{"line":6,"column":23}},"5":{"start":{"line":7,"column":15},"end":{"line":7,"column":58}},"6":{"start":{"line":9,"column":0},"end":{"line":9,"column":79}},"7":{"start":{"line":10,"column":0},"end":{"line":10,"column":83}},"8":{"start":{"line":11,"column":0},"end":{"line":11,"column":81}},"9":{"start":{"line":12,"column":0},"end":{"line":12,"column":88}},"10":{"start":{"line":13,"column":0},"end":{"line":13,"column":80}},"11":{"start":{"line":14,"column":0},"end":{"line":14,"column":89}},"12":{"start":{"line":16,"column":0},"end":{"line":21,"column":2}},"13":{"start":{"line":23,"column":0},"end":{"line":23,"column":22}}},"fnMap":{},"branchMap":{},"s":{"0":7,"1":7,"2":7,"3":7,"4":7,"5":7,"6":7,"7":7,"8":7,"9":7,"10":7,"11":7,"12":7,"13":7},"f":{},"b":{}}
,"/Users/criss/Desktop/kata/identity-ocr-liveness-kata-node/src/services/auth.service.ts": {"path":"/Users/criss/Desktop/kata/identity-ocr-liveness-kata-node/src/services/auth.service.ts","statementMap":{"0":{"start":{"line":1,"column":0},"end":{"line":1,"column":31}},"1":{"start":{"line":2,"column":0},"end":{"line":2,"column":36}},"2":{"start":{"line":3,"column":0},"end":{"line":3,"column":39}},"3":{"start":{"line":5,"column":0},"end":{"line":5,"column":49}},"4":{"start":{"line":8,"column":23},"end":{"line":8,"column":25}},"5":{"start":{"line":9,"column":32},"end":{"line":9,"column":34}},"6":{"start":{"line":10,"column":22},"end":{"line":10,"column":39}},"7":{"start":{"line":14,"column":38},"end":{"line":14,"column":46}},"8":{"start":{"line":16,"column":25},"end":{"line":16,"column":61}},"9":{"start":{"line":16,"column":43},"end":{"line":16,"column":60}},"10":{"start":{"line":17,"column":4},"end":{"line":19,"column":5}},"11":{"start":{"line":18,"column":6},"end":{"line":18,"column":45}},"12":{"start":{"line":21,"column":25},"end":{"line":21,"column":67}},"13":{"start":{"line":23,"column":27},"end":{"line":29,"column":6}},"14":{"start":{"line":31,"column":4},"end":{"line":31,"column":24}},"15":{"start":{"line":32,"column":4},"end":{"line":32,"column":19}},"16":{"start":{"line":36,"column":32},"end":{"line":36,"column":43}},"17":{"start":{"line":38,"column":17},"end":{"line":38,"column":53}},"18":{"start":{"line":38,"column":35},"end":{"line":38,"column":52}},"19":{"start":{"line":39,"column":4},"end":{"line":41,"column":5}},"20":{"start":{"line":40,"column":6},"end":{"line":40,"column":45}},"21":{"start":{"line":43,"column":28},"end":{"line":45,"column":null}},"22":{"start":{"line":47,"column":4},"end":{"line":49,"column":5}},"23":{"start":{"line":48,"column":6},"end":{"line":48,"column":45}},"24":{"start":{"line":51,"column":24},"end":{"line":51,"column":54}},"25":{"start":{"line":52,"column":25},"end":{"line":52,"column":56}},"26":{"start":{"line":54,"column":4},"end":{"line":54,"column":37}},"27":{"start":{"line":56,"column":4},"end":{"line":65,"column":6}},"28":{"start":{"line":69,"column":4},"end":{"line":71,"column":5}},"29":{"start":{"line":70,"column":6},"end":{"line":70,"column":47}},"30":{"start":{"line":73,"column":4},"end":{"line":86,"column":5}},"31":{"start":{"line":74,"column":22},"end":{"line":76,"column":null}},"32":{"start":{"line":80,"column":19},"end":{"line":80,"column":59}},"33":{"start":{"line":80,"column":35},"end":{"line":80,"column":58}},"34":{"start":{"line":81,"column":6},"end":{"line":81,"column":51}},"35":{"start":{"line":81,"column":17},"end":{"line":81,"column":51}},"36":{"start":{"line":83,"column":6},"end":{"line":83,"column":44}},"37":{"start":{"line":85,"column":6},"end":{"line":85,"column":47}},"38":{"start":{"line":90,"column":18},"end":{"line":90,"column":46}},"39":{"start":{"line":91,"column":4},"end":{"line":93,"column":5}},"40":{"start":{"line":92,"column":6},"end":{"line":92,"column":37}},"41":{"start":{"line":94,"column":4},"end":{"line":94,"column":29}},"42":{"start":{"line":98,"column":35},"end":{"line":102,"column":6}},"43":{"start":{"line":103,"column":4},"end":{"line":105,"column":7}},"44":{"start":{"line":109,"column":35},"end":{"line":113,"column":6}},"45":{"start":{"line":114,"column":4},"end":{"line":116,"column":7}},"46":{"start":{"line":12,"column":0},"end":{"line":12,"column":13}}},"fnMap":{"0":{"name":"(anonymous_1)","decl":{"start":{"line":13,"column":2},"end":{"line":13,"column":8}},"loc":{"start":{"line":13,"column":37},"end":{"line":33,"column":3}}},"1":{"name":"(anonymous_2)","decl":{"start":{"line":16,"column":36},"end":{"line":16,"column":37}},"loc":{"start":{"line":16,"column":43},"end":{"line":16,"column":60}}},"2":{"name":"(anonymous_3)","decl":{"start":{"line":35,"column":2},"end":{"line":35,"column":8}},"loc":{"start":{"line":35,"column":37},"end":{"line":66,"column":3}}},"3":{"name":"(anonymous_4)","decl":{"start":{"line":38,"column":28},"end":{"line":38,"column":29}},"loc":{"start":{"line":38,"column":35},"end":{"line":38,"column":52}}},"4":{"name":"(anonymous_5)","decl":{"start":{"line":68,"column":2},"end":{"line":68,"column":8}},"loc":{"start":{"line":68,"column":41},"end":{"line":87,"column":3}}},"5":{"name":"(anonymous_6)","decl":{"start":{"line":80,"column":30},"end":{"line":80,"column":31}},"loc":{"start":{"line":80,"column":35},"end":{"line":80,"column":58}}},"6":{"name":"(anonymous_7)","decl":{"start":{"line":89,"column":2},"end":{"line":89,"column":8}},"loc":{"start":{"line":89,"column":35},"end":{"line":95,"column":3}}},"7":{"name":"(anonymous_8)","decl":{"start":{"line":97,"column":10},"end":{"line":97,"column":16}},"loc":{"start":{"line":97,"column":48},"end":{"line":106,"column":3}}},"8":{"name":"(anonymous_9)","decl":{"start":{"line":108,"column":10},"end":{"line":108,"column":16}},"loc":{"start":{"line":108,"column":49},"end":{"line":117,"column":3}}}},"branchMap":{"0":{"loc":{"start":{"line":17,"column":4},"end":{"line":19,"column":5}},"type":"if","locations":[{"start":{"line":17,"column":4},"end":{"line":19,"column":5}},{"start":{},"end":{}}]},"1":{"loc":{"start":{"line":39,"column":4},"end":{"line":41,"column":5}},"type":"if","locations":[{"start":{"line":39,"column":4},"end":{"line":41,"column":5}},{"start":{},"end":{}}]},"2":{"loc":{"start":{"line":47,"column":4},"end":{"line":49,"column":5}},"type":"if","locations":[{"start":{"line":47,"column":4},"end":{"line":49,"column":5}},{"start":{},"end":{}}]},"3":{"loc":{"start":{"line":69,"column":4},"end":{"line":71,"column":5}},"type":"if","locations":[{"start":{"line":69,"column":4},"end":{"line":71,"column":5}},{"start":{},"end":{}}]},"4":{"loc":{"start":{"line":69,"column":8},"end":{"line":69,"column":66}},"type":"binary-expr","locations":[{"start":{"line":69,"column":8},"end":{"line":69,"column":32}},{"start":{"line":69,"column":36},"end":{"line":69,"column":66}}]},"5":{"loc":{"start":{"line":81,"column":6},"end":{"line":81,"column":51}},"type":"if","locations":[{"start":{"line":81,"column":6},"end":{"line":81,"column":51}},{"start":{},"end":{}}]},"6":{"loc":{"start":{"line":91,"column":4},"end":{"line":93,"column":5}},"type":"if","locations":[{"start":{"line":91,"column":4},"end":{"line":93,"column":5}},{"start":{},"end":{}}]}},"s":{"0":8,"1":8,"2":8,"3":8,"4":8,"5":8,"6":8,"7":4,"8":4,"9":1,"10":4,"11":1,"12":3,"13":3,"14":3,"15":3,"16":5,"17":5,"18":5,"19":5,"20":0,"21":5,"22":5,"23":1,"24":4,"25":4,"26":4,"27":4,"28":4,"29":2,"30":2,"31":2,"32":2,"33":2,"34":2,"35":0,"36":2,"37":0,"38":2,"39":2,"40":2,"41":2,"42":6,"43":6,"44":4,"45":4,"46":8},"f":{"0":4,"1":1,"2":5,"3":5,"4":4,"5":2,"6":2,"7":6,"8":4},"b":{"0":[1,3],"1":[0,5],"2":[1,4],"3":[2,2],"4":[4,2],"5":[0,2],"6":[2,0]}}
,"/Users/criss/Desktop/kata/identity-ocr-liveness-kata-node/src/services/crypto.service.ts": {"path":"/Users/criss/Desktop/kata/identity-ocr-liveness-kata-node/src/services/crypto.service.ts","statementMap":{"0":{"start":{"line":1,"column":0},"end":{"line":1,"column":28}},"1":{"start":{"line":2,"column":0},"end":{"line":2,"column":30}},"2":{"start":{"line":3,"column":0},"end":{"line":3,"column":39}},"3":{"start":{"line":5,"column":18},"end":{"line":5,"column":31}},"4":{"start":{"line":6,"column":18},"end":{"line":6,"column":20}},"5":{"start":{"line":10,"column":15},"end":{"line":10,"column":44}},"6":{"start":{"line":11,"column":16},"end":{"line":11,"column":51}},"7":{"start":{"line":12,"column":19},"end":{"line":12,"column":60}},"8":{"start":{"line":13,"column":22},"end":{"line":13,"column":82}},"9":{"start":{"line":14,"column":16},"end":{"line":14,"column":35}},"10":{"start":{"line":15,"column":4},"end":{"line":15,"column":87}},"11":{"start":{"line":19,"column":18},"end":{"line":19,"column":33}},"12":{"start":{"line":20,"column":15},"end":{"line":20,"column":43}},"13":{"start":{"line":21,"column":16},"end":{"line":21,"column":44}},"14":{"start":{"line":22,"column":26},"end":{"line":22,"column":54}},"15":{"start":{"line":23,"column":16},"end":{"line":23,"column":51}},"16":{"start":{"line":24,"column":21},"end":{"line":24,"column":64}},"17":{"start":{"line":25,"column":4},"end":{"line":25,"column":29}},"18":{"start":{"line":26,"column":22},"end":{"line":26,"column":87}},"19":{"start":{"line":27,"column":4},"end":{"line":27,"column":38}},"20":{"start":{"line":34,"column":17},"end":{"line":34,"column":41}},"21":{"start":{"line":35,"column":4},"end":{"line":35,"column":39}},"22":{"start":{"line":42,"column":4},"end":{"line":42,"column":42}},"23":{"start":{"line":8,"column":0},"end":{"line":8,"column":13}}},"fnMap":{"0":{"name":"(anonymous_1)","decl":{"start":{"line":9,"column":2},"end":{"line":9,"column":8}},"loc":{"start":{"line":9,"column":29},"end":{"line":16,"column":3}}},"1":{"name":"(anonymous_2)","decl":{"start":{"line":18,"column":2},"end":{"line":18,"column":8}},"loc":{"start":{"line":18,"column":29},"end":{"line":28,"column":3}}},"2":{"name":"(anonymous_3)","decl":{"start":{"line":33,"column":2},"end":{"line":33,"column":8}},"loc":{"start":{"line":33,"column":44},"end":{"line":36,"column":3}}},"3":{"name":"(anonymous_4)","decl":{"start":{"line":41,"column":2},"end":{"line":41,"column":8}},"loc":{"start":{"line":41,"column":61},"end":{"line":43,"column":3}}}},"branchMap":{},"s":{"0":19,"1":19,"2
[...]
lumn":8},"end":{"line":25,"column":96}}]},"1":{"loc":{"start":{"line":28,"column":4},"end":{"line":30,"column":5}},"type":"if","locations":[{"start":{"line":28,"column":4},"end":{"line":30,"column":5}},{"start":{},"end":{}}]},"2":{"loc":{"start":{"line":37,"column":4},"end":{"line":44,"column":5}},"type":"if","locations":[{"start":{"line":37,"column":4},"end":{"line":44,"column":5}},{"start":{},"end":{}}]},"3":{"loc":{"start":{"line":48,"column":23},"end":{"line":48,"column":116}},"type":"binary-expr","locations":[{"start":{"line":48,"column":23},"end":{"line":48,"column":52}},{"start":{"line":48,"column":56},"end":{"line":48,"column":84}},{"start":{"line":48,"column":88},"end":{"line":48,"column":116}}]},"4":{"loc":{"start":{"line":51,"column":4},"end":{"line":55,"column":5}},"type":"if","locations":[{"start":{"line":51,"column":4},"end":{"line":55,"column":5}},{"start":{},"end":{}}]},"5":{"loc":{"start":{"line":57,"column":4},"end":{"line":63,"column":5}},"type":"if","locations":[{"start":{"line":57,"column":4},"end":{"line":63,"column":5}},{"start":{},"end":{}}]},"6":{"loc":{"start":{"line":58,"column":8},"end":{"line":62,"column":9}},"type":"if","locations":[{"start":{"line":58,"column":8},"end":{"line":62,"column":9}},{"start":{"line":60,"column":15},"end":{"line":62,"column":9}}]},"7":{"loc":{"start":{"line":68,"column":8},"end":{"line":78,"column":9}},"type":"switch","locations":[{"start":{"line":69,"column":12},"end":{"line":71,"column":22}},{"start":{"line":72,"column":12},"end":{"line":74,"column":22}},{"start":{"line":75,"column":12},"end":{"line":77,"column":22}}]},"8":{"loc":{"start":{"line":80,"column":8},"end":{"line":92,"column":9}},"type":"if","locations":[{"start":{"line":80,"column":8},"end":{"line":92,"column":9}},{"start":{"line":90,"column":15},"end":{"line":92,"column":9}}]},"9":{"loc":{"start":{"line":80,"column":12},"end":{"line":80,"column":103}},"type":"binary-expr","locations":[{"start":{"line":80,"column":12},"end":{"line":80,"column":26}},{"start":{"line":80,"column":31},"end":{"line":80,"column":64}},{"start":{"line":80,"column":68},"end":{"line":80,"column":102}}]},"10":{"loc":{"start":{"line":111,"column":4},"end":{"line":111,"column":76}},"type":"if","locations":[{"start":{"line":111,"column":4},"end":{"line":111,"column":76}},{"start":{},"end":{}}]},"11":{"loc":{"start":{"line":115,"column":4},"end":{"line":115,"column":63}},"type":"if","locations":[{"start":{"line":115,"column":4},"end":{"line":115,"column":63}},{"start":{},"end":{}}]},"12":{"loc":{"start":{"line":128,"column":6},"end":{"line":130,"column":7}},"type":"if","locations":[{"start":{"line":128,"column":6},"end":{"line":130,"column":7}},{"start":{},"end":{}}]},"13":{"loc":{"start":{"line":137,"column":6},"end":{"line":140,"column":7}},"type":"if","locations":[{"start":{"line":137,"column":6},"end":{"line":140,"column":7}},{"start":{},"end":{}}]},"14":{"loc":{"start":{"line":137,"column":10},"end":{"line":137,"column":36}},"type":"binary-expr","locations":[{"start":{"line":137,"column":10},"end":{"line":137,"column":19}},{"start":{"line":137,"column":23},"end":{"line":137,"column":36}}]},"15":{"loc":{"start":{"line":142,"column":6},"end":{"line":147,"column":7}},"type":"if","locations":[{"start":{"line":142,"column":6},"end":{"line":147,"column":7}},{"start":{},"end":{}}]},"16":{"loc":{"start":{"line":142,"column":10},"end":{"line":142,"column":45}},"type":"binary-expr","locations":[{"start":{"line":142,"column":10},"end":{"line":142,"column":24}},{"start":{"line":142,"column":28},"end":{"line":142,"column":45}}]},"17":{"loc":{"start":{"line":151,"column":22},"end":{"line":151,"column":75}},"type":"cond-expr","locations":[{"start":{"line":151,"column":47},"end":{"line":151,"column":55}},{"start":{"line":151,"column":58},"end":{"line":151,"column":75}}]},"18":{"loc":{"start":{"line":151,"column":22},"end":{"line":151,"column":44}},"type":"binary-expr","locations":[{"start":{"line":151,"column":22},"end":{"line":151,"column":31}},{"start":{"line":151,"column":35},"end":{"line":151,"column":44}}]}},"s":{"0":8,"1":8,"2":8,"3":8,"4":8,"5":7,"6":7,"7":6,"8":6,"9":0,"10":0,"11":1,"12":1,"13":7,"14":1,"15":6,"16":6,"17":1,"18":1,"19":5,"20":5,"21":5,"22":4,"23":5,"24":4,"25":4,"26":0,"27":1,"28":1,"29":0,"30":0,"31":0,"32":0,"33":1,"34":1,"35":1,"36":1,"37":1,"38":0,"39":0,"40":0,"41":0,"42":2,"43":2,"44":0,"45":2,"46":2,"47":0,"48":2,"49":1,"50":1,"51":0,"52":1,"53":1,"54":1,"55":1,"56":0,"57":1,"58":0,"59":0,"60":0,"61":1,"62":8},"f":{"0":7,"1":0,"2":2,"3":1},"b":{"0":[6,0,1],"1":[1,6],"2":[1,5],"3":[5,5,5],"4":[4,1],"5":[4,1],"6":[4,0],"7":[0,0,1],"8":[1,0],"9":[1,1,1],"10":[0,2],"11":[0,2],"12":[0,1],"13":[0,1],"14":[1,1],"15":[0,1],"16":[1,1],"17":[1,0],"18":[1,1]}}
,"/Users/criss/Desktop/kata/identity-ocr-liveness-kata-node/src/services/validation/faceMatch.service.ts": {"path":"/Users/criss/Desktop/kata/identity-ocr-liveness-kata-node/src/services/validation/faceMatch.service.ts","statementMap":{"0":{"start":{"line":1,"column":0},"end":{"line":1,"column":39}},"1":{"start":{"line":2,"column":0},"end":{"line":2,"column":35}},"2":{"start":{"line":3,"column":0},"end":{"line":3,"column":66}},"3":{"start":{"line":7,"column":4},"end":{"line":7,"column":39}},"4":{"start":{"line":11,"column":4},"end":{"line":11,"column":28}},"5":{"start":{"line":13,"column":30},"end":{"line":13,"column":94}},"6":{"start":{"line":14,"column":30},"end":{"line":17,"column":6}},"7":{"start":{"line":19,"column":4},"end":{"line":21,"column":5}},"8":{"start":{"line":20,"column":6},"end":{"line":20,"column":69}},"9":{"start":{"line":23,"column":17},"end":{"line":23,"column":48}},"10":{"start":{"line":24,"column":18},"end":{"line":24,"column":50}},"11":{"start":{"line":27,"column":17},"end":{"line":28,"column":null}},"12":{"start":{"line":28,"column":33},"end":{"line":28,"column":64}},"13":{"start":{"line":31,"column":18},"end":{"line":31,"column":33}},"14":{"start":{"line":32,"column":18},"end":{"line":32,"column":29}},"15":{"start":{"line":33,"column":4},"end":{"line":33,"column":28}},"16":{"start":{"line":37,"column":14},"end":{"line":37,"column":65}},"17":{"start":{"line":37,"column":38},"end":{"line":37,"column":45}},"18":{"start":{"line":38,"column":14},"end":{"line":38,"column":65}},"19":{"start":{"line":38,"column":38},"end":{"line":38,"column":45}},"20":{"start":{"line":39,"column":4},"end":{"line":39,"column":20}},"21":{"start":{"line":43,"column":4},"end":{"line":43,"column":44}},"22":{"start":{"line":47,"column":20},"end":{"line":47,"column":42}},"23":{"start":{"line":48,"column":21},"end":{"line":48,"column":44}},"24":{"start":{"line":49,"column":18},"end":{"line":49,"column":38}},"25":{"start":{"line":50,"column":17},"end":{"line":50,"column":36}},"26":{"start":{"line":51,"column":16},"end":{"line":51,"column":41}},"27":{"start":{"line":53,"column":15},"end":{"line":53,"column":35}},"28":{"start":{"line":54,"column":15},"end":{"line":54,"column":36}},"29":{"start":{"line":55,"column":20},"end":{"line":55,"column":53}},"30":{"start":{"line":56,"column":22},"end":{"line":56,"column":30}},"31":{"start":{"line":57,"column":23},"end":{"line":57,"column":31}},"32":{"start":{"line":58,"column":17},"end":{"line":58,"column":23}},"33":{"start":{"line":60,"column":22},"end":{"line":60,"column":56}},"34":{"start":{"line":61,"column":17},"end":{"line":61,"column":52}},"35":{"start":{"line":61,"column":32},"end":{"line":61,"column":52}},"36":{"start":{"line":63,"column":20},"end":{"line":63,"column":43}},"37":{"start":{"line":64,"column":23},"end":{"line":64,"column":53}},"38":{"start":{"line":65,"column":23},"end":{"line":65,"column":61}},"39":{"start":{"line":66,"column":24},"end":{"line":66,"column":68}},"40":{"start":{"line":68,"column":4},"end":{"line":68,"column":58}},"41":{"start":{"line":5,"column":0},"end":{"line":5,"column":13}}},"fnMap":{"0":{"name":"(anonymous_9)","decl":{"start":{"line":6,"column":2},"end":{"line":6,"column":8}},"loc":{"start":{"line":6,"column":25},"end":{"line":8,"column":3}}},"1":{"name":"(anonymous_10)","decl":{"start":{"line":10,"column":2},"end":{"line":10,"column":8}},"loc":{"start":{"line":10,"column":60},"end":{"line":34,"column":3}}},"2":{"name":"(anonymous_11)","decl":{"start":{"line":28,"column":18},"end":{"line":28,"column":19}},"loc":{"start":{"line":28,"column":33},"end":{"line":28,"column":64}}},"3":{"name":"(anonymous_12)","decl":{"start":{"line":36,"column":10},"end":{"line":36,"column":16}},"loc":{"start":{"line":36,"column":37},"end":{"line":40,"column":3}}},"4":{"name":"(anonymous_13)","decl":{"start":{"line":37,"column":28},"end":{"line":37,"column":29}},"loc":{"start":{"line":37,"column":38},"end":{"line":37,"column":45}}},"5":{"name":"(anonymous_14)","decl":{"start":{"line":38,"column":28},"end":{"line":38,"column":29}},"loc":{"start":{"line":38,"column":38},"end":{"line":38,"column":45}}},"6":{"name":"(anonymous_15)","decl":{"start":{"line":42,"column":10},"end":{"line":42,"column":16}},"loc":{"start":{"line":42,"column":36},"end":{"line":44,"column":3}}},"7":{"name":"(anonymous_16)","decl":{"start":{"line":46,"column":10},"end":{"line":46,"column":16}},"loc":{"start":{"line":46,"column":60},"end":{"line":69,"column":3}}},"8":{"name":"(anonymous_17)","decl":{"start":{"line":61,"column":17},"end":{"line":61,"column":18}},"loc":{"start":{"line":61,"column":32},"end":{"line":61,"column":52}}}},"branchMap":{"0":{"loc":{"start":{"line":19,"column":4},"end":{"line":21,"column":5}},"type":"if","locations":[{"start":{"line":19,"column":4},"end":{"line":21,"column":5}},{"start":{},"end":{}}]},"1":{"loc":{"start":{"line":19,"column":8},"end":{"line":19,"column":27}},"type":"binary-expr","locations":[{"start":{"line":19,"column":8},"end":{"line":19,"column":15}},{"start":{"line":19,"column":19},"end":{"line":19,"column":27}}]},"2":{"loc":{"start":{"line":61,"column":37},"end":{"line":61,"column":51}},"type":"binary-expr","locations":[{"start":{"line":61,"column":37},"end":{"line":61,"column":46}},{"start":{"line":61,"column":50},"end":{"line":61,"column":51}}]}},"s":{"0":8,"1":8,"2":8,"3":2,"4":2,"5":2,"6":2,"7":2,"8":1,"9":1,"10":1,"11":1,"12":4,"13":1,"14":1,"15":1,"16":6,"17":38,"18":6,"19":38,"20":6,"21":10,"22":2,"23":2,"24":2,"25":2,"26":2,"27":2,"28":2,"29":2,"30":2,"31":2,"32":2,"33":2,"34":2,"35":8,"36":2,"37":2,"38":2,"39":2,"40":2,"41":8},"f":{"0":2,"1":2,"2":4,"3":6,"4":38,"5":38,"6":10,"7":2,"8":8},"b":{"0":[1,1],"1":[2,1],"2":[8,0]}}
,"/Users/criss/Desktop/kata/identity-ocr-liveness-kata-node/src/services/validation/mockEntities.service.ts": {"path":"/Users/criss/Desktop/kata/identity-ocr-liveness-kata-node/src/services/validation/mockEntities.service.ts","statementMap":{"0":{"start":{"line":2,"column":20},"end":{"line":2,"column":99}},"1":{"start":{"line":2,"column":36},"end":{"line":2,"column":99}},"2":{"start":{"line":2,"column":59},"end":{"line":2,"column":98}},"3":{"start":{"line":10,"column":4},"end":{"line":10,"column":28}},"4":{"start":{"line":13,"column":22},"end":{"line":13,"column":63}},"5":{"start":{"line":15,"column":4},"end":{"line":20,"column":5}},"6":{"start":{"line":16,"column":6},"end":{"line":19,"column":8}},"7":{"start":{"line":22,"column":4},"end":{"line":28,"column":5}},"8":{"start":{"line":23,"column":8},"end":{"line":27,"column":10}},"9":{"start":{"line":30,"column":4},"end":{"line":35,"column":6}},"10":{"start":{"line":42,"column":4},"end":{"line":42,"column":28}},"11":{"start":{"line":44,"column":4},"end":{"line":46,"column":5}},"12":{"start":{"line":45,"column":8},"end":{"line":45,"column":76}},"13":{"start":{"line":48,"column":4},"end":{"line":48,"column":74}},"14":{"start":{"line":55,"column":6},"end":{"line":55,"column":29}},"15":{"start":{"line":58,"column":6},"end":{"line":62,"column":8}},"16":{"start":{"line":4,"column":0},"end":{"line":4,"column":13}}},"fnMap":{"0":{"name":"(anonymous_0)","decl":{"start":{"line":2,"column":20},"end":{"line":2,"column":21}},"loc":{"start":{"line":2,"column":36},"end":{"line":2,"column":99}}},"1":{"name":"(anonymous_1)","decl":{"start":{"line":2,"column":48},"end":{"line":2,"column":55}},"loc":{"start":{"line":2,"column":59},"end":{"line":2,"column":98}}},"2":{"name":"(anonymous_2)","decl":{"start":{"line":9,"column":2},"end":{"line":9,"column":8}},"loc":{"start":{"line":9,"column":49},"end":{"line":36,"column":3}}},"3":{"name":"(anonymous_3)","decl":{"start":{"line":41,"column":2},"end":{"line":41,"column":8}},"loc":{"start":{"line":41,"column":56},"end":{"line":49,"column":3}}},"4":{"name":"(anonymous_4)","decl":{"start":{"line":54,"column":2},"end":{"line":54,"column":8}},"loc":{"start":{"line":54,"column":48},"end":{"line":63,"column":3}}}},"branchMap":{"0":{"loc":{"start":{"line":15,"column":4},"end":{"line":20,"column":5}},"type":"if","locations":[{"start":{"line":15,"column":4},"end":{"line":20,"column":5}},{"start":{},"end":{}}]},"1":{"loc":{"start":{"line":22,"column":4},"end":{"line":28,"column":5}},"type":"if","locations":[{"start":{"line":22,"column":4},"end":{"line":28,"column":5}},{"start":{},"end":{}}]},"2":{"loc":{"start":{"line":44,"column":4},"end":{"line":46,"column":5}},"type":"if","locations":[{"start":{"line":44,"column":4},"end":{"line":46,"column":5}},{"start":{},"end":{}}]}},"s":{"0":8,"1":6,"2":6,"3":3,"4":3,"5":3,"6":1,"7":2,"8":1,"9":1,"10":2,"11":2,"12":1,"13":1,"14":1,"15":1,"16":8},"f":{"0":6,"1":6,"2":3,"3":2,"4":1},"b":{"0":[1,2],"1":[1,1],"2":[1,1]}}
,"/Users/criss/Desktop/kata/identity-ocr-liveness-kata-node/src/utils/logger.ts": {"path":"/Users/criss/Desktop/kata/identity-ocr-liveness-kata-node/src/utils/logger.ts","statementMap":{"0":{"start":{"line":1,"column":0},"end":{"line":1,"column":30}},"1":{"start":{"line":2,"column":0},"end":{"line":2,"column":35}},"2":{"start":{"line":3,"column":0},"end":{"line":3,"column":39}},"3":{"start":{"line":4,"column":0},"end":{"line":4,"column":59}},"4":{"start":{"line":7,"column":24},"end":{"line":17,"column":2}},"5":{"start":{"line":8,"column":2},"end":{"line":10,"column":3}},"6":{"start":{"line":9,"column":4},"end":{"line":9,"column":72}},"7":{"start":{"line":11,"column":2},"end":{"line":15,"column":3}},"8":{"start":{"line":13,"column":24},"end":{"line":13,"column":52}},"9":{"start":{"line":14,"column":5},"end":{"line":14,"column":71}},"10":{"start":{"line":16,"column":2},"end":{"line":16,"column":14}},"11":{"start":{"line":19,"column":15},"end":{"line":50,"column":2}},"12":{"start":{"line":52,"column":0},"end":{"line":52,"column":22}}},"fnMap":{"0":{"name":"(anonymous_1)","decl":{"start":{"line":7,"column":39},"end":{"line":7,"column":40}},"loc":{"start":{"line":7,"column":48},"end":{"line":17,"column":1}}}},"branchMap":{"0":{"loc":{"start":{"line":8,"column":2},"end":{"line":10,"column":3}},"type":"if","locations":[{"start":{"line":8,"column":2},"end":{"line":10,"column":3}},{"start":{},"end":{}}]},"1":{"loc":{"start":{"line":8,"column":6},"end":{"line":8,"column":56}},"type":"binary-expr","locations":[{"start":{"line":8,"column":6},"end":{"line":8,"column":20}},{"start":{"line":8,"column":24},"end":{"line":8,"column":56}}]},"2":{"loc":{"start":{"line":11,"column":2},"end":{"line":15,"column":3}},"type":"if","locations":[{"start":{"line":11,"column":2},"end":{"line":15,"column":3}},{"start":{},"end":{}}]},"3":{"loc":{"start":{"line":11,"column":6},"end":{"line":11,"column":54}},"type":"binary-expr","locations":[{"start":{"line":11,"column":6},"end":{"line":11,"column":18}},{"start":{"line":11,"column":22},"end":{"line":11,"column":54}}]}},"s":{"0":17,"1":17,"2":17,"3":17,"4":17,"5":118,"6":1,"7":118,"8":1,"9":1,"10":118,"11":17,"12":17},"f":{"0":118},"b":{"0":[1,117],"1":[118,1],"2":[1,117],"3":[118,1]}}
,"/Users/criss/Desktop/kata/identity-ocr-liveness-kata-node/src/utils/validation/documentAlgorithms.utils.ts": {"path":"/Users/criss/Desktop/kata/identity-ocr-liveness-kata-node/src/utils/validation/documentAlgorithms.utils.ts","statementMap":{"0":{"start":{"line":13,"column":6},"end":{"line":13,"column":51}},"1":{"start":{"line":13,"column":38},"end":{"line":13,"column":51}},"2":{"start":{"line":17,"column":21},"end":{"line":17,"column":49}},"3":{"start":{"line":29,"column":6},"end":{"line":29,"column":18}},"4":{"start":{"line":37,"column":20},"end":{"line":37,"column":35}},"5":{"start":{"line":38,"column":6},"end":{"line":38,"column":41}},"6":{"start":{"line":38,"column":28},"end":{"line":38,"column":41}},"7":{"start":{"line":40,"column":20},"end":{"line":40,"column":35}},"8":{"start":{"line":41,"column":20},"end":{"line":41,"column":35}},"9":{"start":{"line":44,"column":6},"end":{"line":49,"column":7}},"10":{"start":{"line":48,"column":10},"end":{"line":48,"column":80}},"11":{"start":{"line":51,"column":6},"end":{"line":51,"column":18}},"12":{"start":{"line":60,"column":6},"end":{"line":60,"column":39}},"13":{"start":{"line":67,"column":16},"end":{"line":67,"column":17}},"14":{"start":{"line":68,"column":25},"end":{"line":68,"column":30}},"15":{"start":{"line":69,"column":6},"end":{"line":78,"column":7}},"16":{"start":{"line":69,"column":19},"end":{"line":69,"column":35}},"17":{"start":{"line":70,"column":20},"end":{"line":70,"column":52}},"18":{"start":{"line":72,"column":8},"end":{"line":74,"column":9}},"19":{"start":{"line":73,"column":10},"end":{"line":73,"column":43}},"20":{"start":{"line":73,"column":32},"end":{"line":73,"column":43}},"21":{"start":{"line":76,"column":8},"end":{"line":76,"column":21}},"22":{"start":{"line":77,"column":8},"end":{"line":77,"column":37}},"23":{"start":{"line":79,"column":6},"end":{"line":79,"column":29}},"24":{"start":{"line":1,"column":0},"end":{"line":1,"column":13}}},"fnMap":{"0":{"name":"(anonymous_0)","decl":{"start":{"line":11,"column":4},"end":{"line":11,"column":10}},"loc":{"start":{"line":11,"column":48},"end":{"line":30,"column":5}}},"1":{"name":"(anonymous_1)","decl":{"start":{"line":36,"column":4},"end":{"line":36,"column":10}},"loc":{"start":{"line":36,"column":34},"end":{"line":52,"column":5}}},"2":{"name":"(anonymous_2)","decl":{"start":{"line":58,"column":4},"end":{"line":58,"column":10}},"loc":{"start":{"line":58,"column":41},"end":{"line":61,"column":5}}},"3":{"name":"(anonymous_3)","decl":{"start":{"line":66,"column":4},"end":{"line":66,"column":10}},"loc":{"start":{"line":66,"column":34},"end":{"line":80,"column":5}}}},"branchMap":{"0":{"loc":{"start":{"line":13,"column":6},"end":{"line":13,"column":51}},"type":"if","locations":[{"start":{"line":13,"column":6},"end":{"line":13,"column":51}},{"start":{},"end":{}}]},"1":{"loc":{"start":{"line":38,"column":6},"end":{"line":38,"column":41}},"type":"if","locations":[{"start":{"line":38,"column":6},"end":{"line":38,"column":41}},{"start":{},"end":{}}]},"2":{"loc":{"start":{"line":44,"column":6},"end":{"line":49,"column":7}},"type":"if","locations":[{"start":{"line":44,"column":6},"end":{"line":49,"column":7}},{"start":{},"end":{}}]},"3":{"loc":{"start":{"line":44,"column":10},"end":{"line":44,"column":52}},"type":"binary-expr","locations":[{"start":{"line":44,"column":10},"end":{"line":44,"column":29}},{"start":{"line":44,"column":33},"end":{"line":44,"column":52}}]},"4":{"loc":{"start":{"line":48,"column":17},"end":{"line":48,"column":79}},"type":"binary-expr","locations":[{"start":{"line":48,"column":17},"end":{"line":48,"column":46}},{"start":{"line":48,"column":50},"end":{"line":48,"column":79}}]},"5":{"loc":{"start":{"line":72,"column":8},"end":{"line":74,"column":9}},"type":"if","locations":[{"start":{"line":72,"column":8},"end":{"line":74,"column":9}},{"start":{},"end":{}}]},"6":{"loc":{"start":{"line":73,"column":10},"end":{"line":73,"column":43}},"type":"if","locations":[{"start":{"line":73,"column":10},"end":{"line":73,"column":43}},{"start":{},"end":{}}]}},"s":{"0":11,"1":4,"2":7,"3":7,"4":2,"5":2,"6":0,"7":2,"8":2,"9":2,"10":2,"11":0,"12":3,"13":2,"14":2,"15":2,"16":2,"17":22,"18":22,"19":10,"20":4,"21":22,"22":22,"23":2,"24":9},"f":{"0":11,"1":2,"2":3,"3":2},"b":{"0":[4,7],"1":[0,2],"2":[2,0],"3":[2,0],"4":[2,2],"5":[10,12],"6":[4,6]}}
}
