TN:
SF:src/app.ts
FN:23,(anonymous_1)
FN:25,(anonymous_2)
FN:74,(anonymous_3)
FN:94,(anonymous_4)
FN:102,(anonymous_5)
FN:108,(anonymous_6)
FN:116,(anonymous_7)
FNF:7
FNH:6
FNDA:123,(anonymous_1)
FNDA:123,(anonymous_2)
FNDA:122,(anonymous_3)
FNDA:105,(anonymous_4)
FNDA:0,(anonymous_5)
FNDA:1,(anonymous_6)
FNDA:104,(anonymous_7)
DA:1,7
DA:2,7
DA:3,7
DA:4,7
DA:5,7
DA:6,7
DA:7,7
DA:8,7
DA:9,7
DA:10,7
DA:11,7
DA:12,7
DA:13,7
DA:14,7
DA:15,7
DA:16,7
DA:17,7
DA:18,7
DA:20,7
DA:23,7
DA:24,123
DA:25,123
DA:26,123
DA:27,123
DA:28,123
DA:32,123
DA:36,7
DA:48,7
DA:49,7
DA:50,7
DA:53,7
DA:67,7
DA:73,7
DA:74,7
DA:75,122
DA:76,122
DA:77,122
DA:78,122
DA:82,7
DA:83,7
DA:84,7
DA:85,7
DA:86,7
DA:87,7
DA:88,7
DA:91,7
DA:94,105
DA:102,7
DA:103,0
DA:104,0
DA:108,7
DA:109,1
DA:116,7
DA:117,104
DA:120,7
DA:123,7
LF:56
LH:54
BRDA:27,0,0,122
BRDA:27,0,1,1
BRF:2
BRH:2
end_of_record
TN:
SF:src/config/database.ts
FN:13,(anonymous_1)
FN:33,(anonymous_2)
FN:39,(anonymous_3)
FNF:3
FNH:1
FNDA:0,(anonymous_1)
FNDA:8,(anonymous_2)
FNDA:0,(anonymous_3)
DA:1,7
DA:2,7
DA:3,7
DA:5,7
DA:9,7
DA:11,0
DA:13,0
DA:29,7
DA:30,7
DA:33,8
DA:39,7
DA:40,0
DA:41,0
DA:42,0
DA:44,0
DA:45,0
DA:47,0
LF:17
LH:9
BRDA:9,0,0,0
BRDA:9,0,1,7
BRDA:21,1,0,0
BRDA:21,1,1,0
BRF:4
BRH:1
end_of_record
TN:
SF:src/config/env.ts
FNF:0
FNH:0
DA:1,19
DA:3,19
DA:5,19
LF:3
LH:3
BRDA:6,0,0,19
BRDA:6,0,1,0
BRDA:7,1,0,19
BRDA:7,1,1,0
BRDA:8,2,0,19
BRDA:8,2,1,0
BRDA:9,3,0,19
BRDA:9,3,1,0
BRDA:11,4,0,19
BRDA:11,4,1,0
BRDA:12,5,0,19
BRDA:12,5,1,0
BRDA:13,6,0,19
BRDA:13,6,1,0
BRDA:14,7,0,19
BRDA:14,7,1,0
BRDA:17,8,0,19
BRDA:17,8,1,0
BRDA:18,9,0,19
BRDA:18,9,1,0
BRF:20
BRH:10
end_of_record
TN:
SF:src/config/ocr.config.ts
FNF:0
FNH:0
DA:3,7
LF:1
LH:1
BRDA:9,0,0,7
BRDA:9,0,1,7
BRDA:10,1,0,7
BRDA:10,1,1,7
BRF:4
BRH:4
end_of_record
TN:
SF:src/controllers/auth.controller.ts
FN:6,(anonymous_1)
FN:23,(anonymous_2)
FN:33,(anonymous_3)
FN:43,(anonymous_4)
FNF:4
FNH:4
FNDA:2,(anonymous_1)
FNDA:2,(anonymous_2)
FNDA:2,(anonymous_3)
FNDA:1,(anonymous_4)
DA:2,7
DA:3,7
DA:5,7
DA:7,2
DA:8,2
DA:9,2
DA:18,0
DA:19,0
DA:24,2
DA:25,2
DA:26,2
DA:28,0
DA:29,0
DA:34,2
DA:35,2
DA:36,2
DA:37,1
DA:39,1
DA:44,1
DA:45,1
DA:46,1
DA:47,1
DA:49,0
LF:23
LH:18
BRF:0
BRH:0
end_of_record
TN:
SF:src/controllers/liveness.controller.ts
FN:8,(anonymous_1)
FN:38,(anonymous_2)
FN:85,(anonymous_3)
FN:102,(anonymous_4)
FNF:4
FNH:4
FNDA:1,(anonymous_1)
FNDA:3,(anonymous_2)
FNDA:1,(anonymous_3)
FNDA:1,(anonymous_4)
DA:2,8
DA:3,8
DA:4,8
DA:5,8
DA:7,8
DA:9,1
DA:10,1
DA:11,1
DA:12,0
DA:13,0
DA:16,1
DA:17,1
DA:18,1
DA:27,1
DA:33,0
DA:34,0
DA:39,3
DA:40,3
DA:41,3
DA:43,3
DA:44,1
DA:45,1
DA:48,2
DA:49,1
DA:50,1
DA:53,1
DA:54,1
DA:55,1
DA:56,1
DA:58,1
DA:59,1
DA:60,1
DA:61,0
DA:62,0
DA:74,1
DA:80,0
DA:81,0
DA:86,1
DA:87,1
DA:88,1
DA:90,1
DA:91,1
DA:92,1
DA:95,0
DA:97,0
DA:98,0
DA:103,1
DA:104,1
DA:105,1
DA:106,1
DA:108,0
DA:109,0
DA:110,0
DA:118,0
DA:120,0
DA:121,0
LF:56
LH:39
BRDA:10,0,0,0
BRDA:10,0,1,1
BRDA:10,1,0,1
BRDA:10,1,1,1
BRDA:11,2,0,0
BRDA:11,2,1,1
BRDA:43,3,0,1
BRDA:43,3,1,2
BRDA:48,4,0,1
BRDA:48,4,1,1
BRDA:54,5,0,1
BRDA:54,5,1,0
BRDA:54,6,0,0
BRDA:54,6,1,1
BRDA:54,7,0,1
BRDA:54,7,1,1
BRDA:59,8,0,0
BRDA:59,8,1,1
BRDA:59,9,0,1
BRDA:59,9,1,1
BRDA:60,10,0,0
BRDA:60,10,1,1
BRDA:60,11,0,1
BRDA:60,11,1,0
BRDA:60,12,0,0
BRDA:60,12,1,0
BRDA:60,13,0,0
BRDA:60,13,1,0
BRDA:90,14,0,1
BRDA:90,14,1,0
BRDA:105,15,0,1
BRDA:105,15,1,0
BRDA:108,16,0,0
BRDA:108,16,1,0
BRDA:108,17,0,0
BRDA:108,17,1,0
BRF:36
BRH:19
end_of_record
TN:
SF:src/controllers/ml.controller.ts
FN:7,(anonymous_1)
FN:35,(anonymous_2)
FNF:2
FNH:1
FNDA:2,(anonymous_1)
FNDA:0,(anonymous_2)
DA:2,8
DA:3,8
DA:4,8
DA:6,8
DA:8,2
DA:9,2
DA:10,1
DA:13,1
DA:14,1
DA:16,1
DA:19,1
DA:20,1
DA:22,0
DA:25,1
DA:27,0
DA:28,0
DA:29,0
DA:31,0
DA:37,0
LF:19
LH:13
BRDA:9,0,0,1
BRDA:9,0,1,1
BRDA:28,1,0,0
BRDA:28,1,1,0
BRDA:28,2,0,0
BRDA:28,2,1,0
BRF:6
BRH:2
end_of_record
TN:
SF:src/controllers/ocr.controller.ts
FN:10,(anonymous_1)
FN:33,(anonymous_2)
FN:59,(anonymous_3)
FNF:3
FNH:3
FNDA:4,(anonymous_1)
FNDA:1,(anonymous_2)
FNDA:1,(anonymous_3)
DA:2,8
DA:3,8
DA:4,8
DA:5,8
DA:7,8
DA:11,4
DA:12,4
DA:13,1
DA:17,3
DA:18,3
DA:19,0
DA:23,3
DA:25,3
DA:27,0
DA:28,0
DA:34,1
DA:35,1
DA:36,0
DA:39,1
DA:42,1
DA:47,1
DA:54,0
DA:55,0
DA:60,1
DA:61,1
DA:62,1
DA:64,1
DA:65,0
DA:68,1
DA:69,1
DA:70,1
DA:72,1
DA:80,0
LF:33
LH:25
BRDA:12,0,0,1
BRDA:12,0,1,3
BRDA:18,1,0,0
BRDA:18,1,1,3
BRDA:35,2,0,0
BRDA:35,2,1,1
BRDA:39,3,0,1
BRDA:39,3,1,0
BRDA:39,4,0,0
BRDA:39,4,1,1
BRDA:39,5,0,1
BRDA:39,5,1,1
BRDA:64,6,0,0
BRDA:64,6,1,1
BRF:14
BRH:9
end_of_record
TN:
SF:src/controllers/validation.controller.ts
FN:11,(anonymous_1)
FN:31,(anonymous_2)
FN:43,(anonymous_3)
FN:49,(anonymous_4)
FN:62,(anonymous_5)
FN:68,(anonymous_6)
FN:84,(anonymous_7)
FNF:7
FNH:4
FNDA:1,(anonymous_1)
FNDA:0,(anonymous_2)
FNDA:0,(anonymous_3)
FNDA:1,(anonymous_4)
FNDA:1,(anonymous_5)
FNDA:1,(anonymous_6)
FNDA:0,(anonymous_7)
DA:2,7
DA:3,7
DA:4,7
DA:5,7
DA:6,7
DA:7,7
DA:9,7
DA:12,1
DA:13,1
DA:15,1
DA:16,1
DA:17,1
DA:18,1
DA:19,1
DA:28,1
DA:32,0
DA:35,0
DA:36,0
DA:39,0
DA:40,0
DA:44,0
DA:45,0
DA:46,0
DA:51,1
DA:53,1
DA:56,1
DA:57,0
DA:59,1
DA:63,1
DA:64,1
DA:65,1
DA:69,1
DA:71,1
DA:72,0
DA:75,1
DA:81,1
DA:85,0
DA:86,0
DA:87,0
DA:88,0
DA:89,0
DA:90,0
DA:91,0
DA:92,0
DA:95,0
DA:96,0
DA:97,0
DA:99,0
DA:100,0
LF:49
LH:26
BRDA:13,0,0,0
BRDA:13,0,1,1
BRDA:17,1,0,0
BRDA:17,1,1,1
BRDA:17,2,0,1
BRDA:17,2,1,0
BRDA:22,3,0,0
BRDA:22,3,1,1
BRDA:22,4,0,1
BRDA:22,4,1,1
BRDA:23,5,0,1
BRDA:23,5,1,0
BRDA:24,6,0,1
BRDA:24,6,1,0
BRDA:24,7,0,1
BRDA:24,7,1,1
BRDA:24,8,0,0
BRDA:24,8,1,1
BRDA:24,9,0,1
BRDA:24,9,1,1
BRDA:24,10,0,0
BRDA:24,10,1,1
BRDA:35,11,0,0
BRDA:35,11,1,0
BRDA:35,12,0,0
BRDA:35,12,1,0
BRDA:56,13,0,0
BRDA:56,13,1,1
BRDA:71,14,0,0
BRDA:71,14,1,1
BRDA:71,15,0,1
BRDA:71,15,1,1
BRDA:87,16,0,0
BRDA:87,16,1,0
BRDA:87,17,0,0
BRDA:87,17,1,0
BRDA:87,18,0,0
BRDA:87,18,1,0
BRDA:87,19,0,0
BRDA:87,19,1,0
BRDA:87,20,0,0
BRDA:87,20,1,0
BRDA:87,21,0,0
BRDA:87,21,1,0
BRDA:87,22,0,0
BRDA:87,22,1,0
BRDA:88,23,0,0
BRDA:88,23,1,0
BRDA:88,24,0,0
BRDA:88,24,1,0
BRDA:88,25,0,0
BRDA:88,25,1,0
BRDA:88,26,0,0
BRDA:88,26,1,0
BRDA:88,27,0,0
BRDA:88,27,1,0
BRDA:88,28,0,0
BRDA:88,28,1,0
BRDA:88,29,0,0
BRDA:88,29,1,0
BRDA:89,30,0,0
BRDA:89,30,1,0
BRDA:89,30,2,0
BRDA:89,31,0,0
BRDA:89,31,1,0
BRDA:89,32,0,0
BRDA:89,32,1,0
BRDA:90,33,0,0
BRDA:90,33,1,0
BRDA:90,33,2,0
BRDA:90,34,0,0
BRDA:90,34,1,0
BRDA:90,35,0,0
BRDA:90,35,1,0
BRDA:91,36,0,0
BRDA:91,36,1,0
BRDA:91,37,0,0
BRDA:91,37,1,0
BRDA:96,38,0,0
BRDA:96,38,1,0
BRF:80
BRH:18
end_of_record
TN:
SF:src/database/models/blacklist.model.ts
FNF:0
FNH:0
DA:1,7
DA:2,7
DA:4,7
DA:14,7
LF:4
LH:4
BRF:0
BRH:0
end_of_record
TN:
SF:src/database/models/document.model.ts
FNF:0
FNH:0
DA:1,7
DA:2,7
DA:4,7
DA:17,7
LF:4
LH:4
BRF:0
BRH:0
end_of_record
TN:
SF:src/docs/spec.ts
FNF:0
FNH:0
DA:1,7
LF:1
LH:1
BRF:0
BRH:0
end_of_record
TN:
SF:src/middleware/auth.middleware.ts
FN:6,(anonymous_1)
FNF:1
FNH:1
FNDA:10,(anonymous_1)
DA:2,7
DA:3,7
DA:6,7
DA:11,10
DA:12,10
DA:14,10
DA:15,1
DA:18,9
DA:19,9
DA:20,9
DA:21,9
DA:23,0
LF:12
LH:11
BRDA:12,0,0,10
BRDA:12,0,1,9
BRDA:14,1,0,1
BRDA:14,1,1,9
BRF:4
BRH:4
end_of_record
TN:
SF:src/middleware/validation.middleware.ts
FN:4,(anonymous_0)
FNF:1
FNH:1
FNDA:7,(anonymous_0)
DA:2,7
DA:4,7
DA:9,7
DA:10,7
DA:11,0
DA:13,7
LF:6
LH:5
BRDA:10,0,0,0
BRDA:10,0,1,7
BRF:2
BRH:1
end_of_record
TN:
SF:src/ml/services/deepfakeDetection.service.ts
FN:12,(anonymous_10)
FN:31,(anonymous_11)
FNF:2
FNH:2
FNDA:1,(anonymous_10)
FNDA:3,(anonymous_11)
DA:1,8
DA:2,8
DA:3,8
DA:4,8
DA:6,8
DA:8,8
DA:9,8
DA:10,8
DA:13,1
DA:15,1
DA:16,1
DA:18,1
DA:19,0
DA:20,0
DA:22,1
DA:25,1
DA:27,0
DA:32,3
DA:34,3
DA:35,3
DA:38,3
DA:44,2
DA:45,2
DA:46,2
DA:50,2
DA:51,2
DA:52,2
DA:53,2
DA:54,301056
DA:55,301056
DA:56,301056
DA:58,2
DA:59,2
DA:60,2
DA:64,2
DA:65,1
DA:66,1
DA:67,1
DA:69,1
DA:70,1
DA:73,2
DA:82,1
DA:83,1
LF:43
LH:40
BRDA:13,0,0,0
BRDA:13,0,1,1
BRDA:18,1,0,0
BRDA:18,1,1,1
BRDA:35,2,0,0
BRDA:35,2,1,3
BRDA:64,3,0,1
BRDA:64,3,1,1
BRF:8
BRH:5
end_of_record
TN:
SF:src/routes/audit.routes.ts
FN:10,(anonymous_1)
FN:11,(anonymous_2)
FN:35,(anonymous_3)
FN:46,(anonymous_4)
FN:58,(anonymous_5)
FN:63,(anonymous_6)
FNF:6
FNH:0
FNDA:0,(anonymous_1)
FNDA:0,(anonymous_2)
FNDA:0,(anonymous_3)
FNDA:0,(anonymous_4)
FNDA:0,(anonymous_5)
FNDA:0,(anonymous_6)
DA:1,7
DA:2,7
DA:3,7
DA:4,7
DA:5,7
DA:7,7
DA:10,7
DA:11,0
DA:12,0
DA:13,0
DA:14,0
DA:17,0
DA:18,0
DA:19,0
DA:23,0
DA:24,0
DA:25,0
DA:28,0
DA:30,0
DA:35,7
DA:39,0
DA:40,0
DA:41,0
DA:45,0
DA:46,0
DA:49,0
DA:51,0
DA:52,0
DA:54,0
DA:55,0
DA:58,7
DA:59,0
DA:60,0
DA:62,0
DA:63,0
DA:66,0
DA:68,0
DA:69,0
DA:71,0
DA:72,0
DA:75,7
LF:41
LH:10
BRDA:12,0,0,0
BRDA:12,0,1,0
BRDA:17,1,0,0
BRDA:17,1,1,0
BRDA:17,2,0,0
BRDA:17,2,1,0
BRDA:23,3,0,0
BRDA:23,3,1,0
BRDA:23,4,0,0
BRDA:23,4,1,0
BRDA:23,4,2,0
BRDA:40,5,0,0
BRDA:40,5,1,0
BRDA:49,6,0,0
BRDA:49,6,1,0
BRDA:60,7,0,0
BRDA:60,7,1,0
BRDA:66,8,0,0
BRDA:66,8,1,0
BRF:19
BRH:0
end_of_record
TN:
SF:src/routes/auth.routes.ts
FN:57,(anonymous_0)
FNF:1
FNH:1
FNDA:1,(anonymous_0)
DA:1,7
DA:2,7
DA:3,7
DA:4,7
DA:5,7
DA:7,7
DA:10,7
DA:18,7
DA:23,7
DA:28,7
DA:35,7
DA:42,7
DA:49,7
DA:57,7
DA:58,1
DA:61,7
LF:16
LH:16
BRF:0
BRH:0
end_of_record
TN:
SF:src/routes/liveness.routes.ts
FNF:0
FNH:0
DA:1,7
DA:2,7
DA:3,7
DA:4,7
DA:6,7
DA:7,7
DA:9,7
DA:15,7
DA:22,7
DA:28,7
DA:34,7
LF:11
LH:11
BRF:0
BRH:0
end_of_record
TN:
SF:src/routes/ml.routes.ts
FN:11,(anonymous_1)
FN:14,(anonymous_2)
FNF:2
FNH:0
FNDA:0,(anonymous_1)
FNDA:0,(anonymous_2)
DA:1,7
DA:2,7
DA:3,7
DA:4,7
DA:5,7
DA:7,7
DA:10,7
DA:12,0
DA:15,0
DA:16,0
DA:20,7
DA:22,7
DA:29,7
DA:36,7
LF:14
LH:11
BRF:0
BRH:0
end_of_record
TN:
SF:src/routes/ocr.routes.ts
FN:13,(anonymous_1)
FN:16,(anonymous_2)
FN:25,(anonymous_3)
FNF:3
FNH:3
FNDA:3,(anonymous_1)
FNDA:3,(anonymous_2)
FNDA:4,(anonymous_3)
DA:1,7
DA:2,7
DA:3,7
DA:4,7
DA:5,7
DA:6,7
DA:7,7
DA:9,7
DA:12,7
DA:14,3
DA:17,3
DA:18,3
DA:22,7
DA:26,4
DA:27,3
DA:29,1
DA:37,7
DA:45,7
DA:53,7
DA:59,7
LF:20
LH:20
BRDA:26,0,0,3
BRDA:26,0,1,1
BRF:2
BRH:2
end_of_record
TN:
SF:src/routes/validation.routes.ts
FNF:0
FNH:0
DA:1,7
DA:2,7
DA:3,7
DA:4,7
DA:6,7
DA:7,7
DA:9,7
DA:10,7
DA:11,7
DA:12,7
DA:13,7
DA:14,7
DA:16,7
DA:23,7
LF:14
LH:14
BRF:0
BRH:0
end_of_record
TN:
SF:src/services/auth.service.ts
FN:13,(anonymous_1)
FN:16,(anonymous_2)
FN:35,(anonymous_3)
FN:38,(anonymous_4)
FN:68,(anonymous_5)
FN:80,(anonymous_6)
FN:89,(anonymous_7)
FN:97,(anonymous_8)
FN:108,(anonymous_9)
FNF:9
FNH:9
FNDA:4,(anonymous_1)
FNDA:1,(anonymous_2)
FNDA:5,(anonymous_3)
FNDA:5,(anonymous_4)
FNDA:4,(anonymous_5)
FNDA:2,(anonymous_6)
FNDA:2,(anonymous_7)
FNDA:6,(anonymous_8)
FNDA:4,(anonymous_9)
DA:1,8
DA:2,8
DA:3,8
DA:5,8
DA:8,8
DA:9,8
DA:10,8
DA:12,8
DA:14,4
DA:16,4
DA:17,4
DA:18,1
DA:21,3
DA:23,3
DA:31,3
DA:32,3
DA:36,5
DA:38,5
DA:39,5
DA:40,0
DA:43,5
DA:47,5
DA:48,1
DA:51,4
DA:52,4
DA:54,4
DA:56,4
DA:69,4
DA:70,2
DA:73,2
DA:74,2
DA:80,2
DA:81,2
DA:83,2
DA:85,0
DA:90,2
DA:91,2
DA:92,2
DA:94,2
DA:98,6
DA:103,6
DA:109,4
DA:114,4
LF:43
LH:41
BRDA:17,0,0,1
BRDA:17,0,1,3
BRDA:39,1,0,0
BRDA:39,1,1,5
BRDA:47,2,0,1
BRDA:47,2,1,4
BRDA:69,3,0,2
BRDA:69,3,1,2
BRDA:69,4,0,4
BRDA:69,4,1,2
BRDA:81,5,0,0
BRDA:81,5,1,2
BRDA:91,6,0,2
BRDA:91,6,1,0
BRF:14
BRH:11
end_of_record
TN:
SF:src/services/crypto.service.ts
FN:12,(anonymous_1)
FN:24,(anonymous_2)
FN:38,(anonymous_3)
FN:46,(anonymous_4)
FNF:4
FNH:4
FNDA:5,(anonymous_1)
FNDA:3,(anonymous_2)
FNDA:6,(anonymous_3)
FNDA:7,(anonymous_4)
DA:1,19
DA:2,19
DA:3,19
DA:5,19
DA:6,19
DA:8,19
DA:13,5
DA:14,5
DA:15,5
DA:16,5
DA:17,5
DA:18,5
DA:25,3
DA:26,3
DA:27,3
DA:28,3
DA:29,3
DA:30,3
DA:31,3
DA:32,3
DA:39,6
DA:40,6
DA:47,7
LF:23
LH:23
BRF:0
BRH:0
end_of_record
TN:
SF:src/services/imagePreprocessing.service.ts
FN:12,(anonymous_1)
FN:35,(anonymous_2)
FNF:2
FNH:2
FNDA:1,(anonymous_1)
FNDA:2,(anonymous_2)
DA:1,9
DA:4,9
DA:13,1
DA:14,1
DA:17,1
DA:23,1
DA:24,1
DA:28,1
DA:36,2
DA:37,2
DA:39,2
DA:40,0
DA:45,2
DA:46,1
DA:52,1
DA:54,0
LF:16
LH:14
BRDA:23,0,0,1
BRDA:23,0,1,0
BRDA:23,1,0,1
BRDA:23,1,1,1
BRDA:39,2,0,0
BRDA:39,2,1,2
BRDA:39,3,0,2
BRDA:39,3,1,2
BRDA:45,4,0,1
BRDA:45,4,1,1
BRDA:45,5,0,2
BRDA:45,5,1,1
BRF:12
BRH:10
end_of_record
TN:
SF:src/services/liveness.service.ts
FN:20,(anonymous_10)
FN:35,(anonymous_11)
FN:51,(anonymous_12)
FN:55,(anonymous_13)
FN:138,(anonymous_14)
FN:162,(anonymous_15)
FNF:6
FNH:5
FNDA:3,(anonymous_10)
FNDA:7,(anonymous_11)
FNDA:0,(anonymous_12)
FNDA:6,(anonymous_13)
FNDA:8,(anonymous_14)
FNDA:24,(anonymous_15)
DA:1,9
DA:2,9
DA:4,9
DA:5,9
DA:7,9
DA:10,9
DA:12,9
DA:15,9
DA:17,9
DA:18,9
DA:21,3
DA:23,2
DA:24,2
DA:25,2
DA:26,2
DA:27,2
DA:28,2
DA:30,0
DA:31,0
DA:36,7
DA:38,7
DA:47,7
DA:48,7
DA:52,0
DA:56,6
DA:57,6
DA:58,1
DA:61,5
DA:62,0
DA:65,5
DA:67,5
DA:68,5
DA:69,5
DA:71,5
DA:72,1
DA:75,4
DA:76,4
DA:77,4
DA:79,4
DA:80,4
DA:81,4
DA:85,4
DA:89,4
DA:91,4
DA:92,2
DA:93,1
DA:95,1
DA:97,1
DA:98,1
DA:99,1
DA:105,4
DA:106,2
DA:107,2
DA:109,2
DA:110,1
DA:113,2
DA:115,2
DA:116,1
DA:120,4
DA:122,4
DA:133,0
DA:134,0
DA:148,8
DA:149,8
DA:150,8
DA:151,8
DA:152,8
DA:153,8
DA:155,8
DA:156,8
DA:157,8
DA:159,8
DA:163,24
LF:73
LH:67
BRDA:21,0,0,1
BRDA:21,0,1,2
BRDA:36,1,0,7
BRDA:36,1,1,6
BRDA:52,2,0,0
BRDA:52,2,1,0
BRDA:57,3,0,1
BRDA:57,3,1,5
BRDA:61,4,0,0
BRDA:61,4,1,5
BRDA:65,5,0,0
BRDA:65,5,1,5
BRDA:71,6,0,1
BRDA:71,6,1,4
BRDA:91,7,0,2
BRDA:91,7,1,2
BRDA:92,8,0,1
BRDA:92,8,1,1
BRDA:92,9,0,2
BRDA:92,9,1,1
BRDA:95,10,0,1
BRDA:95,10,1,0
BRDA:95,11,0,1
BRDA:95,11,1,1
BRDA:105,12,0,2
BRDA:105,12,1,2
BRDA:109,13,0,1
BRDA:109,13,1,1
BRDA:115,14,0,1
BRDA:115,14,1,1
BRF:30
BRH:25
end_of_record
TN:
SF:src/services/ocr.service.ts
FN:7,(anonymous_1)
FN:36,(anonymous_2)
FN:80,(anonymous_3)
FNF:3
FNH:3
FNDA:1,(anonymous_1)
FNDA:1,(anonymous_2)
FNDA:2,(anonymous_3)
DA:1,8
DA:2,8
DA:4,8
DA:6,8
DA:8,1
DA:10,1
DA:13,1
DA:16,1
DA:18,1
DA:22,1
DA:24,1
DA:31,0
DA:32,0
DA:37,1
DA:43,1
DA:46,1
DA:49,0
DA:51,0
DA:52,0
DA:53,0
DA:55,0
DA:59,0
DA:60,0
DA:66,1
DA:67,0
DA:68,0
DA:69,0
DA:74,1
DA:75,1
DA:80,2
DA:84,1
DA:85,1
DA:86,0
DA:89,1
LF:34
LH:21
BRDA:46,0,0,0
BRDA:46,0,1,1
BRDA:55,1,0,0
BRDA:55,1,1,0
BRDA:55,2,0,0
BRDA:55,2,1,0
BRDA:66,3,0,0
BRDA:66,3,1,1
BRDA:66,4,0,1
BRDA:66,4,1,1
BRDA:68,5,0,0
BRDA:68,5,1,0
BRDA:74,6,0,1
BRDA:74,6,1,0
BRDA:74,7,0,1
BRDA:74,7,1,1
BRDA:85,8,0,0
BRDA:85,8,1,1
BRF:18
BRH:8
end_of_record
TN:
SF:src/services/ocrQueue.service.ts
FN:22,(anonymous_1)
FN:37,(anonymous_2)
FN:42,(anonymous_3)
FNF:3
FNH:0
FNDA:0,(anonymous_1)
FNDA:0,(anonymous_2)
FNDA:0,(anonymous_3)
DA:1,7
DA:2,7
DA:3,7
DA:4,7
DA:10,7
DA:22,7
DA:23,0
DA:24,0
DA:26,0
DA:27,0
DA:28,0
DA:29,0
DA:31,0
DA:32,0
DA:37,7
DA:38,0
DA:42,7
DA:43,0
DA:46,7
LF:19
LH:9
BRF:0
BRH:0
end_of_record
TN:
SF:src/services/llm/scoringEngine.service.ts
FN:20,(anonymous_0)
FNF:1
FNH:1
FNDA:3,(anonymous_0)
DA:19,1
DA:21,3
DA:22,1
DA:29,2
DA:37,2
DA:40,2
DA:46,2
DA:49,2
DA:50,1
DA:51,1
DA:52,1
DA:54,0
DA:57,2
LF:13
LH:12
BRDA:21,0,0,1
BRDA:21,0,1,2
BRDA:49,1,0,1
BRDA:49,1,1,1
BRDA:51,2,0,1
BRDA:51,2,1,0
BRF:6
BRH:5
end_of_record
TN:
SF:src/services/logging/audit.service.ts
FN:16,(anonymous_1)
FN:38,(anonymous_2)
FN:52,(anonymous_3)
FNF:3
FNH:3
FNDA:3,(anonymous_1)
FNDA:2,(anonymous_2)
FNDA:1,(anonymous_3)
DA:1,8
DA:14,8
DA:17,3
DA:29,3
DA:30,1
DA:31,2
DA:32,1
DA:34,1
DA:39,2
DA:49,2
DA:53,1
DA:58,1
LF:12
LH:12
BRDA:21,0,0,3
BRDA:21,0,1,3
BRDA:21,0,2,3
BRDA:21,1,0,3
BRDA:21,1,1,0
BRDA:21,2,0,3
BRDA:21,2,1,3
BRDA:21,3,0,3
BRDA:21,3,1,0
BRDA:21,4,0,3
BRDA:21,4,1,3
BRDA:22,5,0,3
BRDA:22,5,1,0
BRDA:22,6,0,3
BRDA:22,6,1,3
BRDA:23,7,0,3
BRDA:23,7,1,0
BRDA:23,8,0,3
BRDA:23,8,1,3
BRDA:26,9,0,3
BRDA:26,9,1,3
BRDA:29,10,0,1
BRDA:29,10,1,2
BRDA:29,11,0,3
BRDA:29,11,1,3
BRDA:31,12,0,1
BRDA:31,12,1,1
BRDA:43,13,0,2
BRDA:43,13,1,1
BRDA:46,14,0,2
BRDA:46,14,1,1
BRDA:52,15,0,0
BRF:32
BRH:27
end_of_record
TN:
SF:src/services/logging/metrics.service.ts
FN:46,(anonymous_1)
FN:50,(anonymous_2)
FNF:2
FNH:0
FNDA:0,(anonymous_1)
FNDA:0,(anonymous_2)
DA:1,8
DA:4,8
DA:7,8
DA:12,8
DA:17,8
DA:20,8
DA:26,8
DA:29,8
DA:34,8
DA:37,8
DA:42,8
DA:45,8
DA:47,0
DA:51,0
LF:14
LH:12
BRF:0
BRH:0
end_of_record
TN:
SF:src/services/validation/documentRepository.service.ts
FN:15,(anonymous_1)
FN:100,(anonymous_2)
FN:108,(anonymous_3)
FN:120,(anonymous_4)
FNF:4
FNH:3
FNDA:7,(anonymous_1)
FNDA:0,(anonymous_2)
FNDA:2,(anonymous_3)
FNDA:1,(anonymous_4)
DA:1,8
DA:2,8
DA:3,8
DA:4,8
DA:5,8
DA:13,8
DA:21,7
DA:22,7
DA:23,6
DA:24,0
DA:25,1
DA:28,7
DA:29,1
DA:33,6
DA:37,6
DA:38,1
DA:39,1
DA:48,5
DA:50,5
DA:51,5
DA:52,4
DA:57,5
DA:58,4
DA:59,4
DA:61,0
DA:66,1
DA:68,1
DA:70,0
DA:71,0
DA:73,0
DA:74,0
DA:76,1
DA:77,1
DA:80,1
DA:82,1
DA:89,1
DA:91,0
DA:95,0
DA:96,0
DA:101,0
DA:110,2
DA:111,2
DA:114,2
DA:115,2
DA:117,2
DA:126,1
DA:128,1
DA:129,0
DA:132,1
DA:133,1
DA:134,1
DA:137,1
DA:139,0
DA:142,1
DA:144,0
DA:145,0
DA:146,0
DA:149,1
LF:58
LH:43
BRDA:22,0,0,6
BRDA:22,0,1,0
BRDA:22,0,2,1
BRDA:28,1,0,1
BRDA:28,1,1,6
BRDA:37,2,0,1
BRDA:37,2,1,5
BRDA:48,3,0,5
BRDA:48,3,1,5
BRDA:48,3,2,5
BRDA:51,4,0,4
BRDA:51,4,1,1
BRDA:57,5,0,4
BRDA:57,5,1,1
BRDA:58,6,0,4
BRDA:58,6,1,0
BRDA:68,7,0,0
BRDA:68,7,1,0
BRDA:68,7,2,1
BRDA:80,8,0,1
BRDA:80,8,1,0
BRDA:80,9,0,1
BRDA:80,9,1,1
BRDA:80,9,2,1
BRDA:111,10,0,0
BRDA:111,10,1,2
BRDA:115,11,0,0
BRDA:115,11,1,2
BRDA:128,12,0,0
BRDA:128,12,1,1
BRDA:137,13,0,0
BRDA:137,13,1,1
BRDA:137,14,0,1
BRDA:137,14,1,1
BRDA:142,15,0,0
BRDA:142,15,1,1
BRDA:142,16,0,1
BRDA:142,16,1,1
BRDA:151,17,0,1
BRDA:151,17,1,0
BRDA:151,18,0,1
BRDA:151,18,1,1
BRF:42
BRH:31
end_of_record
TN:
SF:src/services/validation/faceMatch.service.ts
FN:6,(anonymous_9)
FN:10,(anonymous_10)
FN:28,(anonymous_11)
FN:36,(anonymous_12)
FN:37,(anonymous_13)
FN:38,(anonymous_14)
FN:42,(anonymous_15)
FN:46,(anonymous_16)
FN:61,(anonymous_17)
FNF:9
FNH:9
FNDA:2,(anonymous_9)
FNDA:2,(anonymous_10)
FNDA:4,(anonymous_11)
FNDA:6,(anonymous_12)
FNDA:38,(anonymous_13)
FNDA:38,(anonymous_14)
FNDA:10,(anonymous_15)
FNDA:2,(anonymous_16)
FNDA:8,(anonymous_17)
DA:1,8
DA:2,8
DA:3,8
DA:5,8
DA:7,2
DA:11,2
DA:13,2
DA:14,2
DA:19,2
DA:20,1
DA:23,1
DA:24,1
DA:27,1
DA:28,4
DA:31,1
DA:32,1
DA:33,1
DA:37,38
DA:38,38
DA:39,6
DA:43,10
DA:47,2
DA:48,2
DA:49,2
DA:50,2
DA:51,2
DA:53,2
DA:54,2
DA:55,2
DA:56,2
DA:57,2
DA:58,2
DA:60,2
DA:61,8
DA:63,2
DA:64,2
DA:65,2
DA:66,2
DA:68,2
LF:39
LH:39
BRDA:19,0,0,1
BRDA:19,0,1,1
BRDA:19,1,0,2
BRDA:19,1,1,1
BRDA:61,2,0,8
BRDA:61,2,1,0
BRF:6
BRH:5
end_of_record
TN:
SF:src/services/validation/mockEntities.service.ts
FN:2,(anonymous_0)
FN:2,(anonymous_1)
FN:9,(anonymous_2)
FN:41,(anonymous_3)
FN:54,(anonymous_4)
FNF:5
FNH:5
FNDA:6,(anonymous_0)
FNDA:6,(anonymous_1)
FNDA:3,(anonymous_2)
FNDA:2,(anonymous_3)
FNDA:1,(anonymous_4)
DA:2,8
DA:4,8
DA:10,3
DA:13,3
DA:15,3
DA:16,1
DA:22,2
DA:23,1
DA:30,1
DA:42,2
DA:44,2
DA:45,1
DA:48,1
DA:55,1
DA:58,1
LF:15
LH:15
BRDA:15,0,0,1
BRDA:15,0,1,2
BRDA:22,1,0,1
BRDA:22,1,1,1
BRDA:44,2,0,1
BRDA:44,2,1,1
BRF:6
BRH:6
end_of_record
TN:
SF:src/utils/logger.ts
FN:7,(anonymous_1)
FNF:1
FNH:1
FNDA:118,(anonymous_1)
DA:1,17
DA:2,17
DA:3,17
DA:4,17
DA:7,17
DA:8,118
DA:9,1
DA:11,118
DA:13,1
DA:14,1
DA:16,118
DA:19,17
DA:52,17
LF:13
LH:13
BRDA:8,0,0,1
BRDA:8,0,1,117
BRDA:8,1,0,118
BRDA:8,1,1,1
BRDA:11,2,0,1
BRDA:11,2,1,117
BRDA:11,3,0,118
BRDA:11,3,1,1
BRF:8
BRH:8
end_of_record
TN:
SF:src/utils/validation/documentAlgorithms.utils.ts
FN:11,(anonymous_0)
FN:36,(anonymous_1)
FN:58,(anonymous_2)
FN:66,(anonymous_3)
FNF:4
FNH:4
FNDA:11,(anonymous_0)
FNDA:2,(anonymous_1)
FNDA:3,(anonymous_2)
FNDA:2,(anonymous_3)
DA:1,9
DA:13,11
DA:17,7
DA:29,7
DA:37,2
DA:38,2
DA:40,2
DA:41,2
DA:44,2
DA:48,2
DA:51,0
DA:60,3
DA:67,2
DA:68,2
DA:69,2
DA:70,22
DA:72,22
DA:73,10
DA:76,22
DA:77,22
DA:79,2
LF:21
LH:20
BRDA:13,0,0,4
BRDA:13,0,1,7
BRDA:38,1,0,0
BRDA:38,1,1,2
BRDA:44,2,0,2
BRDA:44,2,1,0
BRDA:44,3,0,2
BRDA:44,3,1,0
BRDA:48,4,0,2
BRDA:48,4,1,2
BRDA:72,5,0,10
BRDA:72,5,1,12
BRDA:73,6,0,4
BRDA:73,6,1,6
BRF:14
BRH:11
end_of_record
